[ 2015-06-05T22:04:54+08:00 ] 127.0.0.1 /index.php/Home/Users/checkUserName
INFO: [ app_init ] --START--
INFO: Run Behavior\BuildLiteBehavior [ RunTime:0.000032s ]
INFO: [ app_init ] --END-- [ RunTime:0.094358s ]
INFO: [ app_begin ] --START--
INFO: Run Behavior\ReadHtmlCacheBehavior [ RunTime:0.014615s ]
INFO: [ app_begin ] --END-- [ RunTime:0.014728s ]
SQL: SELECT `user_id` FROM `users` WHERE ( user_name = 'lajigao' )  [ RunTime:0.8883s ]

[ 2015-06-05T22:06:40+08:00 ] 127.0.0.1 /index.php/Home/Users/checkUserName
INFO: [ app_init ] --START--
INFO: Run Behavior\BuildLiteBehavior [ RunTime:0.000023s ]
INFO: [ app_init ] --END-- [ RunTime:0.000559s ]
INFO: [ app_begin ] --START--
INFO: Run Behavior\ReadHtmlCacheBehavior [ RunTime:0.000756s ]
INFO: [ app_begin ] --END-- [ RunTime:0.000849s ]
SQL: SELECT `user_id` FROM `users` WHERE ( user_name = '' )  [ RunTime:0.0007s ]

[ 2015-06-05T22:07:23+08:00 ] 127.0.0.1 /index.php/Home/Users/checkUserName
INFO: [ app_init ] --START--
INFO: Run Behavior\BuildLiteBehavior [ RunTime:0.000019s ]
INFO: [ app_init ] --END-- [ RunTime:0.000572s ]
INFO: [ app_begin ] --START--
INFO: Run Behavior\ReadHtmlCacheBehavior [ RunTime:0.000891s ]
INFO: [ app_begin ] --END-- [ RunTime:0.000991s ]
SQL: SELECT `user_id` FROM `users` WHERE ( user_name = 'line ' )  [ RunTime:0.0009s ]

[ 2015-06-05T22:27:30+08:00 ] 127.0.0.1 /index.php/Home/Users/checkLogin
INFO: [ app_init ] --START--
INFO: Run Behavior\BuildLiteBehavior [ RunTime:0.000022s ]
INFO: [ app_init ] --END-- [ RunTime:0.000600s ]
INFO: [ app_begin ] --START--
INFO: Run Behavior\ReadHtmlCacheBehavior [ RunTime:0.000822s ]
INFO: [ app_begin ] --END-- [ RunTime:0.000909s ]
SQL: SELECT * FROM `users` WHERE ( user_name= 'lajigao ' and user_pwd = 'f6c8575e2e3c087e10d0618b1d35d13d'  )  [ RunTime:0.1842s ]
SQL: UPDATE `users` SET `user_state`='1' WHERE ( user_id = 2 ) [ RunTime:0.6640s ]

[ 2015-06-05T22:27:30+08:00 ] 127.0.0.1 /index.php/Home/Users/getUserInfo
INFO: [ app_init ] --START--
INFO: Run Behavior\BuildLiteBehavior [ RunTime:0.000022s ]
INFO: [ app_init ] --END-- [ RunTime:0.000551s ]
INFO: [ app_begin ] --START--
INFO: Run Behavior\ReadHtmlCacheBehavior [ RunTime:0.000746s ]
INFO: [ app_begin ] --END-- [ RunTime:0.000843s ]
SQL: SELECT * FROM `users` WHERE ( user_name = 'lajigao ' )  [ RunTime:0.0006s ]
INFO: [ app_end ] --START--
INFO: Run Behavior\ShowPageTraceBehavior [ RunTime:0.019681s ]
INFO: [ app_end ] --END-- [ RunTime:0.019822s ]

[ 2015-06-05T22:27:32+08:00 ] 127.0.0.1 /index.php/Home/Friends/getOnlineFriends
INFO: [ app_init ] --START--
INFO: Run Behavior\BuildLiteBehavior [ RunTime:0.000023s ]
INFO: [ app_init ] --END-- [ RunTime:0.000557s ]
INFO: [ app_begin ] --START--
INFO: Run Behavior\ReadHtmlCacheBehavior [ RunTime:0.000714s ]
INFO: [ app_begin ] --END-- [ RunTime:0.000805s ]
SQL: SHOW COLUMNS FROM `friends` [ RunTime:0.9820s ]
SQL: select * from users where user_state = 1 and user_id in(select f.friend_user_id from users u1 join friends f on u1.user_id = f.user_id where u1.user_id = 2) [ RunTime:0.2861s ]
INFO: [ app_end ] --START--
INFO: Run Behavior\ShowPageTraceBehavior [ RunTime:0.000818s ]
INFO: [ app_end ] --END-- [ RunTime:0.000913s ]

[ 2015-06-05T22:27:33+08:00 ] 127.0.0.1 /index.php/Home/Friends/getAllFriends
INFO: [ app_init ] --START--
INFO: Run Behavior\BuildLiteBehavior [ RunTime:0.000017s ]
INFO: [ app_init ] --END-- [ RunTime:0.000523s ]
INFO: [ app_begin ] --START--
INFO: Run Behavior\ReadHtmlCacheBehavior [ RunTime:0.000578s ]
INFO: [ app_begin ] --END-- [ RunTime:0.000644s ]
SQL: SHOW COLUMNS FROM `friends` [ RunTime:0.2112s ]
SQL: select * from users where user_id in(select f.friend_user_id from users u1 join friends f on u1.user_id = f.user_id where u1.user_id = 2) [ RunTime:0.0039s ]
INFO: [ app_end ] --START--
INFO: Run Behavior\ShowPageTraceBehavior [ RunTime:0.001083s ]
INFO: [ app_end ] --END-- [ RunTime:0.001179s ]

[ 2015-06-05T22:27:33+08:00 ] 127.0.0.1 /index.php/Home/Content/getMessage
INFO: [ app_init ] --START--
INFO: Run Behavior\BuildLiteBehavior [ RunTime:0.000015s ]
INFO: [ app_init ] --END-- [ RunTime:0.000359s ]
INFO: [ app_begin ] --START--
INFO: Run Behavior\ReadHtmlCacheBehavior [ RunTime:0.000493s ]
INFO: [ app_begin ] --END-- [ RunTime:0.000559s ]
SQL: SHOW COLUMNS FROM `content` [ RunTime:0.1238s ]
SQL: select u1.user_id,u2.user_id,u2.user_name,c.content_message,c.content_time from users u1 join content c on u1.user_id = c.content_sender_id join users u2 on c.content_Receiver_id = u2.user_id where u2.user_id = 2 and c.content_state = 0 order by u2.user_id; [ RunTime:0.1169s ]
INFO: [ app_end ] --START--
INFO: Run Behavior\ShowPageTraceBehavior [ RunTime:0.002110s ]
INFO: [ app_end ] --END-- [ RunTime:0.002325s ]

[ 2015-06-05T22:27:33+08:00 ] 127.0.0.1 /index.php/Home/Content/getMessage
INFO: [ app_init ] --START--
INFO: Run Behavior\BuildLiteBehavior [ RunTime:0.000021s ]
INFO: [ app_init ] --END-- [ RunTime:0.000625s ]
INFO: [ app_begin ] --START--
INFO: Run Behavior\ReadHtmlCacheBehavior [ RunTime:0.000627s ]
INFO: [ app_begin ] --END-- [ RunTime:0.000701s ]
SQL: SHOW COLUMNS FROM `content` [ RunTime:0.2366s ]
SQL: select u1.user_id,u2.user_id,u2.user_name,c.content_message,c.content_time from users u1 join content c on u1.user_id = c.content_sender_id join users u2 on c.content_Receiver_id = u2.user_id where u2.user_id = 2 and c.content_state = 0 order by u2.user_id; [ RunTime:0.0018s ]
INFO: [ app_end ] --START--
INFO: Run Behavior\ShowPageTraceBehavior [ RunTime:0.002263s ]
INFO: [ app_end ] --END-- [ RunTime:0.002481s ]

[ 2015-06-05T22:27:34+08:00 ] 127.0.0.1 /index.php/Home/Content/getMessage
INFO: [ app_init ] --START--
INFO: Run Behavior\BuildLiteBehavior [ RunTime:0.000016s ]
INFO: [ app_init ] --END-- [ RunTime:0.000451s ]
INFO: [ app_begin ] --START--
INFO: Run Behavior\ReadHtmlCacheBehavior [ RunTime:0.000634s ]
INFO: [ app_begin ] --END-- [ RunTime:0.000705s ]
SQL: SHOW COLUMNS FROM `content` [ RunTime:0.0375s ]
SQL: select u1.user_id,u2.user_id,u2.user_name,c.content_message,c.content_time from users u1 join content c on u1.user_id = c.content_sender_id join users u2 on c.content_Receiver_id = u2.user_id where u2.user_id = 2 and c.content_state = 0 order by u2.user_id; [ RunTime:0.0009s ]
INFO: [ app_end ] --START--
INFO: Run Behavior\ShowPageTraceBehavior [ RunTime:0.000625s ]
INFO: [ app_end ] --END-- [ RunTime:0.000680s ]

[ 2015-06-05T22:27:35+08:00 ] 127.0.0.1 /index.php/Home/Content/getMessage
INFO: [ app_init ] --START--
INFO: Run Behavior\BuildLiteBehavior [ RunTime:0.000028s ]
INFO: [ app_init ] --END-- [ RunTime:0.000671s ]
INFO: [ app_begin ] --START--
INFO: Run Behavior\ReadHtmlCacheBehavior [ RunTime:0.000916s ]
INFO: [ app_begin ] --END-- [ RunTime:0.001029s ]
SQL: SHOW COLUMNS FROM `content` [ RunTime:0.0144s ]
SQL: select u1.user_id,u2.user_id,u2.user_name,c.content_message,c.content_time from users u1 join content c on u1.user_id = c.content_sender_id join users u2 on c.content_Receiver_id = u2.user_id where u2.user_id = 2 and c.content_state = 0 order by u2.user_id; [ RunTime:0.0006s ]
INFO: [ app_end ] --START--
INFO: Run Behavior\ShowPageTraceBehavior [ RunTime:0.000910s ]
INFO: [ app_end ] --END-- [ RunTime:0.000998s ]

[ 2015-06-05T22:27:35+08:00 ] 127.0.0.1 /index.php/Home/Friends/getOnlineFriends
INFO: [ app_init ] --START--
INFO: Run Behavior\BuildLiteBehavior [ RunTime:0.000023s ]
INFO: [ app_init ] --END-- [ RunTime:0.000549s ]
INFO: [ app_begin ] --START--
INFO: Run Behavior\ReadHtmlCacheBehavior [ RunTime:0.000743s ]
INFO: [ app_begin ] --END-- [ RunTime:0.000836s ]
SQL: SHOW COLUMNS FROM `friends` [ RunTime:0.0143s ]
SQL: select * from users where user_state = 1 and user_id in(select f.friend_user_id from users u1 join friends f on u1.user_id = f.user_id where u1.user_id = 2) [ RunTime:0.0206s ]
INFO: [ app_end ] --START--
INFO: Run Behavior\ShowPageTraceBehavior [ RunTime:0.000925s ]
INFO: [ app_end ] --END-- [ RunTime:0.001016s ]

[ 2015-06-05T22:27:36+08:00 ] 127.0.0.1 /index.php/Home/Content/getMessage
INFO: [ app_init ] --START--
INFO: Run Behavior\BuildLiteBehavior [ RunTime:0.000024s ]
INFO: [ app_init ] --END-- [ RunTime:0.000587s ]
INFO: [ app_begin ] --START--
INFO: Run Behavior\ReadHtmlCacheBehavior [ RunTime:0.000740s ]
INFO: [ app_begin ] --END-- [ RunTime:0.000839s ]
SQL: SHOW COLUMNS FROM `content` [ RunTime:0.0236s ]
SQL: select u1.user_id,u2.user_id,u2.user_name,c.content_message,c.content_time from users u1 join content c on u1.user_id = c.content_sender_id join users u2 on c.content_Receiver_id = u2.user_id where u2.user_id = 2 and c.content_state = 0 order by u2.user_id; [ RunTime:0.0007s ]
INFO: [ app_end ] --START--
INFO: Run Behavior\ShowPageTraceBehavior [ RunTime:0.000927s ]
INFO: [ app_end ] --END-- [ RunTime:0.001017s ]

[ 2015-06-05T22:27:37+08:00 ] 127.0.0.1 /index.php/Home/Content/getMessage
INFO: [ app_init ] --START--
INFO: Run Behavior\BuildLiteBehavior [ RunTime:0.000018s ]
INFO: [ app_init ] --END-- [ RunTime:0.000531s ]
INFO: [ app_begin ] --START--
INFO: Run Behavior\ReadHtmlCacheBehavior [ RunTime:0.000725s ]
INFO: [ app_begin ] --END-- [ RunTime:0.000806s ]
SQL: SHOW COLUMNS FROM `content` [ RunTime:0.0669s ]
SQL: select u1.user_id,u2.user_id,u2.user_name,c.content_message,c.content_time from users u1 join content c on u1.user_id = c.content_sender_id join users u2 on c.content_Receiver_id = u2.user_id where u2.user_id = 2 and c.content_state = 0 order by u2.user_id; [ RunTime:0.0006s ]
INFO: [ app_end ] --START--
INFO: Run Behavior\ShowPageTraceBehavior [ RunTime:0.000901s ]
INFO: [ app_end ] --END-- [ RunTime:0.000988s ]

[ 2015-06-05T22:27:37+08:00 ] 127.0.0.1 /index.php/Home/Friends/getAllFriends
INFO: [ app_init ] --START--
INFO: Run Behavior\BuildLiteBehavior [ RunTime:0.000021s ]
INFO: [ app_init ] --END-- [ RunTime:0.000569s ]
INFO: [ app_begin ] --START--
INFO: Run Behavior\ReadHtmlCacheBehavior [ RunTime:0.000762s ]
INFO: [ app_begin ] --END-- [ RunTime:0.000855s ]
SQL: SHOW COLUMNS FROM `friends` [ RunTime:0.0112s ]
SQL: select * from users where user_id in(select f.friend_user_id from users u1 join friends f on u1.user_id = f.user_id where u1.user_id = 2) [ RunTime:0.0009s ]
INFO: [ app_end ] --START--
INFO: Run Behavior\ShowPageTraceBehavior [ RunTime:0.000895s ]
INFO: [ app_end ] --END-- [ RunTime:0.000983s ]

[ 2015-06-05T22:27:38+08:00 ] 127.0.0.1 /index.php/Home/Content/getMessage
INFO: [ app_init ] --START--
INFO: Run Behavior\BuildLiteBehavior [ RunTime:0.000021s ]
INFO: [ app_init ] --END-- [ RunTime:0.000459s ]
INFO: [ app_begin ] --START--
INFO: Run Behavior\ReadHtmlCacheBehavior [ RunTime:0.000769s ]
INFO: [ app_begin ] --END-- [ RunTime:0.000862s ]
SQL: SHOW COLUMNS FROM `content` [ RunTime:0.0157s ]
SQL: select u1.user_id,u2.user_id,u2.user_name,c.content_message,c.content_time from users u1 join content c on u1.user_id = c.content_sender_id join users u2 on c.content_Receiver_id = u2.user_id where u2.user_id = 2 and c.content_state = 0 order by u2.user_id; [ RunTime:0.0009s ]
INFO: [ app_end ] --START--
INFO: Run Behavior\ShowPageTraceBehavior [ RunTime:0.000916s ]
INFO: [ app_end ] --END-- [ RunTime:0.001009s ]

[ 2015-06-05T22:27:39+08:00 ] 127.0.0.1 /index.php/Home/Content/getMessage
INFO: [ app_init ] --START--
INFO: Run Behavior\BuildLiteBehavior [ RunTime:0.000023s ]
INFO: [ app_init ] --END-- [ RunTime:0.000567s ]
INFO: [ app_begin ] --START--
INFO: Run Behavior\ReadHtmlCacheBehavior [ RunTime:0.000741s ]
INFO: [ app_begin ] --END-- [ RunTime:0.000836s ]
SQL: SHOW COLUMNS FROM `content` [ RunTime:0.0261s ]
SQL: select u1.user_id,u2.user_id,u2.user_name,c.content_message,c.content_time from users u1 join content c on u1.user_id = c.content_sender_id join users u2 on c.content_Receiver_id = u2.user_id where u2.user_id = 2 and c.content_state = 0 order by u2.user_id; [ RunTime:0.0011s ]
INFO: [ app_end ] --START--
INFO: Run Behavior\ShowPageTraceBehavior [ RunTime:0.000800s ]
INFO: [ app_end ] --END-- [ RunTime:0.000869s ]

[ 2015-06-05T22:27:40+08:00 ] 127.0.0.1 /index.php/Home/Content/getMessage
INFO: [ app_init ] --START--
INFO: Run Behavior\BuildLiteBehavior [ RunTime:0.000021s ]
INFO: [ app_init ] --END-- [ RunTime:0.000615s ]
INFO: [ app_begin ] --START--
INFO: Run Behavior\ReadHtmlCacheBehavior [ RunTime:0.000798s ]
INFO: [ app_begin ] --END-- [ RunTime:0.000868s ]
SQL: SHOW COLUMNS FROM `content` [ RunTime:0.0121s ]
SQL: select u1.user_id,u2.user_id,u2.user_name,c.content_message,c.content_time from users u1 join content c on u1.user_id = c.content_sender_id join users u2 on c.content_Receiver_id = u2.user_id where u2.user_id = 2 and c.content_state = 0 order by u2.user_id; [ RunTime:0.0005s ]
INFO: [ app_end ] --START--
INFO: Run Behavior\ShowPageTraceBehavior [ RunTime:0.000623s ]
INFO: [ app_end ] --END-- [ RunTime:0.000677s ]

[ 2015-06-05T22:27:41+08:00 ] 127.0.0.1 /index.php/Home/Content/getMessage
INFO: [ app_init ] --START--
INFO: Run Behavior\BuildLiteBehavior [ RunTime:0.000013s ]
INFO: [ app_init ] --END-- [ RunTime:0.000354s ]
INFO: [ app_begin ] --START--
INFO: Run Behavior\ReadHtmlCacheBehavior [ RunTime:0.000463s ]
INFO: [ app_begin ] --END-- [ RunTime:0.000518s ]
SQL: SHOW COLUMNS FROM `content` [ RunTime:0.0253s ]
SQL: select u1.user_id,u2.user_id,u2.user_name,c.content_message,c.content_time from users u1 join content c on u1.user_id = c.content_sender_id join users u2 on c.content_Receiver_id = u2.user_id where u2.user_id = 2 and c.content_state = 0 order by u2.user_id; [ RunTime:0.0009s ]
INFO: [ app_end ] --START--
INFO: Run Behavior\ShowPageTraceBehavior [ RunTime:0.000656s ]
INFO: [ app_end ] --END-- [ RunTime:0.000711s ]

[ 2015-06-05T22:27:42+08:00 ] 127.0.0.1 /index.php/Home/Content/getMessage
INFO: [ app_init ] --START--
INFO: Run Behavior\BuildLiteBehavior [ RunTime:0.000018s ]
INFO: [ app_init ] --END-- [ RunTime:0.000364s ]
INFO: [ app_begin ] --START--
INFO: Run Behavior\ReadHtmlCacheBehavior [ RunTime:0.000470s ]
INFO: [ app_begin ] --END-- [ RunTime:0.000524s ]
SQL: SHOW COLUMNS FROM `content` [ RunTime:0.0385s ]
SQL: select u1.user_id,u2.user_id,u2.user_name,c.content_message,c.content_time from users u1 join content c on u1.user_id = c.content_sender_id join users u2 on c.content_Receiver_id = u2.user_id where u2.user_id = 2 and c.content_state = 0 order by u2.user_id; [ RunTime:0.0008s ]
INFO: [ app_end ] --START--
INFO: Run Behavior\ShowPageTraceBehavior [ RunTime:0.000918s ]
INFO: [ app_end ] --END-- [ RunTime:0.001010s ]

[ 2015-06-05T22:27:43+08:00 ] 127.0.0.1 /index.php/Home/Content/getMessage
INFO: [ app_init ] --START--
INFO: Run Behavior\BuildLiteBehavior [ RunTime:0.000021s ]
INFO: [ app_init ] --END-- [ RunTime:0.000547s ]
INFO: [ app_begin ] --START--
INFO: Run Behavior\ReadHtmlCacheBehavior [ RunTime:0.000746s ]
INFO: [ app_begin ] --END-- [ RunTime:0.000837s ]
SQL: SHOW COLUMNS FROM `content` [ RunTime:0.0147s ]
SQL: select u1.user_id,u2.user_id,u2.user_name,c.content_message,c.content_time from users u1 join content c on u1.user_id = c.content_sender_id join users u2 on c.content_Receiver_id = u2.user_id where u2.user_id = 2 and c.content_state = 0 order by u2.user_id; [ RunTime:0.0007s ]
INFO: [ app_end ] --START--
INFO: Run Behavior\ShowPageTraceBehavior [ RunTime:0.000899s ]
INFO: [ app_end ] --END-- [ RunTime:0.000993s ]

[ 2015-06-05T22:27:44+08:00 ] 127.0.0.1 /index.php/Home/Content/getMessage
INFO: [ app_init ] --START--
INFO: Run Behavior\BuildLiteBehavior [ RunTime:0.000021s ]
INFO: [ app_init ] --END-- [ RunTime:0.000554s ]
INFO: [ app_begin ] --START--
INFO: Run Behavior\ReadHtmlCacheBehavior [ RunTime:0.000725s ]
INFO: [ app_begin ] --END-- [ RunTime:0.000811s ]
SQL: SHOW COLUMNS FROM `content` [ RunTime:0.0198s ]
SQL: select u1.user_id,u2.user_id,u2.user_name,c.content_message,c.content_time from users u1 join content c on u1.user_id = c.content_sender_id join users u2 on c.content_Receiver_id = u2.user_id where u2.user_id = 2 and c.content_state = 0 order by u2.user_id; [ RunTime:0.0008s ]
INFO: [ app_end ] --START--
INFO: Run Behavior\ShowPageTraceBehavior [ RunTime:0.000881s ]
INFO: [ app_end ] --END-- [ RunTime:0.000981s ]

[ 2015-06-05T22:27:46+08:00 ] 127.0.0.1 /index.php/Home/Content/getMessage
INFO: [ app_init ] --START--
INFO: Run Behavior\BuildLiteBehavior [ RunTime:0.000023s ]
INFO: [ app_init ] --END-- [ RunTime:0.000531s ]
INFO: [ app_begin ] --START--
INFO: Run Behavior\ReadHtmlCacheBehavior [ RunTime:0.000738s ]
INFO: [ app_begin ] --END-- [ RunTime:0.000833s ]
SQL: SHOW COLUMNS FROM `content` [ RunTime:0.0145s ]
SQL: select u1.user_id,u2.user_id,u2.user_name,c.content_message,c.content_time from users u1 join content c on u1.user_id = c.content_sender_id join users u2 on c.content_Receiver_id = u2.user_id where u2.user_id = 2 and c.content_state = 0 order by u2.user_id; [ RunTime:0.0007s ]
INFO: [ app_end ] --START--
INFO: Run Behavior\ShowPageTraceBehavior [ RunTime:0.000911s ]
INFO: [ app_end ] --END-- [ RunTime:0.001000s ]

[ 2015-06-05T22:27:47+08:00 ] 127.0.0.1 /index.php/Home/Content/getMessage
INFO: [ app_init ] --START--
INFO: Run Behavior\BuildLiteBehavior [ RunTime:0.000020s ]
INFO: [ app_init ] --END-- [ RunTime:0.000543s ]
INFO: [ app_begin ] --START--
INFO: Run Behavior\ReadHtmlCacheBehavior [ RunTime:0.000769s ]
INFO: [ app_begin ] --END-- [ RunTime:0.000866s ]
SQL: SHOW COLUMNS FROM `content` [ RunTime:0.0125s ]
SQL: select u1.user_id,u2.user_id,u2.user_name,c.content_message,c.content_time from users u1 join content c on u1.user_id = c.content_sender_id join users u2 on c.content_Receiver_id = u2.user_id where u2.user_id = 2 and c.content_state = 0 order by u2.user_id; [ RunTime:0.0005s ]
INFO: [ app_end ] --START--
INFO: Run Behavior\ShowPageTraceBehavior [ RunTime:0.000616s ]
INFO: [ app_end ] --END-- [ RunTime:0.000669s ]

[ 2015-06-05T22:27:47+08:00 ] 127.0.0.1 /index.php/Home/Content/getMessage
INFO: [ app_init ] --START--
INFO: Run Behavior\BuildLiteBehavior [ RunTime:0.000014s ]
INFO: [ app_init ] --END-- [ RunTime:0.000362s ]
INFO: [ app_begin ] --START--
INFO: Run Behavior\ReadHtmlCacheBehavior [ RunTime:0.000516s ]
INFO: [ app_begin ] --END-- [ RunTime:0.000584s ]
SQL: SHOW COLUMNS FROM `content` [ RunTime:0.0081s ]
SQL: select u1.user_id,u2.user_id,u2.user_name,c.content_message,c.content_time from users u1 join content c on u1.user_id = c.content_sender_id join users u2 on c.content_Receiver_id = u2.user_id where u2.user_id = 2 and c.content_state = 0 order by u2.user_id; [ RunTime:0.0008s ]
INFO: [ app_end ] --START--
INFO: Run Behavior\ShowPageTraceBehavior [ RunTime:0.000660s ]
INFO: [ app_end ] --END-- [ RunTime:0.000722s ]

[ 2015-06-05T22:27:49+08:00 ] 127.0.0.1 /index.php/Home/Content/getMessage
INFO: [ app_init ] --START--
INFO: Run Behavior\BuildLiteBehavior [ RunTime:0.000014s ]
INFO: [ app_init ] --END-- [ RunTime:0.000351s ]
INFO: [ app_begin ] --START--
INFO: Run Behavior\ReadHtmlCacheBehavior [ RunTime:0.000502s ]
INFO: [ app_begin ] --END-- [ RunTime:0.000555s ]
SQL: SHOW COLUMNS FROM `content` [ RunTime:0.0120s ]
SQL: select u1.user_id,u2.user_id,u2.user_name,c.content_message,c.content_time from users u1 join content c on u1.user_id = c.content_sender_id join users u2 on c.content_Receiver_id = u2.user_id where u2.user_id = 2 and c.content_state = 0 order by u2.user_id; [ RunTime:0.0006s ]
INFO: [ app_end ] --START--
INFO: Run Behavior\ShowPageTraceBehavior [ RunTime:0.000666s ]
INFO: [ app_end ] --END-- [ RunTime:0.000728s ]

[ 2015-06-05T22:27:50+08:00 ] 127.0.0.1 /index.php/Home/Content/getMessage
INFO: [ app_init ] --START--
INFO: Run Behavior\BuildLiteBehavior [ RunTime:0.000014s ]
INFO: [ app_init ] --END-- [ RunTime:0.000366s ]
INFO: [ app_begin ] --START--
INFO: Run Behavior\ReadHtmlCacheBehavior [ RunTime:0.000572s ]
INFO: [ app_begin ] --END-- [ RunTime:0.000630s ]
SQL: SHOW COLUMNS FROM `content` [ RunTime:0.0163s ]
SQL: select u1.user_id,u2.user_id,u2.user_name,c.content_message,c.content_time from users u1 join content c on u1.user_id = c.content_sender_id join users u2 on c.content_Receiver_id = u2.user_id where u2.user_id = 2 and c.content_state = 0 order by u2.user_id; [ RunTime:0.0006s ]
INFO: [ app_end ] --START--
INFO: Run Behavior\ShowPageTraceBehavior [ RunTime:0.000850s ]
INFO: [ app_end ] --END-- [ RunTime:0.000930s ]

[ 2015-06-05T22:27:50+08:00 ] 127.0.0.1 /index.php/Home/Content/getMessage
INFO: [ app_init ] --START--
INFO: Run Behavior\BuildLiteBehavior [ RunTime:0.000015s ]
INFO: [ app_init ] --END-- [ RunTime:0.000357s ]
INFO: [ app_begin ] --START--
INFO: Run Behavior\ReadHtmlCacheBehavior [ RunTime:0.000474s ]
INFO: [ app_begin ] --END-- [ RunTime:0.000529s ]
SQL: SHOW COLUMNS FROM `content` [ RunTime:0.0123s ]
SQL: select u1.user_id,u2.user_id,u2.user_name,c.content_message,c.content_time from users u1 join content c on u1.user_id = c.content_sender_id join users u2 on c.content_Receiver_id = u2.user_id where u2.user_id = 2 and c.content_state = 0 order by u2.user_id; [ RunTime:0.0009s ]
INFO: [ app_end ] --START--
INFO: Run Behavior\ShowPageTraceBehavior [ RunTime:0.000942s ]
INFO: [ app_end ] --END-- [ RunTime:0.001036s ]

[ 2015-06-05T22:27:52+08:00 ] 127.0.0.1 /index.php/Home/Content/getMessage
INFO: [ app_init ] --START--
INFO: Run Behavior\BuildLiteBehavior [ RunTime:0.000022s ]
INFO: [ app_init ] --END-- [ RunTime:0.000466s ]
INFO: [ app_begin ] --START--
INFO: Run Behavior\ReadHtmlCacheBehavior [ RunTime:0.000513s ]
INFO: [ app_begin ] --END-- [ RunTime:0.000596s ]
SQL: SHOW COLUMNS FROM `content` [ RunTime:0.0318s ]
SQL: select u1.user_id,u2.user_id,u2.user_name,c.content_message,c.content_time from users u1 join content c on u1.user_id = c.content_sender_id join users u2 on c.content_Receiver_id = u2.user_id where u2.user_id = 2 and c.content_state = 0 order by u2.user_id; [ RunTime:0.0017s ]
INFO: [ app_end ] --START--
INFO: Run Behavior\ShowPageTraceBehavior [ RunTime:0.000919s ]
INFO: [ app_end ] --END-- [ RunTime:0.001059s ]

[ 2015-06-05T22:27:53+08:00 ] 127.0.0.1 /index.php/Home/Content/getMessage
INFO: [ app_init ] --START--
INFO: Run Behavior\BuildLiteBehavior [ RunTime:0.000019s ]
INFO: [ app_init ] --END-- [ RunTime:0.000566s ]
INFO: [ app_begin ] --START--
INFO: Run Behavior\ReadHtmlCacheBehavior [ RunTime:0.000779s ]
INFO: [ app_begin ] --END-- [ RunTime:0.000883s ]
SQL: SHOW COLUMNS FROM `content` [ RunTime:0.0170s ]
SQL: select u1.user_id,u2.user_id,u2.user_name,c.content_message,c.content_time from users u1 join content c on u1.user_id = c.content_sender_id join users u2 on c.content_Receiver_id = u2.user_id where u2.user_id = 2 and c.content_state = 0 order by u2.user_id; [ RunTime:0.0006s ]
INFO: [ app_end ] --START--
INFO: Run Behavior\ShowPageTraceBehavior [ RunTime:0.000690s ]
INFO: [ app_end ] --END-- [ RunTime:0.000767s ]

[ 2015-06-05T22:27:54+08:00 ] 127.0.0.1 /index.php/Home/Content/getMessage
INFO: [ app_init ] --START--
INFO: Run Behavior\BuildLiteBehavior [ RunTime:0.000023s ]
INFO: [ app_init ] --END-- [ RunTime:0.000614s ]
INFO: [ app_begin ] --START--
INFO: Run Behavior\ReadHtmlCacheBehavior [ RunTime:0.000743s ]
INFO: [ app_begin ] --END-- [ RunTime:0.000856s ]
SQL: SHOW COLUMNS FROM `content` [ RunTime:0.0225s ]
SQL: select u1.user_id,u2.user_id,u2.user_name,c.content_message,c.content_time from users u1 join content c on u1.user_id = c.content_sender_id join users u2 on c.content_Receiver_id = u2.user_id where u2.user_id = 2 and c.content_state = 0 order by u2.user_id; [ RunTime:0.0011s ]
INFO: [ app_end ] --START--
INFO: Run Behavior\ShowPageTraceBehavior [ RunTime:0.001383s ]
INFO: [ app_end ] --END-- [ RunTime:0.001532s ]

[ 2015-06-05T22:27:55+08:00 ] 127.0.0.1 /index.php/Home/Content/getMessage
INFO: [ app_init ] --START--
INFO: Run Behavior\BuildLiteBehavior [ RunTime:0.000019s ]
INFO: [ app_init ] --END-- [ RunTime:0.000530s ]
INFO: [ app_begin ] --START--
INFO: Run Behavior\ReadHtmlCacheBehavior [ RunTime:0.000766s ]
INFO: [ app_begin ] --END-- [ RunTime:0.000845s ]
SQL: SHOW COLUMNS FROM `content` [ RunTime:0.0280s ]
SQL: select u1.user_id,u2.user_id,u2.user_name,c.content_message,c.content_time from users u1 join content c on u1.user_id = c.content_sender_id join users u2 on c.content_Receiver_id = u2.user_id where u2.user_id = 2 and c.content_state = 0 order by u2.user_id; [ RunTime:0.0013s ]
INFO: [ app_end ] --START--
INFO: Run Behavior\ShowPageTraceBehavior [ RunTime:0.001535s ]
INFO: [ app_end ] --END-- [ RunTime:0.001729s ]

[ 2015-06-05T22:27:56+08:00 ] 127.0.0.1 /index.php/Home/Content/getMessage
INFO: [ app_init ] --START--
INFO: Run Behavior\BuildLiteBehavior [ RunTime:0.000018s ]
INFO: [ app_init ] --END-- [ RunTime:0.000503s ]
INFO: [ app_begin ] --START--
INFO: Run Behavior\ReadHtmlCacheBehavior [ RunTime:0.000727s ]
INFO: [ app_begin ] --END-- [ RunTime:0.000807s ]
SQL: SHOW COLUMNS FROM `content` [ RunTime:0.0118s ]
SQL: select u1.user_id,u2.user_id,u2.user_name,c.content_message,c.content_time from users u1 join content c on u1.user_id = c.content_sender_id join users u2 on c.content_Receiver_id = u2.user_id where u2.user_id = 2 and c.content_state = 0 order by u2.user_id; [ RunTime:0.0006s ]
INFO: [ app_end ] --START--
INFO: Run Behavior\ShowPageTraceBehavior [ RunTime:0.000766s ]
INFO: [ app_end ] --END-- [ RunTime:0.000831s ]

[ 2015-06-05T22:27:57+08:00 ] 127.0.0.1 /index.php/Home/Content/getMessage
INFO: [ app_init ] --START--
INFO: Run Behavior\BuildLiteBehavior [ RunTime:0.000014s ]
INFO: [ app_init ] --END-- [ RunTime:0.000377s ]
INFO: [ app_begin ] --START--
INFO: Run Behavior\ReadHtmlCacheBehavior [ RunTime:0.000627s ]
INFO: [ app_begin ] --END-- [ RunTime:0.000700s ]
SQL: SHOW COLUMNS FROM `content` [ RunTime:0.0192s ]
SQL: select u1.user_id,u2.user_id,u2.user_name,c.content_message,c.content_time from users u1 join content c on u1.user_id = c.content_sender_id join users u2 on c.content_Receiver_id = u2.user_id where u2.user_id = 2 and c.content_state = 0 order by u2.user_id; [ RunTime:0.0008s ]
INFO: [ app_end ] --START--
INFO: Run Behavior\ShowPageTraceBehavior [ RunTime:0.000877s ]
INFO: [ app_end ] --END-- [ RunTime:0.000968s ]

[ 2015-06-05T22:27:58+08:00 ] 127.0.0.1 /index.php/Home/Content/getMessage
INFO: [ app_init ] --START--
INFO: Run Behavior\BuildLiteBehavior [ RunTime:0.000021s ]
INFO: [ app_init ] --END-- [ RunTime:0.000539s ]
INFO: [ app_begin ] --START--
INFO: Run Behavior\ReadHtmlCacheBehavior [ RunTime:0.000684s ]
INFO: [ app_begin ] --END-- [ RunTime:0.000764s ]
SQL: SHOW COLUMNS FROM `content` [ RunTime:0.0279s ]
SQL: select u1.user_id,u2.user_id,u2.user_name,c.content_message,c.content_time from users u1 join content c on u1.user_id = c.content_sender_id join users u2 on c.content_Receiver_id = u2.user_id where u2.user_id = 2 and c.content_state = 0 order by u2.user_id; [ RunTime:0.0008s ]
INFO: [ app_end ] --START--
INFO: Run Behavior\ShowPageTraceBehavior [ RunTime:0.000885s ]
INFO: [ app_end ] --END-- [ RunTime:0.000968s ]

[ 2015-06-05T22:27:59+08:00 ] 127.0.0.1 /index.php/Home/Content/getMessage
INFO: [ app_init ] --START--
INFO: Run Behavior\BuildLiteBehavior [ RunTime:0.000022s ]
INFO: [ app_init ] --END-- [ RunTime:0.000564s ]
INFO: [ app_begin ] --START--
INFO: Run Behavior\ReadHtmlCacheBehavior [ RunTime:0.000799s ]
INFO: [ app_begin ] --END-- [ RunTime:0.001253s ]
SQL: SHOW COLUMNS FROM `content` [ RunTime:0.0196s ]
SQL: select u1.user_id,u2.user_id,u2.user_name,c.content_message,c.content_time from users u1 join content c on u1.user_id = c.content_sender_id join users u2 on c.content_Receiver_id = u2.user_id where u2.user_id = 2 and c.content_state = 0 order by u2.user_id; [ RunTime:0.0008s ]
INFO: [ app_end ] --START--
INFO: Run Behavior\ShowPageTraceBehavior [ RunTime:0.000874s ]
INFO: [ app_end ] --END-- [ RunTime:0.000963s ]

[ 2015-06-05T22:28:00+08:00 ] 127.0.0.1 /index.php/Home/Content/getMessage
INFO: [ app_init ] --START--
INFO: Run Behavior\BuildLiteBehavior [ RunTime:0.000022s ]
INFO: [ app_init ] --END-- [ RunTime:0.000558s ]
INFO: [ app_begin ] --START--
INFO: Run Behavior\ReadHtmlCacheBehavior [ RunTime:0.000736s ]
INFO: [ app_begin ] --END-- [ RunTime:0.000828s ]
SQL: SHOW COLUMNS FROM `content` [ RunTime:0.0207s ]
SQL: select u1.user_id,u2.user_id,u2.user_name,c.content_message,c.content_time from users u1 join content c on u1.user_id = c.content_sender_id join users u2 on c.content_Receiver_id = u2.user_id where u2.user_id = 2 and c.content_state = 0 order by u2.user_id; [ RunTime:0.0008s ]
INFO: [ app_end ] --START--
INFO: Run Behavior\ShowPageTraceBehavior [ RunTime:0.000911s ]
INFO: [ app_end ] --END-- [ RunTime:0.001011s ]

[ 2015-06-05T22:28:01+08:00 ] 127.0.0.1 /index.php/Home/Content/getMessage
INFO: [ app_init ] --START--
INFO: Run Behavior\BuildLiteBehavior [ RunTime:0.000020s ]
INFO: [ app_init ] --END-- [ RunTime:0.000537s ]
INFO: [ app_begin ] --START--
INFO: Run Behavior\ReadHtmlCacheBehavior [ RunTime:0.000729s ]
INFO: [ app_begin ] --END-- [ RunTime:0.000822s ]
SQL: SHOW COLUMNS FROM `content` [ RunTime:0.0149s ]
SQL: select u1.user_id,u2.user_id,u2.user_name,c.content_message,c.content_time from users u1 join content c on u1.user_id = c.content_sender_id join users u2 on c.content_Receiver_id = u2.user_id where u2.user_id = 2 and c.content_state = 0 order by u2.user_id; [ RunTime:0.0007s ]
INFO: [ app_end ] --START--
INFO: Run Behavior\ShowPageTraceBehavior [ RunTime:0.000919s ]
INFO: [ app_end ] --END-- [ RunTime:0.001014s ]

[ 2015-06-05T22:28:02+08:00 ] 127.0.0.1 /index.php/Home/Content/getMessage
INFO: [ app_init ] --START--
INFO: Run Behavior\BuildLiteBehavior [ RunTime:0.000023s ]
INFO: [ app_init ] --END-- [ RunTime:0.000546s ]
INFO: [ app_begin ] --START--
INFO: Run Behavior\ReadHtmlCacheBehavior [ RunTime:0.000738s ]
INFO: [ app_begin ] --END-- [ RunTime:0.000828s ]
SQL: SHOW COLUMNS FROM `content` [ RunTime:0.0149s ]
SQL: select u1.user_id,u2.user_id,u2.user_name,c.content_message,c.content_time from users u1 join content c on u1.user_id = c.content_sender_id join users u2 on c.content_Receiver_id = u2.user_id where u2.user_id = 2 and c.content_state = 0 order by u2.user_id; [ RunTime:0.0007s ]
INFO: [ app_end ] --START--
INFO: Run Behavior\ShowPageTraceBehavior [ RunTime:0.000752s ]
INFO: [ app_end ] --END-- [ RunTime:0.000844s ]

[ 2015-06-05T22:28:03+08:00 ] 127.0.0.1 /index.php/Home/Content/getMessage
INFO: [ app_init ] --START--
INFO: Run Behavior\BuildLiteBehavior [ RunTime:0.000022s ]
INFO: [ app_init ] --END-- [ RunTime:0.000570s ]
INFO: [ app_begin ] --START--
INFO: Run Behavior\ReadHtmlCacheBehavior [ RunTime:0.000720s ]
INFO: [ app_begin ] --END-- [ RunTime:0.000816s ]
SQL: SHOW COLUMNS FROM `content` [ RunTime:0.0166s ]
SQL: select u1.user_id,u2.user_id,u2.user_name,c.content_message,c.content_time from users u1 join content c on u1.user_id = c.content_sender_id join users u2 on c.content_Receiver_id = u2.user_id where u2.user_id = 2 and c.content_state = 0 order by u2.user_id; [ RunTime:0.0006s ]
INFO: [ app_end ] --START--
INFO: Run Behavior\ShowPageTraceBehavior [ RunTime:0.000626s ]
INFO: [ app_end ] --END-- [ RunTime:0.000680s ]

[ 2015-06-05T22:28:04+08:00 ] 127.0.0.1 /index.php/Home/Content/getMessage
INFO: [ app_init ] --START--
INFO: Run Behavior\BuildLiteBehavior [ RunTime:0.000022s ]
INFO: [ app_init ] --END-- [ RunTime:0.000549s ]
INFO: [ app_begin ] --START--
INFO: Run Behavior\ReadHtmlCacheBehavior [ RunTime:0.000755s ]
INFO: [ app_begin ] --END-- [ RunTime:0.000847s ]
SQL: SHOW COLUMNS FROM `content` [ RunTime:0.0183s ]
SQL: select u1.user_id,u2.user_id,u2.user_name,c.content_message,c.content_time from users u1 join content c on u1.user_id = c.content_sender_id join users u2 on c.content_Receiver_id = u2.user_id where u2.user_id = 2 and c.content_state = 0 order by u2.user_id; [ RunTime:0.0008s ]
INFO: [ app_end ] --START--
INFO: Run Behavior\ShowPageTraceBehavior [ RunTime:0.000898s ]
INFO: [ app_end ] --END-- [ RunTime:0.000988s ]

[ 2015-06-05T22:28:05+08:00 ] 127.0.0.1 /index.php/Home/Content/getMessage
INFO: [ app_init ] --START--
INFO: Run Behavior\BuildLiteBehavior [ RunTime:0.000022s ]
INFO: [ app_init ] --END-- [ RunTime:0.000546s ]
INFO: [ app_begin ] --START--
INFO: Run Behavior\ReadHtmlCacheBehavior [ RunTime:0.000706s ]
INFO: [ app_begin ] --END-- [ RunTime:0.000797s ]
SQL: SHOW COLUMNS FROM `content` [ RunTime:0.0193s ]
SQL: select u1.user_id,u2.user_id,u2.user_name,c.content_message,c.content_time from users u1 join content c on u1.user_id = c.content_sender_id join users u2 on c.content_Receiver_id = u2.user_id where u2.user_id = 2 and c.content_state = 0 order by u2.user_id; [ RunTime:0.0009s ]
INFO: [ app_end ] --START--
INFO: Run Behavior\ShowPageTraceBehavior [ RunTime:0.000885s ]
INFO: [ app_end ] --END-- [ RunTime:0.000986s ]

[ 2015-06-05T22:28:06+08:00 ] 127.0.0.1 /index.php/Home/Content/getMessage
INFO: [ app_init ] --START--
INFO: Run Behavior\BuildLiteBehavior [ RunTime:0.000022s ]
INFO: [ app_init ] --END-- [ RunTime:0.000557s ]
INFO: [ app_begin ] --START--
INFO: Run Behavior\ReadHtmlCacheBehavior [ RunTime:0.000747s ]
INFO: [ app_begin ] --END-- [ RunTime:0.000837s ]
SQL: SHOW COLUMNS FROM `content` [ RunTime:0.0144s ]
SQL: select u1.user_id,u2.user_id,u2.user_name,c.content_message,c.content_time from users u1 join content c on u1.user_id = c.content_sender_id join users u2 on c.content_Receiver_id = u2.user_id where u2.user_id = 2 and c.content_state = 0 order by u2.user_id; [ RunTime:0.0006s ]
INFO: [ app_end ] --START--
INFO: Run Behavior\ShowPageTraceBehavior [ RunTime:0.000888s ]
INFO: [ app_end ] --END-- [ RunTime:0.000976s ]

[ 2015-06-05T22:28:07+08:00 ] 127.0.0.1 /index.php/Home/Content/getMessage
INFO: [ app_init ] --START--
INFO: Run Behavior\BuildLiteBehavior [ RunTime:0.000014s ]
INFO: [ app_init ] --END-- [ RunTime:0.000374s ]
INFO: [ app_begin ] --START--
INFO: Run Behavior\ReadHtmlCacheBehavior [ RunTime:0.000494s ]
INFO: [ app_begin ] --END-- [ RunTime:0.000549s ]
SQL: SHOW COLUMNS FROM `content` [ RunTime:0.0129s ]
SQL: select u1.user_id,u2.user_id,u2.user_name,c.content_message,c.content_time from users u1 join content c on u1.user_id = c.content_sender_id join users u2 on c.content_Receiver_id = u2.user_id where u2.user_id = 2 and c.content_state = 0 order by u2.user_id; [ RunTime:0.0006s ]
INFO: [ app_end ] --START--
INFO: Run Behavior\ShowPageTraceBehavior [ RunTime:0.000649s ]
INFO: [ app_end ] --END-- [ RunTime:0.000706s ]

[ 2015-06-05T22:28:08+08:00 ] 127.0.0.1 /index.php/Home/Content/getMessage
INFO: [ app_init ] --START--
INFO: Run Behavior\BuildLiteBehavior [ RunTime:0.000014s ]
INFO: [ app_init ] --END-- [ RunTime:0.000360s ]
INFO: [ app_begin ] --START--
INFO: Run Behavior\ReadHtmlCacheBehavior [ RunTime:0.000460s ]
INFO: [ app_begin ] --END-- [ RunTime:0.000516s ]
SQL: SHOW COLUMNS FROM `content` [ RunTime:0.0269s ]
SQL: select u1.user_id,u2.user_id,u2.user_name,c.content_message,c.content_time from users u1 join content c on u1.user_id = c.content_sender_id join users u2 on c.content_Receiver_id = u2.user_id where u2.user_id = 2 and c.content_state = 0 order by u2.user_id; [ RunTime:0.0008s ]
INFO: [ app_end ] --START--
INFO: Run Behavior\ShowPageTraceBehavior [ RunTime:0.000875s ]
INFO: [ app_end ] --END-- [ RunTime:0.000953s ]

[ 2015-06-05T22:28:09+08:00 ] 127.0.0.1 /index.php/Home/Content/getMessage
INFO: [ app_init ] --START--
INFO: Run Behavior\BuildLiteBehavior [ RunTime:0.000018s ]
INFO: [ app_init ] --END-- [ RunTime:0.000529s ]
INFO: [ app_begin ] --START--
INFO: Run Behavior\ReadHtmlCacheBehavior [ RunTime:0.000824s ]
INFO: [ app_begin ] --END-- [ RunTime:0.000908s ]
SQL: SHOW COLUMNS FROM `content` [ RunTime:0.0164s ]
SQL: select u1.user_id,u2.user_id,u2.user_name,c.content_message,c.content_time from users u1 join content c on u1.user_id = c.content_sender_id join users u2 on c.content_Receiver_id = u2.user_id where u2.user_id = 2 and c.content_state = 0 order by u2.user_id; [ RunTime:0.0008s ]
INFO: [ app_end ] --START--
INFO: Run Behavior\ShowPageTraceBehavior [ RunTime:0.000921s ]
INFO: [ app_end ] --END-- [ RunTime:0.001004s ]

[ 2015-06-05T22:28:10+08:00 ] 127.0.0.1 /index.php/Home/Content/getMessage
INFO: [ app_init ] --START--
INFO: Run Behavior\BuildLiteBehavior [ RunTime:0.000014s ]
INFO: [ app_init ] --END-- [ RunTime:0.000357s ]
INFO: [ app_begin ] --START--
INFO: Run Behavior\ReadHtmlCacheBehavior [ RunTime:0.000479s ]
INFO: [ app_begin ] --END-- [ RunTime:0.000535s ]
SQL: SHOW COLUMNS FROM `content` [ RunTime:0.0201s ]
SQL: select u1.user_id,u2.user_id,u2.user_name,c.content_message,c.content_time from users u1 join content c on u1.user_id = c.content_sender_id join users u2 on c.content_Receiver_id = u2.user_id where u2.user_id = 2 and c.content_state = 0 order by u2.user_id; [ RunTime:0.0009s ]
INFO: [ app_end ] --START--
INFO: Run Behavior\ShowPageTraceBehavior [ RunTime:0.000983s ]
INFO: [ app_end ] --END-- [ RunTime:0.001077s ]

[ 2015-06-05T22:28:11+08:00 ] 127.0.0.1 /index.php/Home/Content/getMessage
INFO: [ app_init ] --START--
INFO: Run Behavior\BuildLiteBehavior [ RunTime:0.000014s ]
INFO: [ app_init ] --END-- [ RunTime:0.000402s ]
INFO: [ app_begin ] --START--
INFO: Run Behavior\ReadHtmlCacheBehavior [ RunTime:0.000718s ]
INFO: [ app_begin ] --END-- [ RunTime:0.000806s ]
SQL: SHOW COLUMNS FROM `content` [ RunTime:0.0116s ]
SQL: select u1.user_id,u2.user_id,u2.user_name,c.content_message,c.content_time from users u1 join content c on u1.user_id = c.content_sender_id join users u2 on c.content_Receiver_id = u2.user_id where u2.user_id = 2 and c.content_state = 0 order by u2.user_id; [ RunTime:0.0006s ]
INFO: [ app_end ] --START--
INFO: Run Behavior\ShowPageTraceBehavior [ RunTime:0.000673s ]
INFO: [ app_end ] --END-- [ RunTime:0.000735s ]

[ 2015-06-05T22:28:12+08:00 ] 127.0.0.1 /index.php/Home/Content/getMessage
INFO: [ app_init ] --START--
INFO: Run Behavior\BuildLiteBehavior [ RunTime:0.000013s ]
INFO: [ app_init ] --END-- [ RunTime:0.000347s ]
INFO: [ app_begin ] --START--
INFO: Run Behavior\ReadHtmlCacheBehavior [ RunTime:0.000462s ]
INFO: [ app_begin ] --END-- [ RunTime:0.000517s ]
SQL: SHOW COLUMNS FROM `content` [ RunTime:0.0121s ]
SQL: select u1.user_id,u2.user_id,u2.user_name,c.content_message,c.content_time from users u1 join content c on u1.user_id = c.content_sender_id join users u2 on c.content_Receiver_id = u2.user_id where u2.user_id = 2 and c.content_state = 0 order by u2.user_id; [ RunTime:0.0007s ]
INFO: [ app_end ] --START--
INFO: Run Behavior\ShowPageTraceBehavior [ RunTime:0.000666s ]
INFO: [ app_end ] --END-- [ RunTime:0.000727s ]

[ 2015-06-05T22:28:13+08:00 ] 127.0.0.1 /index.php/Home/Content/getMessage
INFO: [ app_init ] --START--
INFO: Run Behavior\BuildLiteBehavior [ RunTime:0.000021s ]
INFO: [ app_init ] --END-- [ RunTime:0.000521s ]
INFO: [ app_begin ] --START--
INFO: Run Behavior\ReadHtmlCacheBehavior [ RunTime:0.000726s ]
INFO: [ app_begin ] --END-- [ RunTime:0.000810s ]
SQL: SHOW COLUMNS FROM `content` [ RunTime:0.0114s ]
SQL: select u1.user_id,u2.user_id,u2.user_name,c.content_message,c.content_time from users u1 join content c on u1.user_id = c.content_sender_id join users u2 on c.content_Receiver_id = u2.user_id where u2.user_id = 2 and c.content_state = 0 order by u2.user_id; [ RunTime:0.0005s ]
INFO: [ app_end ] --START--
INFO: Run Behavior\ShowPageTraceBehavior [ RunTime:0.000670s ]
INFO: [ app_end ] --END-- [ RunTime:0.000729s ]

[ 2015-06-05T22:28:14+08:00 ] 127.0.0.1 /index.php/Home/Content/getMessage
INFO: [ app_init ] --START--
INFO: Run Behavior\BuildLiteBehavior [ RunTime:0.000018s ]
INFO: [ app_init ] --END-- [ RunTime:0.000462s ]
INFO: [ app_begin ] --START--
INFO: Run Behavior\ReadHtmlCacheBehavior [ RunTime:0.000636s ]
INFO: [ app_begin ] --END-- [ RunTime:0.000707s ]
SQL: SHOW COLUMNS FROM `content` [ RunTime:0.0116s ]
SQL: select u1.user_id,u2.user_id,u2.user_name,c.content_message,c.content_time from users u1 join content c on u1.user_id = c.content_sender_id join users u2 on c.content_Receiver_id = u2.user_id where u2.user_id = 2 and c.content_state = 0 order by u2.user_id; [ RunTime:0.0007s ]
INFO: [ app_end ] --START--
INFO: Run Behavior\ShowPageTraceBehavior [ RunTime:0.000664s ]
INFO: [ app_end ] --END-- [ RunTime:0.000726s ]

[ 2015-06-05T22:28:15+08:00 ] 127.0.0.1 /index.php/Home/Content/getMessage
INFO: [ app_init ] --START--
INFO: Run Behavior\BuildLiteBehavior [ RunTime:0.000019s ]
INFO: [ app_init ] --END-- [ RunTime:0.000509s ]
INFO: [ app_begin ] --START--
INFO: Run Behavior\ReadHtmlCacheBehavior [ RunTime:0.000678s ]
INFO: [ app_begin ] --END-- [ RunTime:0.000758s ]
SQL: SHOW COLUMNS FROM `content` [ RunTime:0.0218s ]
SQL: select u1.user_id,u2.user_id,u2.user_name,c.content_message,c.content_time from users u1 join content c on u1.user_id = c.content_sender_id join users u2 on c.content_Receiver_id = u2.user_id where u2.user_id = 2 and c.content_state = 0 order by u2.user_id; [ RunTime:0.0008s ]
INFO: [ app_end ] --START--
INFO: Run Behavior\ShowPageTraceBehavior [ RunTime:0.000891s ]
INFO: [ app_end ] --END-- [ RunTime:0.000992s ]

[ 2015-06-05T22:28:16+08:00 ] 127.0.0.1 /index.php/Home/Content/getMessage
INFO: [ app_init ] --START--
INFO: Run Behavior\BuildLiteBehavior [ RunTime:0.000022s ]
INFO: [ app_init ] --END-- [ RunTime:0.000543s ]
INFO: [ app_begin ] --START--
INFO: Run Behavior\ReadHtmlCacheBehavior [ RunTime:0.000742s ]
INFO: [ app_begin ] --END-- [ RunTime:0.000834s ]
SQL: SHOW COLUMNS FROM `content` [ RunTime:0.0141s ]
SQL: select u1.user_id,u2.user_id,u2.user_name,c.content_message,c.content_time from users u1 join content c on u1.user_id = c.content_sender_id join users u2 on c.content_Receiver_id = u2.user_id where u2.user_id = 2 and c.content_state = 0 order by u2.user_id; [ RunTime:0.0005s ]
INFO: [ app_end ] --START--
INFO: Run Behavior\ShowPageTraceBehavior [ RunTime:0.000615s ]
INFO: [ app_end ] --END-- [ RunTime:0.000669s ]

[ 2015-06-05T22:28:17+08:00 ] 127.0.0.1 /index.php/Home/Content/getMessage
INFO: [ app_init ] --START--
INFO: Run Behavior\BuildLiteBehavior [ RunTime:0.000023s ]
INFO: [ app_init ] --END-- [ RunTime:0.000545s ]
INFO: [ app_begin ] --START--
INFO: Run Behavior\ReadHtmlCacheBehavior [ RunTime:0.000846s ]
INFO: [ app_begin ] --END-- [ RunTime:0.000945s ]
SQL: SHOW COLUMNS FROM `content` [ RunTime:0.0304s ]
SQL: select u1.user_id,u2.user_id,u2.user_name,c.content_message,c.content_time from users u1 join content c on u1.user_id = c.content_sender_id join users u2 on c.content_Receiver_id = u2.user_id where u2.user_id = 2 and c.content_state = 0 order by u2.user_id; [ RunTime:0.0006s ]
INFO: [ app_end ] --START--
INFO: Run Behavior\ShowPageTraceBehavior [ RunTime:0.000632s ]
INFO: [ app_end ] --END-- [ RunTime:0.000690s ]

[ 2015-06-05T22:28:18+08:00 ] 127.0.0.1 /index.php/Home/Content/getMessage
INFO: [ app_init ] --START--
INFO: Run Behavior\BuildLiteBehavior [ RunTime:0.000019s ]
INFO: [ app_init ] --END-- [ RunTime:0.000531s ]
INFO: [ app_begin ] --START--
INFO: Run Behavior\ReadHtmlCacheBehavior [ RunTime:0.000705s ]
INFO: [ app_begin ] --END-- [ RunTime:0.000792s ]
SQL: SHOW COLUMNS FROM `content` [ RunTime:0.0175s ]
SQL: select u1.user_id,u2.user_id,u2.user_name,c.content_message,c.content_time from users u1 join content c on u1.user_id = c.content_sender_id join users u2 on c.content_Receiver_id = u2.user_id where u2.user_id = 2 and c.content_state = 0 order by u2.user_id; [ RunTime:0.0006s ]
INFO: [ app_end ] --START--
INFO: Run Behavior\ShowPageTraceBehavior [ RunTime:0.000757s ]
INFO: [ app_end ] --END-- [ RunTime:0.000826s ]

[ 2015-06-05T22:28:19+08:00 ] 127.0.0.1 /index.php/Home/Content/getMessage
INFO: [ app_init ] --START--
INFO: Run Behavior\BuildLiteBehavior [ RunTime:0.000020s ]
INFO: [ app_init ] --END-- [ RunTime:0.000521s ]
INFO: [ app_begin ] --START--
INFO: Run Behavior\ReadHtmlCacheBehavior [ RunTime:0.000705s ]
INFO: [ app_begin ] --END-- [ RunTime:0.000789s ]
SQL: SHOW COLUMNS FROM `content` [ RunTime:0.0121s ]
SQL: select u1.user_id,u2.user_id,u2.user_name,c.content_message,c.content_time from users u1 join content c on u1.user_id = c.content_sender_id join users u2 on c.content_Receiver_id = u2.user_id where u2.user_id = 2 and c.content_state = 0 order by u2.user_id; [ RunTime:0.0007s ]
INFO: [ app_end ] --START--
INFO: Run Behavior\ShowPageTraceBehavior [ RunTime:0.000682s ]
INFO: [ app_end ] --END-- [ RunTime:0.000745s ]

[ 2015-06-05T22:28:20+08:00 ] 127.0.0.1 /index.php/Home/Content/getMessage
INFO: [ app_init ] --START--
INFO: Run Behavior\BuildLiteBehavior [ RunTime:0.000022s ]
INFO: [ app_init ] --END-- [ RunTime:0.000540s ]
INFO: [ app_begin ] --START--
INFO: Run Behavior\ReadHtmlCacheBehavior [ RunTime:0.000795s ]
INFO: [ app_begin ] --END-- [ RunTime:0.000888s ]
SQL: SHOW COLUMNS FROM `content` [ RunTime:0.0142s ]
SQL: select u1.user_id,u2.user_id,u2.user_name,c.content_message,c.content_time from users u1 join content c on u1.user_id = c.content_sender_id join users u2 on c.content_Receiver_id = u2.user_id where u2.user_id = 2 and c.content_state = 0 order by u2.user_id; [ RunTime:0.0007s ]
INFO: [ app_end ] --START--
INFO: Run Behavior\ShowPageTraceBehavior [ RunTime:0.000997s ]
INFO: [ app_end ] --END-- [ RunTime:0.001095s ]

[ 2015-06-05T22:28:21+08:00 ] 127.0.0.1 /index.php/Home/Content/getMessage
INFO: [ app_init ] --START--
INFO: Run Behavior\BuildLiteBehavior [ RunTime:0.000018s ]
INFO: [ app_init ] --END-- [ RunTime:0.000432s ]
INFO: [ app_begin ] --START--
INFO: Run Behavior\ReadHtmlCacheBehavior [ RunTime:0.000480s ]
INFO: [ app_begin ] --END-- [ RunTime:0.000544s ]
SQL: SHOW COLUMNS FROM `content` [ RunTime:0.0133s ]
SQL: select u1.user_id,u2.user_id,u2.user_name,c.content_message,c.content_time from users u1 join content c on u1.user_id = c.content_sender_id join users u2 on c.content_Receiver_id = u2.user_id where u2.user_id = 2 and c.content_state = 0 order by u2.user_id; [ RunTime:0.0006s ]
INFO: [ app_end ] --START--
INFO: Run Behavior\ShowPageTraceBehavior [ RunTime:0.000660s ]
INFO: [ app_end ] --END-- [ RunTime:0.000722s ]

[ 2015-06-05T22:28:22+08:00 ] 127.0.0.1 /index.php/Home/Content/getMessage
INFO: [ app_init ] --START--
INFO: Run Behavior\BuildLiteBehavior [ RunTime:0.000017s ]
INFO: [ app_init ] --END-- [ RunTime:0.000452s ]
INFO: [ app_begin ] --START--
INFO: Run Behavior\ReadHtmlCacheBehavior [ RunTime:0.000681s ]
INFO: [ app_begin ] --END-- [ RunTime:0.000752s ]
SQL: SHOW COLUMNS FROM `content` [ RunTime:0.0297s ]
SQL: select u1.user_id,u2.user_id,u2.user_name,c.content_message,c.content_time from users u1 join content c on u1.user_id = c.content_sender_id join users u2 on c.content_Receiver_id = u2.user_id where u2.user_id = 2 and c.content_state = 0 order by u2.user_id; [ RunTime:0.0006s ]
INFO: [ app_end ] --START--
INFO: Run Behavior\ShowPageTraceBehavior [ RunTime:0.000640s ]
INFO: [ app_end ] --END-- [ RunTime:0.000707s ]

[ 2015-06-05T22:28:23+08:00 ] 127.0.0.1 /index.php/Home/Users/getUsersInfo
INFO: [ app_init ] --START--
INFO: Run Behavior\BuildLiteBehavior [ RunTime:0.000023s ]
INFO: [ app_init ] --END-- [ RunTime:0.000546s ]
INFO: [ app_begin ] --START--
INFO: Run Behavior\ReadHtmlCacheBehavior [ RunTime:0.000748s ]
INFO: [ app_begin ] --END-- [ RunTime:0.000836s ]
SQL: SELECT * FROM `users` WHERE ( user_name like '%' )  [ RunTime:0.0163s ]
INFO: [ app_end ] --START--
INFO: Run Behavior\ShowPageTraceBehavior [ RunTime:0.000640s ]
INFO: [ app_end ] --END-- [ RunTime:0.000696s ]

[ 2015-06-05T22:28:23+08:00 ] 127.0.0.1 /index.php/Home/Content/getMessage
INFO: [ app_init ] --START--
INFO: Run Behavior\BuildLiteBehavior [ RunTime:0.000014s ]
INFO: [ app_init ] --END-- [ RunTime:0.000361s ]
INFO: [ app_begin ] --START--
INFO: Run Behavior\ReadHtmlCacheBehavior [ RunTime:0.000463s ]
INFO: [ app_begin ] --END-- [ RunTime:0.000516s ]
SQL: SHOW COLUMNS FROM `content` [ RunTime:0.0119s ]
SQL: select u1.user_id,u2.user_id,u2.user_name,c.content_message,c.content_time from users u1 join content c on u1.user_id = c.content_sender_id join users u2 on c.content_Receiver_id = u2.user_id where u2.user_id = 2 and c.content_state = 0 order by u2.user_id; [ RunTime:0.0006s ]
INFO: [ app_end ] --START--
INFO: Run Behavior\ShowPageTraceBehavior [ RunTime:0.000656s ]
INFO: [ app_end ] --END-- [ RunTime:0.000714s ]

[ 2015-06-05T22:28:24+08:00 ] 127.0.0.1 /index.php/Home/Content/getMessage
INFO: [ app_init ] --START--
INFO: Run Behavior\BuildLiteBehavior [ RunTime:0.000020s ]
INFO: [ app_init ] --END-- [ RunTime:0.000653s ]
INFO: [ app_begin ] --START--
INFO: Run Behavior\ReadHtmlCacheBehavior [ RunTime:0.000783s ]
INFO: [ app_begin ] --END-- [ RunTime:0.000871s ]
SQL: SHOW COLUMNS FROM `content` [ RunTime:0.0115s ]
SQL: select u1.user_id,u2.user_id,u2.user_name,c.content_message,c.content_time from users u1 join content c on u1.user_id = c.content_sender_id join users u2 on c.content_Receiver_id = u2.user_id where u2.user_id = 2 and c.content_state = 0 order by u2.user_id; [ RunTime:0.0005s ]
INFO: [ app_end ] --START--
INFO: Run Behavior\ShowPageTraceBehavior [ RunTime:0.000638s ]
INFO: [ app_end ] --END-- [ RunTime:0.000699s ]

[ 2015-06-05T22:28:25+08:00 ] 127.0.0.1 /index.php/Home/Content/getMessage
INFO: [ app_init ] --START--
INFO: Run Behavior\BuildLiteBehavior [ RunTime:0.000023s ]
INFO: [ app_init ] --END-- [ RunTime:0.000637s ]
INFO: [ app_begin ] --START--
INFO: Run Behavior\ReadHtmlCacheBehavior [ RunTime:0.000504s ]
INFO: [ app_begin ] --END-- [ RunTime:0.000563s ]
SQL: SHOW COLUMNS FROM `content` [ RunTime:0.0174s ]
SQL: select u1.user_id,u2.user_id,u2.user_name,c.content_message,c.content_time from users u1 join content c on u1.user_id = c.content_sender_id join users u2 on c.content_Receiver_id = u2.user_id where u2.user_id = 2 and c.content_state = 0 order by u2.user_id; [ RunTime:0.0008s ]
INFO: [ app_end ] --START--
INFO: Run Behavior\ShowPageTraceBehavior [ RunTime:0.000891s ]
INFO: [ app_end ] --END-- [ RunTime:0.000988s ]

[ 2015-06-05T22:28:26+08:00 ] 127.0.0.1 /index.php/Home/Content/getMessage
INFO: [ app_init ] --START--
INFO: Run Behavior\BuildLiteBehavior [ RunTime:0.000031s ]
INFO: [ app_init ] --END-- [ RunTime:0.000719s ]
INFO: [ app_begin ] --START--
INFO: Run Behavior\ReadHtmlCacheBehavior [ RunTime:0.001092s ]
INFO: [ app_begin ] --END-- [ RunTime:0.001215s ]
SQL: SHOW COLUMNS FROM `content` [ RunTime:0.0146s ]
SQL: select u1.user_id,u2.user_id,u2.user_name,c.content_message,c.content_time from users u1 join content c on u1.user_id = c.content_sender_id join users u2 on c.content_Receiver_id = u2.user_id where u2.user_id = 2 and c.content_state = 0 order by u2.user_id; [ RunTime:0.0008s ]
INFO: [ app_end ] --START--
INFO: Run Behavior\ShowPageTraceBehavior [ RunTime:0.000789s ]
INFO: [ app_end ] --END-- [ RunTime:0.000868s ]

[ 2015-06-05T22:28:27+08:00 ] 127.0.0.1 /index.php/Home/Content/getMessage
INFO: [ app_init ] --START--
INFO: Run Behavior\BuildLiteBehavior [ RunTime:0.000014s ]
INFO: [ app_init ] --END-- [ RunTime:0.000376s ]
INFO: [ app_begin ] --START--
INFO: Run Behavior\ReadHtmlCacheBehavior [ RunTime:0.000465s ]
INFO: [ app_begin ] --END-- [ RunTime:0.000548s ]
SQL: SHOW COLUMNS FROM `content` [ RunTime:0.0121s ]
SQL: select u1.user_id,u2.user_id,u2.user_name,c.content_message,c.content_time from users u1 join content c on u1.user_id = c.content_sender_id join users u2 on c.content_Receiver_id = u2.user_id where u2.user_id = 2 and c.content_state = 0 order by u2.user_id; [ RunTime:0.0006s ]
INFO: [ app_end ] --START--
INFO: Run Behavior\ShowPageTraceBehavior [ RunTime:0.000695s ]
INFO: [ app_end ] --END-- [ RunTime:0.000758s ]

[ 2015-06-05T22:28:28+08:00 ] 127.0.0.1 /index.php/Home/Content/getMessage
INFO: [ app_init ] --START--
INFO: Run Behavior\BuildLiteBehavior [ RunTime:0.000021s ]
INFO: [ app_init ] --END-- [ RunTime:0.000514s ]
INFO: [ app_begin ] --START--
INFO: Run Behavior\ReadHtmlCacheBehavior [ RunTime:0.000712s ]
INFO: [ app_begin ] --END-- [ RunTime:0.000798s ]
SQL: SHOW COLUMNS FROM `content` [ RunTime:0.0118s ]
SQL: select u1.user_id,u2.user_id,u2.user_name,c.content_message,c.content_time from users u1 join content c on u1.user_id = c.content_sender_id join users u2 on c.content_Receiver_id = u2.user_id where u2.user_id = 2 and c.content_state = 0 order by u2.user_id; [ RunTime:0.0006s ]
INFO: [ app_end ] --START--
INFO: Run Behavior\ShowPageTraceBehavior [ RunTime:0.000659s ]
INFO: [ app_end ] --END-- [ RunTime:0.000714s ]

[ 2015-06-05T22:28:29+08:00 ] 127.0.0.1 /index.php/Home/Content/getMessage
INFO: [ app_init ] --START--
INFO: Run Behavior\BuildLiteBehavior [ RunTime:0.000015s ]
INFO: [ app_init ] --END-- [ RunTime:0.000367s ]
INFO: [ app_begin ] --START--
INFO: Run Behavior\ReadHtmlCacheBehavior [ RunTime:0.000479s ]
INFO: [ app_begin ] --END-- [ RunTime:0.000534s ]
SQL: SHOW COLUMNS FROM `content` [ RunTime:0.0116s ]
SQL: select u1.user_id,u2.user_id,u2.user_name,c.content_message,c.content_time from users u1 join content c on u1.user_id = c.content_sender_id join users u2 on c.content_Receiver_id = u2.user_id where u2.user_id = 2 and c.content_state = 0 order by u2.user_id; [ RunTime:0.0006s ]
INFO: [ app_end ] --START--
INFO: Run Behavior\ShowPageTraceBehavior [ RunTime:0.000651s ]
INFO: [ app_end ] --END-- [ RunTime:0.000714s ]

[ 2015-06-05T22:28:30+08:00 ] 127.0.0.1 /index.php/Home/Content/getMessage
INFO: [ app_init ] --START--
INFO: Run Behavior\BuildLiteBehavior [ RunTime:0.000013s ]
INFO: [ app_init ] --END-- [ RunTime:0.000358s ]
INFO: [ app_begin ] --START--
INFO: Run Behavior\ReadHtmlCacheBehavior [ RunTime:0.000468s ]
INFO: [ app_begin ] --END-- [ RunTime:0.000529s ]
SQL: SHOW COLUMNS FROM `content` [ RunTime:0.0286s ]
SQL: select u1.user_id,u2.user_id,u2.user_name,c.content_message,c.content_time from users u1 join content c on u1.user_id = c.content_sender_id join users u2 on c.content_Receiver_id = u2.user_id where u2.user_id = 2 and c.content_state = 0 order by u2.user_id; [ RunTime:0.0008s ]
INFO: [ app_end ] --START--
INFO: Run Behavior\ShowPageTraceBehavior [ RunTime:0.000915s ]
INFO: [ app_end ] --END-- [ RunTime:0.001011s ]

[ 2015-06-05T22:28:31+08:00 ] 127.0.0.1 /index.php/Home/Content/getMessage
INFO: [ app_init ] --START--
INFO: Run Behavior\BuildLiteBehavior [ RunTime:0.000025s ]
INFO: [ app_init ] --END-- [ RunTime:0.000634s ]
INFO: [ app_begin ] --START--
INFO: Run Behavior\ReadHtmlCacheBehavior [ RunTime:0.000968s ]
INFO: [ app_begin ] --END-- [ RunTime:0.001083s ]
SQL: SHOW COLUMNS FROM `content` [ RunTime:0.0141s ]
SQL: select u1.user_id,u2.user_id,u2.user_name,c.content_message,c.content_time from users u1 join content c on u1.user_id = c.content_sender_id join users u2 on c.content_Receiver_id = u2.user_id where u2.user_id = 2 and c.content_state = 0 order by u2.user_id; [ RunTime:0.0007s ]
INFO: [ app_end ] --START--
INFO: Run Behavior\ShowPageTraceBehavior [ RunTime:0.000902s ]
INFO: [ app_end ] --END-- [ RunTime:0.000978s ]

[ 2015-06-05T22:28:32+08:00 ] 127.0.0.1 /index.php/Home/Content/getMessage
INFO: [ app_init ] --START--
INFO: Run Behavior\BuildLiteBehavior [ RunTime:0.000024s ]
INFO: [ app_init ] --END-- [ RunTime:0.000558s ]
INFO: [ app_begin ] --START--
INFO: Run Behavior\ReadHtmlCacheBehavior [ RunTime:0.000740s ]
INFO: [ app_begin ] --END-- [ RunTime:0.000829s ]
SQL: SHOW COLUMNS FROM `content` [ RunTime:0.0182s ]
SQL: select u1.user_id,u2.user_id,u2.user_name,c.content_message,c.content_time from users u1 join content c on u1.user_id = c.content_sender_id join users u2 on c.content_Receiver_id = u2.user_id where u2.user_id = 2 and c.content_state = 0 order by u2.user_id; [ RunTime:0.0008s ]
INFO: [ app_end ] --START--
INFO: Run Behavior\ShowPageTraceBehavior [ RunTime:0.000907s ]
INFO: [ app_end ] --END-- [ RunTime:0.001007s ]

[ 2015-06-05T22:28:33+08:00 ] 127.0.0.1 /index.php/Home/Content/getMessage
INFO: [ app_init ] --START--
INFO: Run Behavior\BuildLiteBehavior [ RunTime:0.000016s ]
INFO: [ app_init ] --END-- [ RunTime:0.000435s ]
INFO: [ app_begin ] --START--
INFO: Run Behavior\ReadHtmlCacheBehavior [ RunTime:0.000569s ]
INFO: [ app_begin ] --END-- [ RunTime:0.000634s ]
SQL: SHOW COLUMNS FROM `content` [ RunTime:0.0117s ]
SQL: select u1.user_id,u2.user_id,u2.user_name,c.content_message,c.content_time from users u1 join content c on u1.user_id = c.content_sender_id join users u2 on c.content_Receiver_id = u2.user_id where u2.user_id = 2 and c.content_state = 0 order by u2.user_id; [ RunTime:0.0006s ]
INFO: [ app_end ] --START--
INFO: Run Behavior\ShowPageTraceBehavior [ RunTime:0.000655s ]
INFO: [ app_end ] --END-- [ RunTime:0.000715s ]

[ 2015-06-05T22:28:34+08:00 ] 127.0.0.1 /index.php/Home/Users/logout
INFO: [ app_init ] --START--
INFO: Run Behavior\BuildLiteBehavior [ RunTime:0.000020s ]
INFO: [ app_init ] --END-- [ RunTime:0.000528s ]
INFO: [ app_begin ] --START--
INFO: Run Behavior\ReadHtmlCacheBehavior [ RunTime:0.000755s ]
INFO: [ app_begin ] --END-- [ RunTime:0.000850s ]
SQL: UPDATE `users` SET `user_state`='0' WHERE ( user_id = 2 ) [ RunTime:0.0610s ]
INFO: [ app_end ] --START--
INFO: Run Behavior\ShowPageTraceBehavior [ RunTime:0.000914s ]
INFO: [ app_end ] --END-- [ RunTime:0.001006s ]

