[ 2015-06-06T10:15:57+08:00 ] 127.0.0.1 /index.php/Home/Users/checkUserName
INFO: [ app_init ] --START--
INFO: Run Behavior\BuildLiteBehavior [ RunTime:0.000042s ]
INFO: [ app_init ] --END-- [ RunTime:0.114952s ]
INFO: [ app_begin ] --START--
INFO: Run Behavior\ReadHtmlCacheBehavior [ RunTime:0.018414s ]
INFO: [ app_begin ] --END-- [ RunTime:0.018603s ]
SQL: SELECT `user_id` FROM `users` WHERE ( user_name = '垃圾高' )  [ RunTime:1.6312s ]

[ 2015-06-06T10:17:36+08:00 ] 127.0.0.1 /index.php/Home/Users/zhuCe
INFO: [ app_init ] --START--
INFO: Run Behavior\BuildLiteBehavior [ RunTime:0.000023s ]
INFO: [ app_init ] --END-- [ RunTime:0.000553s ]
INFO: [ app_begin ] --START--
INFO: Run Behavior\ReadHtmlCacheBehavior [ RunTime:0.000712s ]
INFO: [ app_begin ] --END-- [ RunTime:0.000797s ]
SQL: INSERT INTO `users` (`user_name`,`user_pwd`,`user_gender`,`user_brithday`,`user_address`,`user_tel`,`user_state`) VALUES ('垃圾高','3f442ab565b46afdfc03b181d5669f9f','男','1992-7-5','红河学','18287368151','0') [ RunTime:0.2167s ]

[ 2015-06-06T10:21:01+08:00 ] 127.0.0.1 /index.php/Home/Users/checkLogin
INFO: [ app_init ] --START--
INFO: Run Behavior\BuildLiteBehavior [ RunTime:0.000021s ]
INFO: [ app_init ] --END-- [ RunTime:0.000613s ]
INFO: [ app_begin ] --START--
INFO: Run Behavior\ReadHtmlCacheBehavior [ RunTime:0.000936s ]
INFO: [ app_begin ] --END-- [ RunTime:0.001070s ]
SQL: SELECT * FROM `users` WHERE ( user_name= '垃圾高' and user_pwd = '3f442ab565b46afdfc03b181d5669f9f'  )  [ RunTime:0.0111s ]
SQL: UPDATE `users` SET `user_state`='1' WHERE ( user_id = 3 ) [ RunTime:0.2825s ]

[ 2015-06-06T10:21:03+08:00 ] 127.0.0.1 /index.php/Home/Users/getUserInfo
INFO: [ app_init ] --START--
INFO: Run Behavior\BuildLiteBehavior [ RunTime:0.000020s ]
INFO: [ app_init ] --END-- [ RunTime:0.000512s ]
INFO: [ app_begin ] --START--
INFO: Run Behavior\ReadHtmlCacheBehavior [ RunTime:0.000701s ]
INFO: [ app_begin ] --END-- [ RunTime:0.000790s ]
SQL: SELECT * FROM `users` WHERE ( user_name = '垃圾高' )  [ RunTime:0.0005s ]
INFO: [ app_end ] --START--
INFO: Run Behavior\ShowPageTraceBehavior [ RunTime:0.025903s ]
INFO: [ app_end ] --END-- [ RunTime:0.026148s ]

[ 2015-06-06T10:21:04+08:00 ] 127.0.0.1 /index.php/Home/Friends/getOnlineFriends
INFO: [ app_init ] --START--
INFO: Run Behavior\BuildLiteBehavior [ RunTime:0.000022s ]
INFO: [ app_init ] --END-- [ RunTime:0.000569s ]
INFO: [ app_begin ] --START--
INFO: Run Behavior\ReadHtmlCacheBehavior [ RunTime:0.000757s ]
INFO: [ app_begin ] --END-- [ RunTime:0.000845s ]
SQL: SHOW COLUMNS FROM `friends` [ RunTime:0.4037s ]
SQL: select * from users where user_state = 1 and user_id in(select f.friend_user_id from users u1 join friends f on u1.user_id = f.user_id where u1.user_id = 3) [ RunTime:0.0446s ]
INFO: [ app_end ] --START--
INFO: Run Behavior\ShowPageTraceBehavior [ RunTime:0.001569s ]
INFO: [ app_end ] --END-- [ RunTime:0.001706s ]

[ 2015-06-06T10:21:06+08:00 ] 127.0.0.1 /index.php/Home/Friends/getAllFriends
INFO: [ app_init ] --START--
INFO: Run Behavior\BuildLiteBehavior [ RunTime:0.000021s ]
INFO: [ app_init ] --END-- [ RunTime:0.000532s ]
INFO: [ app_begin ] --START--
INFO: Run Behavior\ReadHtmlCacheBehavior [ RunTime:0.000749s ]
INFO: [ app_begin ] --END-- [ RunTime:0.000836s ]
SQL: SHOW COLUMNS FROM `friends` [ RunTime:0.1201s ]
SQL: select * from users where user_id in(select f.friend_user_id from users u1 join friends f on u1.user_id = f.user_id where u1.user_id = 3) [ RunTime:0.0159s ]
INFO: [ app_end ] --START--
INFO: Run Behavior\ShowPageTraceBehavior [ RunTime:0.001486s ]
INFO: [ app_end ] --END-- [ RunTime:0.001630s ]

[ 2015-06-06T10:21:06+08:00 ] 127.0.0.1 /index.php/Home/Content/getMessage
INFO: [ app_init ] --START--
INFO: Run Behavior\BuildLiteBehavior [ RunTime:0.000022s ]
INFO: [ app_init ] --END-- [ RunTime:0.000721s ]
INFO: [ app_begin ] --START--
INFO: Run Behavior\ReadHtmlCacheBehavior [ RunTime:0.000932s ]
INFO: [ app_begin ] --END-- [ RunTime:0.001017s ]
SQL: SHOW COLUMNS FROM `content` [ RunTime:0.1218s ]
SQL: select u1.user_id,u2.user_id,u2.user_name,c.content_message,c.content_time from users u1 join content c on u1.user_id = c.content_sender_id join users u2 on c.content_Receiver_id = u2.user_id where u2.user_id = 3 and c.content_state = 0 order by u2.user_id; [ RunTime:0.0017s ]
INFO: [ app_end ] --START--
INFO: Run Behavior\ShowPageTraceBehavior [ RunTime:0.001785s ]
INFO: [ app_end ] --END-- [ RunTime:0.001923s ]

[ 2015-06-06T10:21:06+08:00 ] 127.0.0.1 /index.php/Home/Content/getMessage
INFO: [ app_init ] --START--
INFO: Run Behavior\BuildLiteBehavior [ RunTime:0.000020s ]
INFO: [ app_init ] --END-- [ RunTime:0.000563s ]
INFO: [ app_begin ] --START--
INFO: Run Behavior\ReadHtmlCacheBehavior [ RunTime:0.000751s ]
INFO: [ app_begin ] --END-- [ RunTime:0.000832s ]
SQL: SHOW COLUMNS FROM `content` [ RunTime:0.0334s ]
SQL: select u1.user_id,u2.user_id,u2.user_name,c.content_message,c.content_time from users u1 join content c on u1.user_id = c.content_sender_id join users u2 on c.content_Receiver_id = u2.user_id where u2.user_id = 3 and c.content_state = 0 order by u2.user_id; [ RunTime:0.0014s ]
INFO: [ app_end ] --START--
INFO: Run Behavior\ShowPageTraceBehavior [ RunTime:0.001537s ]
INFO: [ app_end ] --END-- [ RunTime:0.001681s ]

[ 2015-06-06T10:21:08+08:00 ] 127.0.0.1 /index.php/Home/Content/getMessage
INFO: [ app_init ] --START--
INFO: Run Behavior\BuildLiteBehavior [ RunTime:0.000020s ]
INFO: [ app_init ] --END-- [ RunTime:0.000503s ]
INFO: [ app_begin ] --START--
INFO: Run Behavior\ReadHtmlCacheBehavior [ RunTime:0.000728s ]
INFO: [ app_begin ] --END-- [ RunTime:0.000826s ]
SQL: SHOW COLUMNS FROM `content` [ RunTime:0.0300s ]
SQL: select u1.user_id,u2.user_id,u2.user_name,c.content_message,c.content_time from users u1 join content c on u1.user_id = c.content_sender_id join users u2 on c.content_Receiver_id = u2.user_id where u2.user_id = 3 and c.content_state = 0 order by u2.user_id; [ RunTime:0.0018s ]
INFO: [ app_end ] --START--
INFO: Run Behavior\ShowPageTraceBehavior [ RunTime:0.002259s ]
INFO: [ app_end ] --END-- [ RunTime:0.002483s ]

[ 2015-06-06T10:21:08+08:00 ] 127.0.0.1 /index.php/Home/Friends/getOnlineFriends
INFO: [ app_init ] --START--
INFO: Run Behavior\BuildLiteBehavior [ RunTime:0.000014s ]
INFO: [ app_init ] --END-- [ RunTime:0.000371s ]
INFO: [ app_begin ] --START--
INFO: Run Behavior\ReadHtmlCacheBehavior [ RunTime:0.000485s ]
INFO: [ app_begin ] --END-- [ RunTime:0.000539s ]
SQL: SHOW COLUMNS FROM `friends` [ RunTime:0.0151s ]
SQL: select * from users where user_state = 1 and user_id in(select f.friend_user_id from users u1 join friends f on u1.user_id = f.user_id where u1.user_id = 3) [ RunTime:0.0009s ]
INFO: [ app_end ] --START--
INFO: Run Behavior\ShowPageTraceBehavior [ RunTime:0.000765s ]
INFO: [ app_end ] --END-- [ RunTime:0.000838s ]

[ 2015-06-06T10:21:09+08:00 ] 127.0.0.1 /index.php/Home/Content/getMessage
INFO: [ app_init ] --START--
INFO: Run Behavior\BuildLiteBehavior [ RunTime:0.000032s ]
INFO: [ app_init ] --END-- [ RunTime:0.001046s ]
INFO: [ app_begin ] --START--
INFO: Run Behavior\ReadHtmlCacheBehavior [ RunTime:0.001210s ]
INFO: [ app_begin ] --END-- [ RunTime:0.001352s ]
SQL: SHOW COLUMNS FROM `content` [ RunTime:0.0253s ]
SQL: select u1.user_id,u2.user_id,u2.user_name,c.content_message,c.content_time from users u1 join content c on u1.user_id = c.content_sender_id join users u2 on c.content_Receiver_id = u2.user_id where u2.user_id = 3 and c.content_state = 0 order by u2.user_id; [ RunTime:0.0012s ]
INFO: [ app_end ] --START--
INFO: Run Behavior\ShowPageTraceBehavior [ RunTime:0.001585s ]
INFO: [ app_end ] --END-- [ RunTime:0.001752s ]

[ 2015-06-06T10:21:11+08:00 ] 127.0.0.1 /index.php/Home/Content/getMessage
INFO: [ app_init ] --START--
INFO: Run Behavior\BuildLiteBehavior [ RunTime:0.000021s ]
INFO: [ app_init ] --END-- [ RunTime:0.000504s ]
INFO: [ app_begin ] --START--
INFO: Run Behavior\ReadHtmlCacheBehavior [ RunTime:0.000735s ]
INFO: [ app_begin ] --END-- [ RunTime:0.000825s ]
SQL: SHOW COLUMNS FROM `content` [ RunTime:0.0311s ]
SQL: select u1.user_id,u2.user_id,u2.user_name,c.content_message,c.content_time from users u1 join content c on u1.user_id = c.content_sender_id join users u2 on c.content_Receiver_id = u2.user_id where u2.user_id = 3 and c.content_state = 0 order by u2.user_id; [ RunTime:0.0023s ]
INFO: [ app_end ] --START--
INFO: Run Behavior\ShowPageTraceBehavior [ RunTime:0.002842s ]
INFO: [ app_end ] --END-- [ RunTime:0.003077s ]

[ 2015-06-06T10:21:11+08:00 ] 127.0.0.1 /index.php/Home/Friends/getAllFriends
INFO: [ app_init ] --START--
INFO: Run Behavior\BuildLiteBehavior [ RunTime:0.000019s ]
INFO: [ app_init ] --END-- [ RunTime:0.000503s ]
INFO: [ app_begin ] --START--
INFO: Run Behavior\ReadHtmlCacheBehavior [ RunTime:0.000767s ]
INFO: [ app_begin ] --END-- [ RunTime:0.000859s ]
SQL: SHOW COLUMNS FROM `friends` [ RunTime:0.0477s ]
SQL: select * from users where user_id in(select f.friend_user_id from users u1 join friends f on u1.user_id = f.user_id where u1.user_id = 3) [ RunTime:0.0020s ]
INFO: [ app_end ] --START--
INFO: Run Behavior\ShowPageTraceBehavior [ RunTime:0.001993s ]
INFO: [ app_end ] --END-- [ RunTime:0.002164s ]

[ 2015-06-06T10:21:12+08:00 ] 127.0.0.1 /index.php/Home/Content/getMessage
INFO: [ app_init ] --START--
INFO: Run Behavior\BuildLiteBehavior [ RunTime:0.000021s ]
INFO: [ app_init ] --END-- [ RunTime:0.000590s ]
INFO: [ app_begin ] --START--
INFO: Run Behavior\ReadHtmlCacheBehavior [ RunTime:0.000929s ]
INFO: [ app_begin ] --END-- [ RunTime:0.001048s ]
SQL: SHOW COLUMNS FROM `content` [ RunTime:0.0409s ]
SQL: select u1.user_id,u2.user_id,u2.user_name,c.content_message,c.content_time from users u1 join content c on u1.user_id = c.content_sender_id join users u2 on c.content_Receiver_id = u2.user_id where u2.user_id = 3 and c.content_state = 0 order by u2.user_id; [ RunTime:0.0015s ]
INFO: [ app_end ] --START--
INFO: Run Behavior\ShowPageTraceBehavior [ RunTime:0.001575s ]
INFO: [ app_end ] --END-- [ RunTime:0.001753s ]

[ 2015-06-06T10:21:14+08:00 ] 127.0.0.1 /index.php/Home/Content/getMessage
INFO: [ app_init ] --START--
INFO: Run Behavior\BuildLiteBehavior [ RunTime:0.000022s ]
INFO: [ app_init ] --END-- [ RunTime:0.000541s ]
INFO: [ app_begin ] --START--
INFO: Run Behavior\ReadHtmlCacheBehavior [ RunTime:0.000764s ]
INFO: [ app_begin ] --END-- [ RunTime:0.000863s ]
SQL: SHOW COLUMNS FROM `content` [ RunTime:0.0138s ]
SQL: select u1.user_id,u2.user_id,u2.user_name,c.content_message,c.content_time from users u1 join content c on u1.user_id = c.content_sender_id join users u2 on c.content_Receiver_id = u2.user_id where u2.user_id = 3 and c.content_state = 0 order by u2.user_id; [ RunTime:0.0008s ]
INFO: [ app_end ] --START--
INFO: Run Behavior\ShowPageTraceBehavior [ RunTime:0.000897s ]
INFO: [ app_end ] --END-- [ RunTime:0.000989s ]

[ 2015-06-06T10:21:15+08:00 ] 127.0.0.1 /index.php/Home/Content/getMessage
INFO: [ app_init ] --START--
INFO: Run Behavior\BuildLiteBehavior [ RunTime:0.000047s ]
INFO: [ app_init ] --END-- [ RunTime:0.001191s ]
INFO: [ app_begin ] --START--
INFO: Run Behavior\ReadHtmlCacheBehavior [ RunTime:0.001336s ]
INFO: [ app_begin ] --END-- [ RunTime:0.001491s ]
SQL: SHOW COLUMNS FROM `content` [ RunTime:0.0283s ]
SQL: select u1.user_id,u2.user_id,u2.user_name,c.content_message,c.content_time from users u1 join content c on u1.user_id = c.content_sender_id join users u2 on c.content_Receiver_id = u2.user_id where u2.user_id = 3 and c.content_state = 0 order by u2.user_id; [ RunTime:0.0008s ]
INFO: [ app_end ] --START--
INFO: Run Behavior\ShowPageTraceBehavior [ RunTime:0.001404s ]
INFO: [ app_end ] --END-- [ RunTime:0.001515s ]

[ 2015-06-06T10:21:17+08:00 ] 127.0.0.1 /index.php/Home/Content/getMessage
INFO: [ app_init ] --START--
INFO: Run Behavior\BuildLiteBehavior [ RunTime:0.000013s ]
INFO: [ app_init ] --END-- [ RunTime:0.000376s ]
INFO: [ app_begin ] --START--
INFO: Run Behavior\ReadHtmlCacheBehavior [ RunTime:0.000485s ]
INFO: [ app_begin ] --END-- [ RunTime:0.000539s ]
SQL: SHOW COLUMNS FROM `content` [ RunTime:0.0251s ]
SQL: select u1.user_id,u2.user_id,u2.user_name,c.content_message,c.content_time from users u1 join content c on u1.user_id = c.content_sender_id join users u2 on c.content_Receiver_id = u2.user_id where u2.user_id = 3 and c.content_state = 0 order by u2.user_id; [ RunTime:0.0012s ]
INFO: [ app_end ] --START--
INFO: Run Behavior\ShowPageTraceBehavior [ RunTime:0.001473s ]
INFO: [ app_end ] --END-- [ RunTime:0.001612s ]

[ 2015-06-06T10:21:18+08:00 ] 127.0.0.1 /index.php/Home/Content/getMessage
INFO: [ app_init ] --START--
INFO: Run Behavior\BuildLiteBehavior [ RunTime:0.000031s ]
INFO: [ app_init ] --END-- [ RunTime:0.000933s ]
INFO: [ app_begin ] --START--
INFO: Run Behavior\ReadHtmlCacheBehavior [ RunTime:0.001234s ]
INFO: [ app_begin ] --END-- [ RunTime:0.001398s ]
SQL: SHOW COLUMNS FROM `content` [ RunTime:0.0189s ]
SQL: select u1.user_id,u2.user_id,u2.user_name,c.content_message,c.content_time from users u1 join content c on u1.user_id = c.content_sender_id join users u2 on c.content_Receiver_id = u2.user_id where u2.user_id = 3 and c.content_state = 0 order by u2.user_id; [ RunTime:0.0009s ]
INFO: [ app_end ] --START--
INFO: Run Behavior\ShowPageTraceBehavior [ RunTime:0.001249s ]
INFO: [ app_end ] --END-- [ RunTime:0.001381s ]

[ 2015-06-06T10:21:20+08:00 ] 127.0.0.1 /index.php/Home/Content/getMessage
INFO: [ app_init ] --START--
INFO: Run Behavior\BuildLiteBehavior [ RunTime:0.000019s ]
INFO: [ app_init ] --END-- [ RunTime:0.000525s ]
INFO: [ app_begin ] --START--
INFO: Run Behavior\ReadHtmlCacheBehavior [ RunTime:0.000717s ]
INFO: [ app_begin ] --END-- [ RunTime:0.000795s ]
SQL: SHOW COLUMNS FROM `content` [ RunTime:0.0151s ]
SQL: select u1.user_id,u2.user_id,u2.user_name,c.content_message,c.content_time from users u1 join content c on u1.user_id = c.content_sender_id join users u2 on c.content_Receiver_id = u2.user_id where u2.user_id = 3 and c.content_state = 0 order by u2.user_id; [ RunTime:0.0007s ]
INFO: [ app_end ] --START--
INFO: Run Behavior\ShowPageTraceBehavior [ RunTime:0.000917s ]
INFO: [ app_end ] --END-- [ RunTime:0.000998s ]

[ 2015-06-06T10:21:21+08:00 ] 127.0.0.1 /index.php/Home/Content/getMessage
INFO: [ app_init ] --START--
INFO: Run Behavior\BuildLiteBehavior [ RunTime:0.000031s ]
INFO: [ app_init ] --END-- [ RunTime:0.000914s ]
INFO: [ app_begin ] --START--
INFO: Run Behavior\ReadHtmlCacheBehavior [ RunTime:0.001206s ]
INFO: [ app_begin ] --END-- [ RunTime:0.001382s ]
SQL: SHOW COLUMNS FROM `content` [ RunTime:0.0404s ]
SQL: select u1.user_id,u2.user_id,u2.user_name,c.content_message,c.content_time from users u1 join content c on u1.user_id = c.content_sender_id join users u2 on c.content_Receiver_id = u2.user_id where u2.user_id = 3 and c.content_state = 0 order by u2.user_id; [ RunTime:0.0012s ]
INFO: [ app_end ] --START--
INFO: Run Behavior\ShowPageTraceBehavior [ RunTime:0.001551s ]
INFO: [ app_end ] --END-- [ RunTime:0.001690s ]

[ 2015-06-06T10:21:23+08:00 ] 127.0.0.1 /index.php/Home/Content/getMessage
INFO: [ app_init ] --START--
INFO: Run Behavior\BuildLiteBehavior [ RunTime:0.000021s ]
INFO: [ app_init ] --END-- [ RunTime:0.000585s ]
INFO: [ app_begin ] --START--
INFO: Run Behavior\ReadHtmlCacheBehavior [ RunTime:0.000756s ]
INFO: [ app_begin ] --END-- [ RunTime:0.000842s ]
SQL: SHOW COLUMNS FROM `content` [ RunTime:0.0247s ]
SQL: select u1.user_id,u2.user_id,u2.user_name,c.content_message,c.content_time from users u1 join content c on u1.user_id = c.content_sender_id join users u2 on c.content_Receiver_id = u2.user_id where u2.user_id = 3 and c.content_state = 0 order by u2.user_id; [ RunTime:0.0013s ]
INFO: [ app_end ] --START--
INFO: Run Behavior\ShowPageTraceBehavior [ RunTime:0.001533s ]
INFO: [ app_end ] --END-- [ RunTime:0.001718s ]

[ 2015-06-06T10:21:24+08:00 ] 127.0.0.1 /index.php/Home/Content/getMessage
INFO: [ app_init ] --START--
INFO: Run Behavior\BuildLiteBehavior [ RunTime:0.000030s ]
INFO: [ app_init ] --END-- [ RunTime:0.000932s ]
INFO: [ app_begin ] --START--
INFO: Run Behavior\ReadHtmlCacheBehavior [ RunTime:0.001206s ]
INFO: [ app_begin ] --END-- [ RunTime:0.001341s ]
SQL: SHOW COLUMNS FROM `content` [ RunTime:0.0251s ]
SQL: select u1.user_id,u2.user_id,u2.user_name,c.content_message,c.content_time from users u1 join content c on u1.user_id = c.content_sender_id join users u2 on c.content_Receiver_id = u2.user_id where u2.user_id = 3 and c.content_state = 0 order by u2.user_id; [ RunTime:0.0012s ]
INFO: [ app_end ] --START--
INFO: Run Behavior\ShowPageTraceBehavior [ RunTime:0.001667s ]
INFO: [ app_end ] --END-- [ RunTime:0.001812s ]

[ 2015-06-06T10:21:26+08:00 ] 127.0.0.1 /index.php/Home/Content/getMessage
INFO: [ app_init ] --START--
INFO: Run Behavior\BuildLiteBehavior [ RunTime:0.000015s ]
INFO: [ app_init ] --END-- [ RunTime:0.000428s ]
INFO: [ app_begin ] --START--
INFO: Run Behavior\ReadHtmlCacheBehavior [ RunTime:0.000742s ]
INFO: [ app_begin ] --END-- [ RunTime:0.000838s ]
SQL: SHOW COLUMNS FROM `content` [ RunTime:0.0130s ]
SQL: select u1.user_id,u2.user_id,u2.user_name,c.content_message,c.content_time from users u1 join content c on u1.user_id = c.content_sender_id join users u2 on c.content_Receiver_id = u2.user_id where u2.user_id = 3 and c.content_state = 0 order by u2.user_id; [ RunTime:0.0006s ]
INFO: [ app_end ] --START--
INFO: Run Behavior\ShowPageTraceBehavior [ RunTime:0.000899s ]
INFO: [ app_end ] --END-- [ RunTime:0.000989s ]

[ 2015-06-06T10:21:27+08:00 ] 127.0.0.1 /index.php/Home/Content/getMessage
INFO: [ app_init ] --START--
INFO: Run Behavior\BuildLiteBehavior [ RunTime:0.000014s ]
INFO: [ app_init ] --END-- [ RunTime:0.000367s ]
INFO: [ app_begin ] --START--
INFO: Run Behavior\ReadHtmlCacheBehavior [ RunTime:0.000484s ]
INFO: [ app_begin ] --END-- [ RunTime:0.000538s ]
SQL: SHOW COLUMNS FROM `content` [ RunTime:0.0108s ]
SQL: select u1.user_id,u2.user_id,u2.user_name,c.content_message,c.content_time from users u1 join content c on u1.user_id = c.content_sender_id join users u2 on c.content_Receiver_id = u2.user_id where u2.user_id = 3 and c.content_state = 0 order by u2.user_id; [ RunTime:0.0005s ]
INFO: [ app_end ] --START--
INFO: Run Behavior\ShowPageTraceBehavior [ RunTime:0.000650s ]
INFO: [ app_end ] --END-- [ RunTime:0.000706s ]

[ 2015-06-06T10:21:29+08:00 ] 127.0.0.1 /index.php/Home/Content/getMessage
INFO: [ app_init ] --START--
INFO: Run Behavior\BuildLiteBehavior [ RunTime:0.000031s ]
INFO: [ app_init ] --END-- [ RunTime:0.000972s ]
INFO: [ app_begin ] --START--
INFO: Run Behavior\ReadHtmlCacheBehavior [ RunTime:0.001368s ]
INFO: [ app_begin ] --END-- [ RunTime:0.001512s ]
SQL: SHOW COLUMNS FROM `content` [ RunTime:0.0253s ]
SQL: select u1.user_id,u2.user_id,u2.user_name,c.content_message,c.content_time from users u1 join content c on u1.user_id = c.content_sender_id join users u2 on c.content_Receiver_id = u2.user_id where u2.user_id = 3 and c.content_state = 0 order by u2.user_id; [ RunTime:0.0013s ]
INFO: [ app_end ] --START--
INFO: Run Behavior\ShowPageTraceBehavior [ RunTime:0.001624s ]
INFO: [ app_end ] --END-- [ RunTime:0.001763s ]

[ 2015-06-06T10:21:30+08:00 ] 127.0.0.1 /index.php/Home/Content/getMessage
INFO: [ app_init ] --START--
INFO: Run Behavior\BuildLiteBehavior [ RunTime:0.000032s ]
INFO: [ app_init ] --END-- [ RunTime:0.000938s ]
INFO: [ app_begin ] --START--
INFO: Run Behavior\ReadHtmlCacheBehavior [ RunTime:0.001233s ]
INFO: [ app_begin ] --END-- [ RunTime:0.001374s ]
SQL: SHOW COLUMNS FROM `content` [ RunTime:0.0163s ]
SQL: select u1.user_id,u2.user_id,u2.user_name,c.content_message,c.content_time from users u1 join content c on u1.user_id = c.content_sender_id join users u2 on c.content_Receiver_id = u2.user_id where u2.user_id = 3 and c.content_state = 0 order by u2.user_id; [ RunTime:0.0008s ]
INFO: [ app_end ] --START--
INFO: Run Behavior\ShowPageTraceBehavior [ RunTime:0.001037s ]
INFO: [ app_end ] --END-- [ RunTime:0.001129s ]

[ 2015-06-06T10:21:32+08:00 ] 127.0.0.1 /index.php/Home/Content/getMessage
INFO: [ app_init ] --START--
INFO: Run Behavior\BuildLiteBehavior [ RunTime:0.000021s ]
INFO: [ app_init ] --END-- [ RunTime:0.000546s ]
INFO: [ app_begin ] --START--
INFO: Run Behavior\ReadHtmlCacheBehavior [ RunTime:0.000744s ]
INFO: [ app_begin ] --END-- [ RunTime:0.000845s ]
SQL: SHOW COLUMNS FROM `content` [ RunTime:0.0136s ]
SQL: select u1.user_id,u2.user_id,u2.user_name,c.content_message,c.content_time from users u1 join content c on u1.user_id = c.content_sender_id join users u2 on c.content_Receiver_id = u2.user_id where u2.user_id = 3 and c.content_state = 0 order by u2.user_id; [ RunTime:0.0007s ]
INFO: [ app_end ] --START--
INFO: Run Behavior\ShowPageTraceBehavior [ RunTime:0.000841s ]
INFO: [ app_end ] --END-- [ RunTime:0.000933s ]

[ 2015-06-06T10:21:33+08:00 ] 127.0.0.1 /index.php/Home/Content/getMessage
INFO: [ app_init ] --START--
INFO: Run Behavior\BuildLiteBehavior [ RunTime:0.000031s ]
INFO: [ app_init ] --END-- [ RunTime:0.000931s ]
INFO: [ app_begin ] --START--
INFO: Run Behavior\ReadHtmlCacheBehavior [ RunTime:0.001197s ]
INFO: [ app_begin ] --END-- [ RunTime:0.001335s ]
SQL: SHOW COLUMNS FROM `content` [ RunTime:0.0254s ]
SQL: select u1.user_id,u2.user_id,u2.user_name,c.content_message,c.content_time from users u1 join content c on u1.user_id = c.content_sender_id join users u2 on c.content_Receiver_id = u2.user_id where u2.user_id = 3 and c.content_state = 0 order by u2.user_id; [ RunTime:0.0013s ]
INFO: [ app_end ] --START--
INFO: Run Behavior\ShowPageTraceBehavior [ RunTime:0.001528s ]
INFO: [ app_end ] --END-- [ RunTime:0.001707s ]

[ 2015-06-06T10:21:35+08:00 ] 127.0.0.1 /index.php/Home/Content/getMessage
INFO: [ app_init ] --START--
INFO: Run Behavior\BuildLiteBehavior [ RunTime:0.000014s ]
INFO: [ app_init ] --END-- [ RunTime:0.000361s ]
INFO: [ app_begin ] --START--
INFO: Run Behavior\ReadHtmlCacheBehavior [ RunTime:0.000468s ]
INFO: [ app_begin ] --END-- [ RunTime:0.000521s ]
SQL: SHOW COLUMNS FROM `content` [ RunTime:0.0553s ]
SQL: select u1.user_id,u2.user_id,u2.user_name,c.content_message,c.content_time from users u1 join content c on u1.user_id = c.content_sender_id join users u2 on c.content_Receiver_id = u2.user_id where u2.user_id = 3 and c.content_state = 0 order by u2.user_id; [ RunTime:0.0013s ]
INFO: [ app_end ] --START--
INFO: Run Behavior\ShowPageTraceBehavior [ RunTime:0.001499s ]
INFO: [ app_end ] --END-- [ RunTime:0.001636s ]

[ 2015-06-06T10:21:36+08:00 ] 127.0.0.1 /index.php/Home/Content/getMessage
INFO: [ app_init ] --START--
INFO: Run Behavior\BuildLiteBehavior [ RunTime:0.000032s ]
INFO: [ app_init ] --END-- [ RunTime:0.000918s ]
INFO: [ app_begin ] --START--
INFO: Run Behavior\ReadHtmlCacheBehavior [ RunTime:0.001226s ]
INFO: [ app_begin ] --END-- [ RunTime:0.001363s ]
SQL: SHOW COLUMNS FROM `content` [ RunTime:0.0135s ]
SQL: select u1.user_id,u2.user_id,u2.user_name,c.content_message,c.content_time from users u1 join content c on u1.user_id = c.content_sender_id join users u2 on c.content_Receiver_id = u2.user_id where u2.user_id = 3 and c.content_state = 0 order by u2.user_id; [ RunTime:0.0008s ]
INFO: [ app_end ] --START--
INFO: Run Behavior\ShowPageTraceBehavior [ RunTime:0.000875s ]
INFO: [ app_end ] --END-- [ RunTime:0.000972s ]

[ 2015-06-06T10:21:38+08:00 ] 127.0.0.1 /index.php/Home/Content/getMessage
INFO: [ app_init ] --START--
INFO: Run Behavior\BuildLiteBehavior [ RunTime:0.000031s ]
INFO: [ app_init ] --END-- [ RunTime:0.000936s ]
INFO: [ app_begin ] --START--
INFO: Run Behavior\ReadHtmlCacheBehavior [ RunTime:0.001207s ]
INFO: [ app_begin ] --END-- [ RunTime:0.001345s ]
SQL: SHOW COLUMNS FROM `content` [ RunTime:0.0252s ]
SQL: select u1.user_id,u2.user_id,u2.user_name,c.content_message,c.content_time from users u1 join content c on u1.user_id = c.content_sender_id join users u2 on c.content_Receiver_id = u2.user_id where u2.user_id = 3 and c.content_state = 0 order by u2.user_id; [ RunTime:0.0013s ]
INFO: [ app_end ] --START--
INFO: Run Behavior\ShowPageTraceBehavior [ RunTime:0.001577s ]
INFO: [ app_end ] --END-- [ RunTime:0.001716s ]

[ 2015-06-06T10:21:39+08:00 ] 127.0.0.1 /index.php/Home/Content/getMessage
INFO: [ app_init ] --START--
INFO: Run Behavior\BuildLiteBehavior [ RunTime:0.000029s ]
INFO: [ app_init ] --END-- [ RunTime:0.000807s ]
INFO: [ app_begin ] --START--
INFO: Run Behavior\ReadHtmlCacheBehavior [ RunTime:0.001111s ]
INFO: [ app_begin ] --END-- [ RunTime:0.001243s ]
SQL: SHOW COLUMNS FROM `content` [ RunTime:0.0122s ]
SQL: select u1.user_id,u2.user_id,u2.user_name,c.content_message,c.content_time from users u1 join content c on u1.user_id = c.content_sender_id join users u2 on c.content_Receiver_id = u2.user_id where u2.user_id = 3 and c.content_state = 0 order by u2.user_id; [ RunTime:0.0010s ]
INFO: [ app_end ] --START--
INFO: Run Behavior\ShowPageTraceBehavior [ RunTime:0.000886s ]
INFO: [ app_end ] --END-- [ RunTime:0.000972s ]

[ 2015-06-06T10:21:41+08:00 ] 127.0.0.1 /index.php/Home/Content/getMessage
INFO: [ app_init ] --START--
INFO: Run Behavior\BuildLiteBehavior [ RunTime:0.000022s ]
INFO: [ app_init ] --END-- [ RunTime:0.000593s ]
INFO: [ app_begin ] --START--
INFO: Run Behavior\ReadHtmlCacheBehavior [ RunTime:0.000828s ]
INFO: [ app_begin ] --END-- [ RunTime:0.000915s ]
SQL: SHOW COLUMNS FROM `content` [ RunTime:0.0254s ]
SQL: select u1.user_id,u2.user_id,u2.user_name,c.content_message,c.content_time from users u1 join content c on u1.user_id = c.content_sender_id join users u2 on c.content_Receiver_id = u2.user_id where u2.user_id = 3 and c.content_state = 0 order by u2.user_id; [ RunTime:0.0012s ]
INFO: [ app_end ] --START--
INFO: Run Behavior\ShowPageTraceBehavior [ RunTime:0.001548s ]
INFO: [ app_end ] --END-- [ RunTime:0.001688s ]

[ 2015-06-06T10:21:42+08:00 ] 127.0.0.1 /index.php/Home/Content/getMessage
INFO: [ app_init ] --START--
INFO: Run Behavior\BuildLiteBehavior [ RunTime:0.000031s ]
INFO: [ app_init ] --END-- [ RunTime:0.000923s ]
INFO: [ app_begin ] --START--
INFO: Run Behavior\ReadHtmlCacheBehavior [ RunTime:0.001261s ]
INFO: [ app_begin ] --END-- [ RunTime:0.001400s ]
SQL: SHOW COLUMNS FROM `content` [ RunTime:0.0388s ]
SQL: select u1.user_id,u2.user_id,u2.user_name,c.content_message,c.content_time from users u1 join content c on u1.user_id = c.content_sender_id join users u2 on c.content_Receiver_id = u2.user_id where u2.user_id = 3 and c.content_state = 0 order by u2.user_id; [ RunTime:0.0012s ]
INFO: [ app_end ] --START--
INFO: Run Behavior\ShowPageTraceBehavior [ RunTime:0.001529s ]
INFO: [ app_end ] --END-- [ RunTime:0.001667s ]

[ 2015-06-06T10:21:44+08:00 ] 127.0.0.1 /index.php/Home/Content/getMessage
INFO: [ app_init ] --START--
INFO: Run Behavior\BuildLiteBehavior [ RunTime:0.000033s ]
INFO: [ app_init ] --END-- [ RunTime:0.000985s ]
INFO: [ app_begin ] --START--
INFO: Run Behavior\ReadHtmlCacheBehavior [ RunTime:0.001208s ]
INFO: [ app_begin ] --END-- [ RunTime:0.001345s ]
SQL: SHOW COLUMNS FROM `content` [ RunTime:0.0281s ]
SQL: select u1.user_id,u2.user_id,u2.user_name,c.content_message,c.content_time from users u1 join content c on u1.user_id = c.content_sender_id join users u2 on c.content_Receiver_id = u2.user_id where u2.user_id = 3 and c.content_state = 0 order by u2.user_id; [ RunTime:0.0017s ]
INFO: [ app_end ] --START--
INFO: Run Behavior\ShowPageTraceBehavior [ RunTime:0.002035s ]
INFO: [ app_end ] --END-- [ RunTime:0.002243s ]

[ 2015-06-06T10:21:45+08:00 ] 127.0.0.1 /index.php/Home/Content/getMessage
INFO: [ app_init ] --START--
INFO: Run Behavior\BuildLiteBehavior [ RunTime:0.000046s ]
INFO: [ app_init ] --END-- [ RunTime:0.000931s ]
INFO: [ app_begin ] --START--
INFO: Run Behavior\ReadHtmlCacheBehavior [ RunTime:0.001287s ]
INFO: [ app_begin ] --END-- [ RunTime:0.001425s ]
SQL: SHOW COLUMNS FROM `content` [ RunTime:0.0622s ]
SQL: select u1.user_id,u2.user_id,u2.user_name,c.content_message,c.content_time from users u1 join content c on u1.user_id = c.content_sender_id join users u2 on c.content_Receiver_id = u2.user_id where u2.user_id = 3 and c.content_state = 0 order by u2.user_id; [ RunTime:0.0013s ]
INFO: [ app_end ] --START--
INFO: Run Behavior\ShowPageTraceBehavior [ RunTime:0.001546s ]
INFO: [ app_end ] --END-- [ RunTime:0.001692s ]

[ 2015-06-06T10:21:47+08:00 ] 127.0.0.1 /index.php/Home/Content/getMessage
INFO: [ app_init ] --START--
INFO: Run Behavior\BuildLiteBehavior [ RunTime:0.000031s ]
INFO: [ app_init ] --END-- [ RunTime:0.000917s ]
INFO: [ app_begin ] --START--
INFO: Run Behavior\ReadHtmlCacheBehavior [ RunTime:0.001227s ]
INFO: [ app_begin ] --END-- [ RunTime:0.001375s ]
SQL: SHOW COLUMNS FROM `content` [ RunTime:0.0269s ]
SQL: select u1.user_id,u2.user_id,u2.user_name,c.content_message,c.content_time from users u1 join content c on u1.user_id = c.content_sender_id join users u2 on c.content_Receiver_id = u2.user_id where u2.user_id = 3 and c.content_state = 0 order by u2.user_id; [ RunTime:0.0013s ]
INFO: [ app_end ] --START--
INFO: Run Behavior\ShowPageTraceBehavior [ RunTime:0.001542s ]
INFO: [ app_end ] --END-- [ RunTime:0.001732s ]

[ 2015-06-06T10:21:48+08:00 ] 127.0.0.1 /index.php/Home/Content/getMessage
INFO: [ app_init ] --START--
INFO: Run Behavior\BuildLiteBehavior [ RunTime:0.000033s ]
INFO: [ app_init ] --END-- [ RunTime:0.000946s ]
INFO: [ app_begin ] --START--
INFO: Run Behavior\ReadHtmlCacheBehavior [ RunTime:0.001256s ]
INFO: [ app_begin ] --END-- [ RunTime:0.001420s ]
SQL: SHOW COLUMNS FROM `content` [ RunTime:0.0256s ]
SQL: select u1.user_id,u2.user_id,u2.user_name,c.content_message,c.content_time from users u1 join content c on u1.user_id = c.content_sender_id join users u2 on c.content_Receiver_id = u2.user_id where u2.user_id = 3 and c.content_state = 0 order by u2.user_id; [ RunTime:0.0013s ]
INFO: [ app_end ] --START--
INFO: Run Behavior\ShowPageTraceBehavior [ RunTime:0.001527s ]
INFO: [ app_end ] --END-- [ RunTime:0.001665s ]

[ 2015-06-06T10:21:50+08:00 ] 127.0.0.1 /index.php/Home/Content/getMessage
INFO: [ app_init ] --START--
INFO: Run Behavior\BuildLiteBehavior [ RunTime:0.000021s ]
INFO: [ app_init ] --END-- [ RunTime:0.000539s ]
INFO: [ app_begin ] --START--
INFO: Run Behavior\ReadHtmlCacheBehavior [ RunTime:0.000725s ]
INFO: [ app_begin ] --END-- [ RunTime:0.000811s ]
SQL: SHOW COLUMNS FROM `content` [ RunTime:0.0132s ]
SQL: select u1.user_id,u2.user_id,u2.user_name,c.content_message,c.content_time from users u1 join content c on u1.user_id = c.content_sender_id join users u2 on c.content_Receiver_id = u2.user_id where u2.user_id = 3 and c.content_state = 0 order by u2.user_id; [ RunTime:0.0006s ]
INFO: [ app_end ] --START--
INFO: Run Behavior\ShowPageTraceBehavior [ RunTime:0.000894s ]
INFO: [ app_end ] --END-- [ RunTime:0.000983s ]

[ 2015-06-06T10:21:51+08:00 ] 127.0.0.1 /index.php/Home/Content/getMessage
INFO: [ app_init ] --START--
INFO: Run Behavior\BuildLiteBehavior [ RunTime:0.000047s ]
INFO: [ app_init ] --END-- [ RunTime:0.001237s ]
INFO: [ app_begin ] --START--
INFO: Run Behavior\ReadHtmlCacheBehavior [ RunTime:0.001888s ]
INFO: [ app_begin ] --END-- [ RunTime:0.002105s ]
SQL: SHOW COLUMNS FROM `content` [ RunTime:0.0146s ]
SQL: select u1.user_id,u2.user_id,u2.user_name,c.content_message,c.content_time from users u1 join content c on u1.user_id = c.content_sender_id join users u2 on c.content_Receiver_id = u2.user_id where u2.user_id = 3 and c.content_state = 0 order by u2.user_id; [ RunTime:0.0006s ]
INFO: [ app_end ] --START--
INFO: Run Behavior\ShowPageTraceBehavior [ RunTime:0.000904s ]
INFO: [ app_end ] --END-- [ RunTime:0.000994s ]

[ 2015-06-06T10:21:53+08:00 ] 127.0.0.1 /index.php/Home/Content/getMessage
INFO: [ app_init ] --START--
INFO: Run Behavior\BuildLiteBehavior [ RunTime:0.000022s ]
INFO: [ app_init ] --END-- [ RunTime:0.000547s ]
INFO: [ app_begin ] --START--
INFO: Run Behavior\ReadHtmlCacheBehavior [ RunTime:0.000733s ]
INFO: [ app_begin ] --END-- [ RunTime:0.000821s ]
SQL: SHOW COLUMNS FROM `content` [ RunTime:0.0134s ]
SQL: select u1.user_id,u2.user_id,u2.user_name,c.content_message,c.content_time from users u1 join content c on u1.user_id = c.content_sender_id join users u2 on c.content_Receiver_id = u2.user_id where u2.user_id = 3 and c.content_state = 0 order by u2.user_id; [ RunTime:0.0007s ]
INFO: [ app_end ] --START--
INFO: Run Behavior\ShowPageTraceBehavior [ RunTime:0.000968s ]
INFO: [ app_end ] --END-- [ RunTime:0.001064s ]

[ 2015-06-06T10:21:54+08:00 ] 127.0.0.1 /index.php/Home/Content/getMessage
INFO: [ app_init ] --START--
INFO: Run Behavior\BuildLiteBehavior [ RunTime:0.000031s ]
INFO: [ app_init ] --END-- [ RunTime:0.000804s ]
INFO: [ app_begin ] --START--
INFO: Run Behavior\ReadHtmlCacheBehavior [ RunTime:0.001118s ]
INFO: [ app_begin ] --END-- [ RunTime:0.001258s ]
SQL: SHOW COLUMNS FROM `content` [ RunTime:0.0131s ]
SQL: select u1.user_id,u2.user_id,u2.user_name,c.content_message,c.content_time from users u1 join content c on u1.user_id = c.content_sender_id join users u2 on c.content_Receiver_id = u2.user_id where u2.user_id = 3 and c.content_state = 0 order by u2.user_id; [ RunTime:0.0007s ]
INFO: [ app_end ] --START--
INFO: Run Behavior\ShowPageTraceBehavior [ RunTime:0.000912s ]
INFO: [ app_end ] --END-- [ RunTime:0.001001s ]

[ 2015-06-06T10:21:56+08:00 ] 127.0.0.1 /index.php/Home/Content/getMessage
INFO: [ app_init ] --START--
INFO: Run Behavior\BuildLiteBehavior [ RunTime:0.000032s ]
INFO: [ app_init ] --END-- [ RunTime:0.000934s ]
INFO: [ app_begin ] --START--
INFO: Run Behavior\ReadHtmlCacheBehavior [ RunTime:0.001207s ]
INFO: [ app_begin ] --END-- [ RunTime:0.001343s ]
SQL: SHOW COLUMNS FROM `content` [ RunTime:0.0252s ]
SQL: select u1.user_id,u2.user_id,u2.user_name,c.content_message,c.content_time from users u1 join content c on u1.user_id = c.content_sender_id join users u2 on c.content_Receiver_id = u2.user_id where u2.user_id = 3 and c.content_state = 0 order by u2.user_id; [ RunTime:0.0013s ]
INFO: [ app_end ] --START--
INFO: Run Behavior\ShowPageTraceBehavior [ RunTime:0.001510s ]
INFO: [ app_end ] --END-- [ RunTime:0.001649s ]

[ 2015-06-06T10:21:57+08:00 ] 127.0.0.1 /index.php/Home/Content/getMessage
INFO: [ app_init ] --START--
INFO: Run Behavior\BuildLiteBehavior [ RunTime:0.000032s ]
INFO: [ app_init ] --END-- [ RunTime:0.000930s ]
INFO: [ app_begin ] --START--
INFO: Run Behavior\ReadHtmlCacheBehavior [ RunTime:0.001202s ]
INFO: [ app_begin ] --END-- [ RunTime:0.001337s ]
SQL: SHOW COLUMNS FROM `content` [ RunTime:0.0222s ]
SQL: select u1.user_id,u2.user_id,u2.user_name,c.content_message,c.content_time from users u1 join content c on u1.user_id = c.content_sender_id join users u2 on c.content_Receiver_id = u2.user_id where u2.user_id = 3 and c.content_state = 0 order by u2.user_id; [ RunTime:0.0011s ]
INFO: [ app_end ] --START--
INFO: Run Behavior\ShowPageTraceBehavior [ RunTime:0.001278s ]
INFO: [ app_end ] --END-- [ RunTime:0.001417s ]

[ 2015-06-06T10:21:59+08:00 ] 127.0.0.1 /index.php/Home/Content/getMessage
INFO: [ app_init ] --START--
INFO: Run Behavior\BuildLiteBehavior [ RunTime:0.000030s ]
INFO: [ app_init ] --END-- [ RunTime:0.000800s ]
INFO: [ app_begin ] --START--
INFO: Run Behavior\ReadHtmlCacheBehavior [ RunTime:0.001086s ]
INFO: [ app_begin ] --END-- [ RunTime:0.001220s ]
SQL: SHOW COLUMNS FROM `content` [ RunTime:0.0440s ]
SQL: select u1.user_id,u2.user_id,u2.user_name,c.content_message,c.content_time from users u1 join content c on u1.user_id = c.content_sender_id join users u2 on c.content_Receiver_id = u2.user_id where u2.user_id = 3 and c.content_state = 0 order by u2.user_id; [ RunTime:0.0013s ]
INFO: [ app_end ] --START--
INFO: Run Behavior\ShowPageTraceBehavior [ RunTime:0.001554s ]
INFO: [ app_end ] --END-- [ RunTime:0.001693s ]

[ 2015-06-06T10:22:00+08:00 ] 127.0.0.1 /index.php/Home/Content/getMessage
INFO: [ app_init ] --START--
INFO: Run Behavior\BuildLiteBehavior [ RunTime:0.000032s ]
INFO: [ app_init ] --END-- [ RunTime:0.000961s ]
INFO: [ app_begin ] --START--
INFO: Run Behavior\ReadHtmlCacheBehavior [ RunTime:0.001252s ]
INFO: [ app_begin ] --END-- [ RunTime:0.001439s ]
SQL: SHOW COLUMNS FROM `content` [ RunTime:0.0251s ]
SQL: select u1.user_id,u2.user_id,u2.user_name,c.content_message,c.content_time from users u1 join content c on u1.user_id = c.content_sender_id join users u2 on c.content_Receiver_id = u2.user_id where u2.user_id = 3 and c.content_state = 0 order by u2.user_id; [ RunTime:0.0014s ]
INFO: [ app_end ] --START--
INFO: Run Behavior\ShowPageTraceBehavior [ RunTime:0.001516s ]
INFO: [ app_end ] --END-- [ RunTime:0.001653s ]

[ 2015-06-06T10:22:02+08:00 ] 127.0.0.1 /index.php/Home/Content/getMessage
INFO: [ app_init ] --START--
INFO: Run Behavior\BuildLiteBehavior [ RunTime:0.000019s ]
INFO: [ app_init ] --END-- [ RunTime:0.000539s ]
INFO: [ app_begin ] --START--
INFO: Run Behavior\ReadHtmlCacheBehavior [ RunTime:0.000733s ]
INFO: [ app_begin ] --END-- [ RunTime:0.000817s ]
SQL: SHOW COLUMNS FROM `content` [ RunTime:0.0379s ]
SQL: select u1.user_id,u2.user_id,u2.user_name,c.content_message,c.content_time from users u1 join content c on u1.user_id = c.content_sender_id join users u2 on c.content_Receiver_id = u2.user_id where u2.user_id = 3 and c.content_state = 0 order by u2.user_id; [ RunTime:0.0013s ]
INFO: [ app_end ] --START--
INFO: Run Behavior\ShowPageTraceBehavior [ RunTime:0.001557s ]
INFO: [ app_end ] --END-- [ RunTime:0.001695s ]

[ 2015-06-06T10:22:03+08:00 ] 127.0.0.1 /index.php/Home/Content/getMessage
INFO: [ app_init ] --START--
INFO: Run Behavior\BuildLiteBehavior [ RunTime:0.000042s ]
INFO: [ app_init ] --END-- [ RunTime:0.000935s ]
INFO: [ app_begin ] --START--
INFO: Run Behavior\ReadHtmlCacheBehavior [ RunTime:0.001209s ]
INFO: [ app_begin ] --END-- [ RunTime:0.001383s ]
SQL: SHOW COLUMNS FROM `content` [ RunTime:0.0160s ]
SQL: select u1.user_id,u2.user_id,u2.user_name,c.content_message,c.content_time from users u1 join content c on u1.user_id = c.content_sender_id join users u2 on c.content_Receiver_id = u2.user_id where u2.user_id = 3 and c.content_state = 0 order by u2.user_id; [ RunTime:0.0008s ]
INFO: [ app_end ] --START--
INFO: Run Behavior\ShowPageTraceBehavior [ RunTime:0.000971s ]
INFO: [ app_end ] --END-- [ RunTime:0.001061s ]

[ 2015-06-06T10:22:05+08:00 ] 127.0.0.1 /index.php/Home/Content/getMessage
INFO: [ app_init ] --START--
INFO: Run Behavior\BuildLiteBehavior [ RunTime:0.000020s ]
INFO: [ app_init ] --END-- [ RunTime:0.000525s ]
INFO: [ app_begin ] --START--
INFO: Run Behavior\ReadHtmlCacheBehavior [ RunTime:0.000712s ]
INFO: [ app_begin ] --END-- [ RunTime:0.000797s ]
SQL: SHOW COLUMNS FROM `content` [ RunTime:0.0121s ]
SQL: select u1.user_id,u2.user_id,u2.user_name,c.content_message,c.content_time from users u1 join content c on u1.user_id = c.content_sender_id join users u2 on c.content_Receiver_id = u2.user_id where u2.user_id = 3 and c.content_state = 0 order by u2.user_id; [ RunTime:0.0005s ]
INFO: [ app_end ] --START--
INFO: Run Behavior\ShowPageTraceBehavior [ RunTime:0.000660s ]
INFO: [ app_end ] --END-- [ RunTime:0.000716s ]

[ 2015-06-06T10:22:06+08:00 ] 127.0.0.1 /index.php/Home/Content/getMessage
INFO: [ app_init ] --START--
INFO: Run Behavior\BuildLiteBehavior [ RunTime:0.000032s ]
INFO: [ app_init ] --END-- [ RunTime:0.000953s ]
INFO: [ app_begin ] --START--
INFO: Run Behavior\ReadHtmlCacheBehavior [ RunTime:0.001339s ]
INFO: [ app_begin ] --END-- [ RunTime:0.001486s ]
SQL: SHOW COLUMNS FROM `content` [ RunTime:0.0255s ]
SQL: select u1.user_id,u2.user_id,u2.user_name,c.content_message,c.content_time from users u1 join content c on u1.user_id = c.content_sender_id join users u2 on c.content_Receiver_id = u2.user_id where u2.user_id = 3 and c.content_state = 0 order by u2.user_id; [ RunTime:0.0013s ]
INFO: [ app_end ] --START--
INFO: Run Behavior\ShowPageTraceBehavior [ RunTime:0.001485s ]
INFO: [ app_end ] --END-- [ RunTime:0.001623s ]

[ 2015-06-06T10:22:08+08:00 ] 127.0.0.1 /index.php/Home/Content/getMessage
INFO: [ app_init ] --START--
INFO: Run Behavior\BuildLiteBehavior [ RunTime:0.000024s ]
INFO: [ app_init ] --END-- [ RunTime:0.000648s ]
INFO: [ app_begin ] --START--
INFO: Run Behavior\ReadHtmlCacheBehavior [ RunTime:0.000835s ]
INFO: [ app_begin ] --END-- [ RunTime:0.000943s ]
SQL: SHOW COLUMNS FROM `content` [ RunTime:0.0120s ]
SQL: select u1.user_id,u2.user_id,u2.user_name,c.content_message,c.content_time from users u1 join content c on u1.user_id = c.content_sender_id join users u2 on c.content_Receiver_id = u2.user_id where u2.user_id = 3 and c.content_state = 0 order by u2.user_id; [ RunTime:0.0005s ]
INFO: [ app_end ] --START--
INFO: Run Behavior\ShowPageTraceBehavior [ RunTime:0.000684s ]
INFO: [ app_end ] --END-- [ RunTime:0.000743s ]

[ 2015-06-06T10:22:09+08:00 ] 127.0.0.1 /index.php/Home/Content/getMessage
INFO: [ app_init ] --START--
INFO: Run Behavior\BuildLiteBehavior [ RunTime:0.000020s ]
INFO: [ app_init ] --END-- [ RunTime:0.000548s ]
INFO: [ app_begin ] --START--
INFO: Run Behavior\ReadHtmlCacheBehavior [ RunTime:0.000756s ]
INFO: [ app_begin ] --END-- [ RunTime:0.000843s ]
SQL: SHOW COLUMNS FROM `content` [ RunTime:0.0252s ]
SQL: select u1.user_id,u2.user_id,u2.user_name,c.content_message,c.content_time from users u1 join content c on u1.user_id = c.content_sender_id join users u2 on c.content_Receiver_id = u2.user_id where u2.user_id = 3 and c.content_state = 0 order by u2.user_id; [ RunTime:0.0015s ]
INFO: [ app_end ] --START--
INFO: Run Behavior\ShowPageTraceBehavior [ RunTime:0.002248s ]
INFO: [ app_end ] --END-- [ RunTime:0.002475s ]

[ 2015-06-06T10:22:11+08:00 ] 127.0.0.1 /index.php/Home/Content/getMessage
INFO: [ app_init ] --START--
INFO: Run Behavior\BuildLiteBehavior [ RunTime:0.000020s ]
INFO: [ app_init ] --END-- [ RunTime:0.000566s ]
INFO: [ app_begin ] --START--
INFO: Run Behavior\ReadHtmlCacheBehavior [ RunTime:0.000767s ]
INFO: [ app_begin ] --END-- [ RunTime:0.000852s ]
SQL: SHOW COLUMNS FROM `content` [ RunTime:0.0254s ]
SQL: select u1.user_id,u2.user_id,u2.user_name,c.content_message,c.content_time from users u1 join content c on u1.user_id = c.content_sender_id join users u2 on c.content_Receiver_id = u2.user_id where u2.user_id = 3 and c.content_state = 0 order by u2.user_id; [ RunTime:0.0013s ]
INFO: [ app_end ] --START--
INFO: Run Behavior\ShowPageTraceBehavior [ RunTime:0.001574s ]
INFO: [ app_end ] --END-- [ RunTime:0.001714s ]

[ 2015-06-06T10:22:12+08:00 ] 127.0.0.1 /index.php/Home/Content/getMessage
INFO: [ app_init ] --START--
INFO: Run Behavior\BuildLiteBehavior [ RunTime:0.000031s ]
INFO: [ app_init ] --END-- [ RunTime:0.000906s ]
INFO: [ app_begin ] --START--
INFO: Run Behavior\ReadHtmlCacheBehavior [ RunTime:0.001290s ]
INFO: [ app_begin ] --END-- [ RunTime:0.001427s ]
SQL: SHOW COLUMNS FROM `content` [ RunTime:0.0276s ]
SQL: select u1.user_id,u2.user_id,u2.user_name,c.content_message,c.content_time from users u1 join content c on u1.user_id = c.content_sender_id join users u2 on c.content_Receiver_id = u2.user_id where u2.user_id = 3 and c.content_state = 0 order by u2.user_id; [ RunTime:0.0008s ]
INFO: [ app_end ] --START--
INFO: Run Behavior\ShowPageTraceBehavior [ RunTime:0.001006s ]
INFO: [ app_end ] --END-- [ RunTime:0.001095s ]

[ 2015-06-06T10:22:14+08:00 ] 127.0.0.1 /index.php/Home/Content/getMessage
INFO: [ app_init ] --START--
INFO: Run Behavior\BuildLiteBehavior [ RunTime:0.000022s ]
INFO: [ app_init ] --END-- [ RunTime:0.000555s ]
INFO: [ app_begin ] --START--
INFO: Run Behavior\ReadHtmlCacheBehavior [ RunTime:0.000764s ]
INFO: [ app_begin ] --END-- [ RunTime:0.000861s ]
SQL: SHOW COLUMNS FROM `content` [ RunTime:0.0135s ]
SQL: select u1.user_id,u2.user_id,u2.user_name,c.content_message,c.content_time from users u1 join content c on u1.user_id = c.content_sender_id join users u2 on c.content_Receiver_id = u2.user_id where u2.user_id = 3 and c.content_state = 0 order by u2.user_id; [ RunTime:0.0008s ]
INFO: [ app_end ] --START--
INFO: Run Behavior\ShowPageTraceBehavior [ RunTime:0.000909s ]
INFO: [ app_end ] --END-- [ RunTime:0.001003s ]

[ 2015-06-06T10:22:15+08:00 ] 127.0.0.1 /index.php/Home/Content/getMessage
INFO: [ app_init ] --START--
INFO: Run Behavior\BuildLiteBehavior [ RunTime:0.000045s ]
INFO: [ app_init ] --END-- [ RunTime:0.000934s ]
INFO: [ app_begin ] --START--
INFO: Run Behavior\ReadHtmlCacheBehavior [ RunTime:0.001259s ]
INFO: [ app_begin ] --END-- [ RunTime:0.001402s ]
SQL: SHOW COLUMNS FROM `content` [ RunTime:0.0254s ]
SQL: select u1.user_id,u2.user_id,u2.user_name,c.content_message,c.content_time from users u1 join content c on u1.user_id = c.content_sender_id join users u2 on c.content_Receiver_id = u2.user_id where u2.user_id = 3 and c.content_state = 0 order by u2.user_id; [ RunTime:0.0012s ]
INFO: [ app_end ] --START--
INFO: Run Behavior\ShowPageTraceBehavior [ RunTime:0.001575s ]
INFO: [ app_end ] --END-- [ RunTime:0.001738s ]

[ 2015-06-06T10:22:17+08:00 ] 127.0.0.1 /index.php/Home/Content/getMessage
INFO: [ app_init ] --START--
INFO: Run Behavior\BuildLiteBehavior [ RunTime:0.000024s ]
INFO: [ app_init ] --END-- [ RunTime:0.000553s ]
INFO: [ app_begin ] --START--
INFO: Run Behavior\ReadHtmlCacheBehavior [ RunTime:0.000788s ]
INFO: [ app_begin ] --END-- [ RunTime:0.000889s ]
SQL: SHOW COLUMNS FROM `content` [ RunTime:0.0157s ]
SQL: select u1.user_id,u2.user_id,u2.user_name,c.content_message,c.content_time from users u1 join content c on u1.user_id = c.content_sender_id join users u2 on c.content_Receiver_id = u2.user_id where u2.user_id = 3 and c.content_state = 0 order by u2.user_id; [ RunTime:0.0007s ]
INFO: [ app_end ] --START--
INFO: Run Behavior\ShowPageTraceBehavior [ RunTime:0.000882s ]
INFO: [ app_end ] --END-- [ RunTime:0.000973s ]

[ 2015-06-06T10:22:18+08:00 ] 127.0.0.1 /index.php/Home/Content/getMessage
INFO: [ app_init ] --START--
INFO: Run Behavior\BuildLiteBehavior [ RunTime:0.000021s ]
INFO: [ app_init ] --END-- [ RunTime:0.000539s ]
INFO: [ app_begin ] --START--
INFO: Run Behavior\ReadHtmlCacheBehavior [ RunTime:0.000740s ]
INFO: [ app_begin ] --END-- [ RunTime:0.000830s ]
SQL: SHOW COLUMNS FROM `content` [ RunTime:0.0373s ]
SQL: select u1.user_id,u2.user_id,u2.user_name,c.content_message,c.content_time from users u1 join content c on u1.user_id = c.content_sender_id join users u2 on c.content_Receiver_id = u2.user_id where u2.user_id = 3 and c.content_state = 0 order by u2.user_id; [ RunTime:0.0010s ]
INFO: [ app_end ] --START--
INFO: Run Behavior\ShowPageTraceBehavior [ RunTime:0.001353s ]
INFO: [ app_end ] --END-- [ RunTime:0.001488s ]

[ 2015-06-06T10:22:20+08:00 ] 127.0.0.1 /index.php/Home/Content/getMessage
INFO: [ app_init ] --START--
INFO: Run Behavior\BuildLiteBehavior [ RunTime:0.000022s ]
INFO: [ app_init ] --END-- [ RunTime:0.000544s ]
INFO: [ app_begin ] --START--
INFO: Run Behavior\ReadHtmlCacheBehavior [ RunTime:0.000751s ]
INFO: [ app_begin ] --END-- [ RunTime:0.000842s ]
SQL: SHOW COLUMNS FROM `content` [ RunTime:0.0173s ]
SQL: select u1.user_id,u2.user_id,u2.user_name,c.content_message,c.content_time from users u1 join content c on u1.user_id = c.content_sender_id join users u2 on c.content_Receiver_id = u2.user_id where u2.user_id = 3 and c.content_state = 0 order by u2.user_id; [ RunTime:0.0007s ]
INFO: [ app_end ] --START--
INFO: Run Behavior\ShowPageTraceBehavior [ RunTime:0.000888s ]
INFO: [ app_end ] --END-- [ RunTime:0.000973s ]

[ 2015-06-06T10:22:21+08:00 ] 127.0.0.1 /index.php/Home/Content/getMessage
INFO: [ app_init ] --START--
INFO: Run Behavior\BuildLiteBehavior [ RunTime:0.000032s ]
INFO: [ app_init ] --END-- [ RunTime:0.001006s ]
INFO: [ app_begin ] --START--
INFO: Run Behavior\ReadHtmlCacheBehavior [ RunTime:0.001246s ]
INFO: [ app_begin ] --END-- [ RunTime:0.001413s ]
SQL: SHOW COLUMNS FROM `content` [ RunTime:0.0267s ]
SQL: select u1.user_id,u2.user_id,u2.user_name,c.content_message,c.content_time from users u1 join content c on u1.user_id = c.content_sender_id join users u2 on c.content_Receiver_id = u2.user_id where u2.user_id = 3 and c.content_state = 0 order by u2.user_id; [ RunTime:0.0012s ]
INFO: [ app_end ] --START--
INFO: Run Behavior\ShowPageTraceBehavior [ RunTime:0.001657s ]
INFO: [ app_end ] --END-- [ RunTime:0.001798s ]

[ 2015-06-06T10:22:23+08:00 ] 127.0.0.1 /index.php/Home/Content/getMessage
INFO: [ app_init ] --START--
INFO: Run Behavior\BuildLiteBehavior [ RunTime:0.000019s ]
INFO: [ app_init ] --END-- [ RunTime:0.000529s ]
INFO: [ app_begin ] --START--
INFO: Run Behavior\ReadHtmlCacheBehavior [ RunTime:0.000695s ]
INFO: [ app_begin ] --END-- [ RunTime:0.000788s ]
SQL: SHOW COLUMNS FROM `content` [ RunTime:0.0178s ]
SQL: select u1.user_id,u2.user_id,u2.user_name,c.content_message,c.content_time from users u1 join content c on u1.user_id = c.content_sender_id join users u2 on c.content_Receiver_id = u2.user_id where u2.user_id = 3 and c.content_state = 0 order by u2.user_id; [ RunTime:0.0007s ]
INFO: [ app_end ] --START--
INFO: Run Behavior\ShowPageTraceBehavior [ RunTime:0.000858s ]
INFO: [ app_end ] --END-- [ RunTime:0.000940s ]

[ 2015-06-06T10:22:24+08:00 ] 127.0.0.1 /index.php/Home/Content/getMessage
INFO: [ app_init ] --START--
INFO: Run Behavior\BuildLiteBehavior [ RunTime:0.000025s ]
INFO: [ app_init ] --END-- [ RunTime:0.000569s ]
INFO: [ app_begin ] --START--
INFO: Run Behavior\ReadHtmlCacheBehavior [ RunTime:0.000779s ]
INFO: [ app_begin ] --END-- [ RunTime:0.000876s ]
SQL: SHOW COLUMNS FROM `content` [ RunTime:0.0132s ]
SQL: select u1.user_id,u2.user_id,u2.user_name,c.content_message,c.content_time from users u1 join content c on u1.user_id = c.content_sender_id join users u2 on c.content_Receiver_id = u2.user_id where u2.user_id = 3 and c.content_state = 0 order by u2.user_id; [ RunTime:0.0007s ]
INFO: [ app_end ] --START--
INFO: Run Behavior\ShowPageTraceBehavior [ RunTime:0.000911s ]
INFO: [ app_end ] --END-- [ RunTime:0.001004s ]

[ 2015-06-06T10:22:26+08:00 ] 127.0.0.1 /index.php/Home/Content/getMessage
INFO: [ app_init ] --START--
INFO: Run Behavior\BuildLiteBehavior [ RunTime:0.000018s ]
INFO: [ app_init ] --END-- [ RunTime:0.000514s ]
INFO: [ app_begin ] --START--
INFO: Run Behavior\ReadHtmlCacheBehavior [ RunTime:0.000691s ]
INFO: [ app_begin ] --END-- [ RunTime:0.000771s ]
SQL: SHOW COLUMNS FROM `content` [ RunTime:0.0249s ]
SQL: select u1.user_id,u2.user_id,u2.user_name,c.content_message,c.content_time from users u1 join content c on u1.user_id = c.content_sender_id join users u2 on c.content_Receiver_id = u2.user_id where u2.user_id = 3 and c.content_state = 0 order by u2.user_id; [ RunTime:0.0015s ]
INFO: [ app_end ] --START--
INFO: Run Behavior\ShowPageTraceBehavior [ RunTime:0.001494s ]
INFO: [ app_end ] --END-- [ RunTime:0.001638s ]

[ 2015-06-06T10:22:27+08:00 ] 127.0.0.1 /index.php/Home/Content/getMessage
INFO: [ app_init ] --START--
INFO: Run Behavior\BuildLiteBehavior [ RunTime:0.000033s ]
INFO: [ app_init ] --END-- [ RunTime:0.000990s ]
INFO: [ app_begin ] --START--
INFO: Run Behavior\ReadHtmlCacheBehavior [ RunTime:0.001228s ]
INFO: [ app_begin ] --END-- [ RunTime:0.001364s ]
SQL: SHOW COLUMNS FROM `content` [ RunTime:0.0380s ]
SQL: select u1.user_id,u2.user_id,u2.user_name,c.content_message,c.content_time from users u1 join content c on u1.user_id = c.content_sender_id join users u2 on c.content_Receiver_id = u2.user_id where u2.user_id = 3 and c.content_state = 0 order by u2.user_id; [ RunTime:0.0014s ]
INFO: [ app_end ] --START--
INFO: Run Behavior\ShowPageTraceBehavior [ RunTime:0.001497s ]
INFO: [ app_end ] --END-- [ RunTime:0.001636s ]

[ 2015-06-06T10:22:29+08:00 ] 127.0.0.1 /index.php/Home/Content/getMessage
INFO: [ app_init ] --START--
INFO: Run Behavior\BuildLiteBehavior [ RunTime:0.000019s ]
INFO: [ app_init ] --END-- [ RunTime:0.000559s ]
INFO: [ app_begin ] --START--
INFO: Run Behavior\ReadHtmlCacheBehavior [ RunTime:0.000885s ]
INFO: [ app_begin ] --END-- [ RunTime:0.000971s ]
SQL: SHOW COLUMNS FROM `content` [ RunTime:0.0354s ]
SQL: select u1.user_id,u2.user_id,u2.user_name,c.content_message,c.content_time from users u1 join content c on u1.user_id = c.content_sender_id join users u2 on c.content_Receiver_id = u2.user_id where u2.user_id = 3 and c.content_state = 0 order by u2.user_id; [ RunTime:0.0012s ]
INFO: [ app_end ] --START--
INFO: Run Behavior\ShowPageTraceBehavior [ RunTime:0.001589s ]
INFO: [ app_end ] --END-- [ RunTime:0.001728s ]

[ 2015-06-06T10:22:30+08:00 ] 127.0.0.1 /index.php/Home/Content/getMessage
INFO: [ app_init ] --START--
INFO: Run Behavior\BuildLiteBehavior [ RunTime:0.000032s ]
INFO: [ app_init ] --END-- [ RunTime:0.000950s ]
INFO: [ app_begin ] --START--
INFO: Run Behavior\ReadHtmlCacheBehavior [ RunTime:0.001249s ]
INFO: [ app_begin ] --END-- [ RunTime:0.001433s ]
SQL: SHOW COLUMNS FROM `content` [ RunTime:0.0219s ]
SQL: select u1.user_id,u2.user_id,u2.user_name,c.content_message,c.content_time from users u1 join content c on u1.user_id = c.content_sender_id join users u2 on c.content_Receiver_id = u2.user_id where u2.user_id = 3 and c.content_state = 0 order by u2.user_id; [ RunTime:0.0013s ]
INFO: [ app_end ] --START--
INFO: Run Behavior\ShowPageTraceBehavior [ RunTime:0.001514s ]
INFO: [ app_end ] --END-- [ RunTime:0.001654s ]

[ 2015-06-06T10:22:32+08:00 ] 127.0.0.1 /index.php/Home/Content/getMessage
INFO: [ app_init ] --START--
INFO: Run Behavior\BuildLiteBehavior [ RunTime:0.000012s ]
INFO: [ app_init ] --END-- [ RunTime:0.000354s ]
INFO: [ app_begin ] --START--
INFO: Run Behavior\ReadHtmlCacheBehavior [ RunTime:0.000523s ]
INFO: [ app_begin ] --END-- [ RunTime:0.000578s ]
SQL: SHOW COLUMNS FROM `content` [ RunTime:0.0632s ]
SQL: select u1.user_id,u2.user_id,u2.user_name,c.content_message,c.content_time from users u1 join content c on u1.user_id = c.content_sender_id join users u2 on c.content_Receiver_id = u2.user_id where u2.user_id = 3 and c.content_state = 0 order by u2.user_id; [ RunTime:0.0012s ]
INFO: [ app_end ] --START--
INFO: Run Behavior\ShowPageTraceBehavior [ RunTime:0.001533s ]
INFO: [ app_end ] --END-- [ RunTime:0.001672s ]

[ 2015-06-06T10:22:33+08:00 ] 127.0.0.1 /index.php/Home/Content/getMessage
INFO: [ app_init ] --START--
INFO: Run Behavior\BuildLiteBehavior [ RunTime:0.000050s ]
INFO: [ app_init ] --END-- [ RunTime:0.000949s ]
INFO: [ app_begin ] --START--
INFO: Run Behavior\ReadHtmlCacheBehavior [ RunTime:0.001435s ]
INFO: [ app_begin ] --END-- [ RunTime:0.001595s ]
SQL: SHOW COLUMNS FROM `content` [ RunTime:0.0255s ]
SQL: select u1.user_id,u2.user_id,u2.user_name,c.content_message,c.content_time from users u1 join content c on u1.user_id = c.content_sender_id join users u2 on c.content_Receiver_id = u2.user_id where u2.user_id = 3 and c.content_state = 0 order by u2.user_id; [ RunTime:0.0012s ]
INFO: [ app_end ] --START--
INFO: Run Behavior\ShowPageTraceBehavior [ RunTime:0.001553s ]
INFO: [ app_end ] --END-- [ RunTime:0.001721s ]

[ 2015-06-06T10:22:35+08:00 ] 127.0.0.1 /index.php/Home/Content/getMessage
INFO: [ app_init ] --START--
INFO: Run Behavior\BuildLiteBehavior [ RunTime:0.000022s ]
INFO: [ app_init ] --END-- [ RunTime:0.000552s ]
INFO: [ app_begin ] --START--
INFO: Run Behavior\ReadHtmlCacheBehavior [ RunTime:0.000759s ]
INFO: [ app_begin ] --END-- [ RunTime:0.000857s ]
SQL: SHOW COLUMNS FROM `content` [ RunTime:0.0133s ]
SQL: select u1.user_id,u2.user_id,u2.user_name,c.content_message,c.content_time from users u1 join content c on u1.user_id = c.content_sender_id join users u2 on c.content_Receiver_id = u2.user_id where u2.user_id = 3 and c.content_state = 0 order by u2.user_id; [ RunTime:0.0006s ]
INFO: [ app_end ] --START--
INFO: Run Behavior\ShowPageTraceBehavior [ RunTime:0.000889s ]
INFO: [ app_end ] --END-- [ RunTime:0.000985s ]

[ 2015-06-06T10:22:36+08:00 ] 127.0.0.1 /index.php/Home/Content/getMessage
INFO: [ app_init ] --START--
INFO: Run Behavior\BuildLiteBehavior [ RunTime:0.000030s ]
INFO: [ app_init ] --END-- [ RunTime:0.000739s ]
INFO: [ app_begin ] --START--
INFO: Run Behavior\ReadHtmlCacheBehavior [ RunTime:0.001109s ]
INFO: [ app_begin ] --END-- [ RunTime:0.001240s ]
SQL: SHOW COLUMNS FROM `content` [ RunTime:0.0251s ]
SQL: select u1.user_id,u2.user_id,u2.user_name,c.content_message,c.content_time from users u1 join content c on u1.user_id = c.content_sender_id join users u2 on c.content_Receiver_id = u2.user_id where u2.user_id = 3 and c.content_state = 0 order by u2.user_id; [ RunTime:0.0012s ]
INFO: [ app_end ] --START--
INFO: Run Behavior\ShowPageTraceBehavior [ RunTime:0.001591s ]
INFO: [ app_end ] --END-- [ RunTime:0.001756s ]

[ 2015-06-06T10:22:38+08:00 ] 127.0.0.1 /index.php/Home/Content/getMessage
INFO: [ app_init ] --START--
INFO: Run Behavior\BuildLiteBehavior [ RunTime:0.000022s ]
INFO: [ app_init ] --END-- [ RunTime:0.000554s ]
INFO: [ app_begin ] --START--
INFO: Run Behavior\ReadHtmlCacheBehavior [ RunTime:0.000722s ]
INFO: [ app_begin ] --END-- [ RunTime:0.000821s ]
SQL: SHOW COLUMNS FROM `content` [ RunTime:0.0254s ]
SQL: select u1.user_id,u2.user_id,u2.user_name,c.content_message,c.content_time from users u1 join content c on u1.user_id = c.content_sender_id join users u2 on c.content_Receiver_id = u2.user_id where u2.user_id = 3 and c.content_state = 0 order by u2.user_id; [ RunTime:0.0013s ]
INFO: [ app_end ] --START--
INFO: Run Behavior\ShowPageTraceBehavior [ RunTime:0.001698s ]
INFO: [ app_end ] --END-- [ RunTime:0.001840s ]

[ 2015-06-06T10:22:39+08:00 ] 127.0.0.1 /index.php/Home/Content/getMessage
INFO: [ app_init ] --START--
INFO: Run Behavior\BuildLiteBehavior [ RunTime:0.000021s ]
INFO: [ app_init ] --END-- [ RunTime:0.000574s ]
INFO: [ app_begin ] --START--
INFO: Run Behavior\ReadHtmlCacheBehavior [ RunTime:0.000767s ]
INFO: [ app_begin ] --END-- [ RunTime:0.000849s ]
SQL: SHOW COLUMNS FROM `content` [ RunTime:0.0248s ]
SQL: select u1.user_id,u2.user_id,u2.user_name,c.content_message,c.content_time from users u1 join content c on u1.user_id = c.content_sender_id join users u2 on c.content_Receiver_id = u2.user_id where u2.user_id = 3 and c.content_state = 0 order by u2.user_id; [ RunTime:0.0014s ]
INFO: [ app_end ] --START--
INFO: Run Behavior\ShowPageTraceBehavior [ RunTime:0.001520s ]
INFO: [ app_end ] --END-- [ RunTime:0.001657s ]

[ 2015-06-06T10:22:41+08:00 ] 127.0.0.1 /index.php/Home/Content/getMessage
INFO: [ app_init ] --START--
INFO: Run Behavior\BuildLiteBehavior [ RunTime:0.000033s ]
INFO: [ app_init ] --END-- [ RunTime:0.000970s ]
INFO: [ app_begin ] --START--
INFO: Run Behavior\ReadHtmlCacheBehavior [ RunTime:0.001451s ]
INFO: [ app_begin ] --END-- [ RunTime:0.001593s ]
SQL: SHOW COLUMNS FROM `content` [ RunTime:0.0265s ]
SQL: select u1.user_id,u2.user_id,u2.user_name,c.content_message,c.content_time from users u1 join content c on u1.user_id = c.content_sender_id join users u2 on c.content_Receiver_id = u2.user_id where u2.user_id = 3 and c.content_state = 0 order by u2.user_id; [ RunTime:0.0016s ]
INFO: [ app_end ] --START--
INFO: Run Behavior\ShowPageTraceBehavior [ RunTime:0.001547s ]
INFO: [ app_end ] --END-- [ RunTime:0.001711s ]

[ 2015-06-06T10:22:42+08:00 ] 127.0.0.1 /index.php/Home/Content/getMessage
INFO: [ app_init ] --START--
INFO: Run Behavior\BuildLiteBehavior [ RunTime:0.000022s ]
INFO: [ app_init ] --END-- [ RunTime:0.000720s ]
INFO: [ app_begin ] --START--
INFO: Run Behavior\ReadHtmlCacheBehavior [ RunTime:0.001032s ]
INFO: [ app_begin ] --END-- [ RunTime:0.001153s ]
SQL: SHOW COLUMNS FROM `content` [ RunTime:0.0250s ]
SQL: select u1.user_id,u2.user_id,u2.user_name,c.content_message,c.content_time from users u1 join content c on u1.user_id = c.content_sender_id join users u2 on c.content_Receiver_id = u2.user_id where u2.user_id = 3 and c.content_state = 0 order by u2.user_id; [ RunTime:0.0013s ]
INFO: [ app_end ] --START--
INFO: Run Behavior\ShowPageTraceBehavior [ RunTime:0.001554s ]
INFO: [ app_end ] --END-- [ RunTime:0.001693s ]

[ 2015-06-06T10:22:44+08:00 ] 127.0.0.1 /index.php/Home/Content/getMessage
INFO: [ app_init ] --START--
INFO: Run Behavior\BuildLiteBehavior [ RunTime:0.000018s ]
INFO: [ app_init ] --END-- [ RunTime:0.000529s ]
INFO: [ app_begin ] --START--
INFO: Run Behavior\ReadHtmlCacheBehavior [ RunTime:0.000687s ]
INFO: [ app_begin ] --END-- [ RunTime:0.000766s ]
SQL: SHOW COLUMNS FROM `content` [ RunTime:0.0274s ]
SQL: select u1.user_id,u2.user_id,u2.user_name,c.content_message,c.content_time from users u1 join content c on u1.user_id = c.content_sender_id join users u2 on c.content_Receiver_id = u2.user_id where u2.user_id = 3 and c.content_state = 0 order by u2.user_id; [ RunTime:0.0013s ]
INFO: [ app_end ] --START--
INFO: Run Behavior\ShowPageTraceBehavior [ RunTime:0.001456s ]
INFO: [ app_end ] --END-- [ RunTime:0.001610s ]

[ 2015-06-06T10:22:45+08:00 ] 127.0.0.1 /index.php/Home/Content/getMessage
INFO: [ app_init ] --START--
INFO: Run Behavior\BuildLiteBehavior [ RunTime:0.000023s ]
INFO: [ app_init ] --END-- [ RunTime:0.000551s ]
INFO: [ app_begin ] --START--
INFO: Run Behavior\ReadHtmlCacheBehavior [ RunTime:0.000743s ]
INFO: [ app_begin ] --END-- [ RunTime:0.000852s ]
SQL: SHOW COLUMNS FROM `content` [ RunTime:0.0264s ]
SQL: select u1.user_id,u2.user_id,u2.user_name,c.content_message,c.content_time from users u1 join content c on u1.user_id = c.content_sender_id join users u2 on c.content_Receiver_id = u2.user_id where u2.user_id = 3 and c.content_state = 0 order by u2.user_id; [ RunTime:0.0013s ]
INFO: [ app_end ] --START--
INFO: Run Behavior\ShowPageTraceBehavior [ RunTime:0.001670s ]
INFO: [ app_end ] --END-- [ RunTime:0.001812s ]

[ 2015-06-06T10:22:46+08:00 ] 127.0.0.1 /index.php/Home/Users/getUsersInfo
INFO: [ app_init ] --START--
INFO: Run Behavior\BuildLiteBehavior [ RunTime:0.000016s ]
INFO: [ app_init ] --END-- [ RunTime:0.000451s ]
INFO: [ app_begin ] --START--
INFO: Run Behavior\ReadHtmlCacheBehavior [ RunTime:0.000601s ]
INFO: [ app_begin ] --END-- [ RunTime:0.000667s ]
SQL: SELECT * FROM `users` WHERE ( user_name like '%' )  [ RunTime:0.0140s ]
INFO: [ app_end ] --START--
INFO: Run Behavior\ShowPageTraceBehavior [ RunTime:0.001598s ]
INFO: [ app_end ] --END-- [ RunTime:0.001739s ]

[ 2015-06-06T10:22:47+08:00 ] 127.0.0.1 /index.php/Home/Content/getMessage
INFO: [ app_init ] --START--
INFO: Run Behavior\BuildLiteBehavior [ RunTime:0.000020s ]
INFO: [ app_init ] --END-- [ RunTime:0.000552s ]
INFO: [ app_begin ] --START--
INFO: Run Behavior\ReadHtmlCacheBehavior [ RunTime:0.000764s ]
INFO: [ app_begin ] --END-- [ RunTime:0.000848s ]
SQL: SHOW COLUMNS FROM `content` [ RunTime:0.0310s ]
SQL: select u1.user_id,u2.user_id,u2.user_name,c.content_message,c.content_time from users u1 join content c on u1.user_id = c.content_sender_id join users u2 on c.content_Receiver_id = u2.user_id where u2.user_id = 3 and c.content_state = 0 order by u2.user_id; [ RunTime:0.0014s ]
INFO: [ app_end ] --START--
INFO: Run Behavior\ShowPageTraceBehavior [ RunTime:0.001572s ]
INFO: [ app_end ] --END-- [ RunTime:0.001711s ]

[ 2015-06-06T10:22:48+08:00 ] 127.0.0.1 /index.php/Home/Content/getMessage
INFO: [ app_init ] --START--
INFO: Run Behavior\BuildLiteBehavior [ RunTime:0.000022s ]
INFO: [ app_init ] --END-- [ RunTime:0.000615s ]
INFO: [ app_begin ] --START--
INFO: Run Behavior\ReadHtmlCacheBehavior [ RunTime:0.000820s ]
INFO: [ app_begin ] --END-- [ RunTime:0.000912s ]
SQL: SHOW COLUMNS FROM `content` [ RunTime:0.0254s ]
SQL: select u1.user_id,u2.user_id,u2.user_name,c.content_message,c.content_time from users u1 join content c on u1.user_id = c.content_sender_id join users u2 on c.content_Receiver_id = u2.user_id where u2.user_id = 3 and c.content_state = 0 order by u2.user_id; [ RunTime:0.0013s ]
INFO: [ app_end ] --START--
INFO: Run Behavior\ShowPageTraceBehavior [ RunTime:0.001480s ]
INFO: [ app_end ] --END-- [ RunTime:0.001650s ]

[ 2015-06-06T10:22:50+08:00 ] 127.0.0.1 /index.php/Home/Content/getMessage
INFO: [ app_init ] --START--
INFO: Run Behavior\BuildLiteBehavior [ RunTime:0.000026s ]
INFO: [ app_init ] --END-- [ RunTime:0.000770s ]
INFO: [ app_begin ] --START--
INFO: Run Behavior\ReadHtmlCacheBehavior [ RunTime:0.000790s ]
INFO: [ app_begin ] --END-- [ RunTime:0.000899s ]
SQL: SHOW COLUMNS FROM `content` [ RunTime:0.0154s ]
SQL: select u1.user_id,u2.user_id,u2.user_name,c.content_message,c.content_time from users u1 join content c on u1.user_id = c.content_sender_id join users u2 on c.content_Receiver_id = u2.user_id where u2.user_id = 3 and c.content_state = 0 order by u2.user_id; [ RunTime:0.0008s ]
INFO: [ app_end ] --START--
INFO: Run Behavior\ShowPageTraceBehavior [ RunTime:0.000993s ]
INFO: [ app_end ] --END-- [ RunTime:0.001085s ]

[ 2015-06-06T10:22:51+08:00 ] 127.0.0.1 /index.php/Home/Content/getMessage
INFO: [ app_init ] --START--
INFO: Run Behavior\BuildLiteBehavior [ RunTime:0.000041s ]
INFO: [ app_init ] --END-- [ RunTime:0.000954s ]
INFO: [ app_begin ] --START--
INFO: Run Behavior\ReadHtmlCacheBehavior [ RunTime:0.001241s ]
INFO: [ app_begin ] --END-- [ RunTime:0.001438s ]
SQL: SHOW COLUMNS FROM `content` [ RunTime:0.0332s ]
SQL: select u1.user_id,u2.user_id,u2.user_name,c.content_message,c.content_time from users u1 join content c on u1.user_id = c.content_sender_id join users u2 on c.content_Receiver_id = u2.user_id where u2.user_id = 3 and c.content_state = 0 order by u2.user_id; [ RunTime:0.0012s ]
INFO: [ app_end ] --START--
INFO: Run Behavior\ShowPageTraceBehavior [ RunTime:0.001489s ]
INFO: [ app_end ] --END-- [ RunTime:0.001626s ]

[ 2015-06-06T10:22:53+08:00 ] 127.0.0.1 /index.php/Home/Content/getMessage
INFO: [ app_init ] --START--
INFO: Run Behavior\BuildLiteBehavior [ RunTime:0.000026s ]
INFO: [ app_init ] --END-- [ RunTime:0.000588s ]
INFO: [ app_begin ] --START--
INFO: Run Behavior\ReadHtmlCacheBehavior [ RunTime:0.000706s ]
INFO: [ app_begin ] --END-- [ RunTime:0.000804s ]
SQL: SHOW COLUMNS FROM `content` [ RunTime:0.0398s ]
SQL: select u1.user_id,u2.user_id,u2.user_name,c.content_message,c.content_time from users u1 join content c on u1.user_id = c.content_sender_id join users u2 on c.content_Receiver_id = u2.user_id where u2.user_id = 3 and c.content_state = 0 order by u2.user_id; [ RunTime:0.0012s ]
INFO: [ app_end ] --START--
INFO: Run Behavior\ShowPageTraceBehavior [ RunTime:0.001627s ]
INFO: [ app_end ] --END-- [ RunTime:0.001766s ]

[ 2015-06-06T10:22:54+08:00 ] 127.0.0.1 /index.php/Home/Content/getMessage
INFO: [ app_init ] --START--
INFO: Run Behavior\BuildLiteBehavior [ RunTime:0.000025s ]
INFO: [ app_init ] --END-- [ RunTime:0.000708s ]
INFO: [ app_begin ] --START--
INFO: Run Behavior\ReadHtmlCacheBehavior [ RunTime:0.001060s ]
INFO: [ app_begin ] --END-- [ RunTime:0.001177s ]
SQL: SHOW COLUMNS FROM `content` [ RunTime:0.0530s ]
SQL: select u1.user_id,u2.user_id,u2.user_name,c.content_message,c.content_time from users u1 join content c on u1.user_id = c.content_sender_id join users u2 on c.content_Receiver_id = u2.user_id where u2.user_id = 3 and c.content_state = 0 order by u2.user_id; [ RunTime:0.0013s ]
INFO: [ app_end ] --START--
INFO: Run Behavior\ShowPageTraceBehavior [ RunTime:0.001787s ]
INFO: [ app_end ] --END-- [ RunTime:0.001931s ]

[ 2015-06-06T10:22:56+08:00 ] 127.0.0.1 /index.php/Home/Content/getMessage
INFO: [ app_init ] --START--
INFO: Run Behavior\BuildLiteBehavior [ RunTime:0.000015s ]
INFO: [ app_init ] --END-- [ RunTime:0.000395s ]
INFO: [ app_begin ] --START--
INFO: Run Behavior\ReadHtmlCacheBehavior [ RunTime:0.000485s ]
INFO: [ app_begin ] --END-- [ RunTime:0.000538s ]
SQL: SHOW COLUMNS FROM `content` [ RunTime:0.0118s ]
SQL: select u1.user_id,u2.user_id,u2.user_name,c.content_message,c.content_time from users u1 join content c on u1.user_id = c.content_sender_id join users u2 on c.content_Receiver_id = u2.user_id where u2.user_id = 3 and c.content_state = 0 order by u2.user_id; [ RunTime:0.0007s ]
INFO: [ app_end ] --START--
INFO: Run Behavior\ShowPageTraceBehavior [ RunTime:0.000661s ]
INFO: [ app_end ] --END-- [ RunTime:0.000719s ]

[ 2015-06-06T10:22:57+08:00 ] 127.0.0.1 /index.php/Home/Content/getMessage
INFO: [ app_init ] --START--
INFO: Run Behavior\BuildLiteBehavior [ RunTime:0.000024s ]
INFO: [ app_init ] --END-- [ RunTime:0.000583s ]
INFO: [ app_begin ] --START--
INFO: Run Behavior\ReadHtmlCacheBehavior [ RunTime:0.000668s ]
INFO: [ app_begin ] --END-- [ RunTime:0.000748s ]
SQL: SHOW COLUMNS FROM `content` [ RunTime:0.0124s ]
SQL: select u1.user_id,u2.user_id,u2.user_name,c.content_message,c.content_time from users u1 join content c on u1.user_id = c.content_sender_id join users u2 on c.content_Receiver_id = u2.user_id where u2.user_id = 3 and c.content_state = 0 order by u2.user_id; [ RunTime:0.0006s ]
INFO: [ app_end ] --START--
INFO: Run Behavior\ShowPageTraceBehavior [ RunTime:0.000886s ]
INFO: [ app_end ] --END-- [ RunTime:0.000966s ]

[ 2015-06-06T10:22:59+08:00 ] 127.0.0.1 /index.php/Home/Content/getMessage
INFO: [ app_init ] --START--
INFO: Run Behavior\BuildLiteBehavior [ RunTime:0.000021s ]
INFO: [ app_init ] --END-- [ RunTime:0.000513s ]
INFO: [ app_begin ] --START--
INFO: Run Behavior\ReadHtmlCacheBehavior [ RunTime:0.000936s ]
INFO: [ app_begin ] --END-- [ RunTime:0.001041s ]
SQL: SHOW COLUMNS FROM `content` [ RunTime:0.0138s ]
SQL: select u1.user_id,u2.user_id,u2.user_name,c.content_message,c.content_time from users u1 join content c on u1.user_id = c.content_sender_id join users u2 on c.content_Receiver_id = u2.user_id where u2.user_id = 3 and c.content_state = 0 order by u2.user_id; [ RunTime:0.0008s ]
INFO: [ app_end ] --START--
INFO: Run Behavior\ShowPageTraceBehavior [ RunTime:0.000882s ]
INFO: [ app_end ] --END-- [ RunTime:0.000970s ]

[ 2015-06-06T10:22:59+08:00 ] 127.0.0.1 /index.php/Home/Users/getUsersInfo
INFO: [ app_init ] --START--
INFO: Run Behavior\BuildLiteBehavior [ RunTime:0.000014s ]
INFO: [ app_init ] --END-- [ RunTime:0.000366s ]
INFO: [ app_begin ] --START--
INFO: Run Behavior\ReadHtmlCacheBehavior [ RunTime:0.000479s ]
INFO: [ app_begin ] --END-- [ RunTime:0.000532s ]
SQL: SELECT * FROM `users` WHERE ( user_name like 'la%' )  [ RunTime:0.0158s ]
INFO: [ app_end ] --START--
INFO: Run Behavior\ShowPageTraceBehavior [ RunTime:0.000683s ]
INFO: [ app_end ] --END-- [ RunTime:0.000741s ]

[ 2015-06-06T10:23:00+08:00 ] 127.0.0.1 /index.php/Home/Content/getMessage
INFO: [ app_init ] --START--
INFO: Run Behavior\BuildLiteBehavior [ RunTime:0.000033s ]
INFO: [ app_init ] --END-- [ RunTime:0.000931s ]
INFO: [ app_begin ] --START--
INFO: Run Behavior\ReadHtmlCacheBehavior [ RunTime:0.001219s ]
INFO: [ app_begin ] --END-- [ RunTime:0.001354s ]
SQL: SHOW COLUMNS FROM `content` [ RunTime:0.0202s ]
SQL: select u1.user_id,u2.user_id,u2.user_name,c.content_message,c.content_time from users u1 join content c on u1.user_id = c.content_sender_id join users u2 on c.content_Receiver_id = u2.user_id where u2.user_id = 3 and c.content_state = 0 order by u2.user_id; [ RunTime:0.0009s ]
INFO: [ app_end ] --START--
INFO: Run Behavior\ShowPageTraceBehavior [ RunTime:0.001474s ]
INFO: [ app_end ] --END-- [ RunTime:0.001606s ]

[ 2015-06-06T10:23:02+08:00 ] 127.0.0.1 /index.php/Home/Content/getMessage
INFO: [ app_init ] --START--
INFO: Run Behavior\BuildLiteBehavior [ RunTime:0.000031s ]
INFO: [ app_init ] --END-- [ RunTime:0.000931s ]
INFO: [ app_begin ] --START--
INFO: Run Behavior\ReadHtmlCacheBehavior [ RunTime:0.001261s ]
INFO: [ app_begin ] --END-- [ RunTime:0.001423s ]
SQL: SHOW COLUMNS FROM `content` [ RunTime:0.0302s ]
SQL: select u1.user_id,u2.user_id,u2.user_name,c.content_message,c.content_time from users u1 join content c on u1.user_id = c.content_sender_id join users u2 on c.content_Receiver_id = u2.user_id where u2.user_id = 3 and c.content_state = 0 order by u2.user_id; [ RunTime:0.0013s ]
INFO: [ app_end ] --START--
INFO: Run Behavior\ShowPageTraceBehavior [ RunTime:0.001523s ]
INFO: [ app_end ] --END-- [ RunTime:0.001670s ]

[ 2015-06-06T10:23:03+08:00 ] 127.0.0.1 /index.php/Home/Content/getMessage
INFO: [ app_init ] --START--
INFO: Run Behavior\BuildLiteBehavior [ RunTime:0.000020s ]
INFO: [ app_init ] --END-- [ RunTime:0.000541s ]
INFO: [ app_begin ] --START--
INFO: Run Behavior\ReadHtmlCacheBehavior [ RunTime:0.000746s ]
INFO: [ app_begin ] --END-- [ RunTime:0.000829s ]
SQL: SHOW COLUMNS FROM `content` [ RunTime:0.0259s ]
SQL: select u1.user_id,u2.user_id,u2.user_name,c.content_message,c.content_time from users u1 join content c on u1.user_id = c.content_sender_id join users u2 on c.content_Receiver_id = u2.user_id where u2.user_id = 3 and c.content_state = 0 order by u2.user_id; [ RunTime:0.0012s ]
INFO: [ app_end ] --START--
INFO: Run Behavior\ShowPageTraceBehavior [ RunTime:0.001707s ]
INFO: [ app_end ] --END-- [ RunTime:0.001851s ]

[ 2015-06-06T10:23:05+08:00 ] 127.0.0.1 /index.php/Home/Content/getMessage
INFO: [ app_init ] --START--
INFO: Run Behavior\BuildLiteBehavior [ RunTime:0.000018s ]
INFO: [ app_init ] --END-- [ RunTime:0.000514s ]
INFO: [ app_begin ] --START--
INFO: Run Behavior\ReadHtmlCacheBehavior [ RunTime:0.000773s ]
INFO: [ app_begin ] --END-- [ RunTime:0.000872s ]
SQL: SHOW COLUMNS FROM `content` [ RunTime:0.0470s ]
SQL: select u1.user_id,u2.user_id,u2.user_name,c.content_message,c.content_time from users u1 join content c on u1.user_id = c.content_sender_id join users u2 on c.content_Receiver_id = u2.user_id where u2.user_id = 3 and c.content_state = 0 order by u2.user_id; [ RunTime:0.0014s ]
INFO: [ app_end ] --START--
INFO: Run Behavior\ShowPageTraceBehavior [ RunTime:0.001506s ]
INFO: [ app_end ] --END-- [ RunTime:0.001641s ]

[ 2015-06-06T10:23:06+08:00 ] 127.0.0.1 /index.php/Home/Content/getMessage
INFO: [ app_init ] --START--
INFO: Run Behavior\BuildLiteBehavior [ RunTime:0.000034s ]
INFO: [ app_init ] --END-- [ RunTime:0.000976s ]
INFO: [ app_begin ] --START--
INFO: Run Behavior\ReadHtmlCacheBehavior [ RunTime:0.001731s ]
INFO: [ app_begin ] --END-- [ RunTime:0.001888s ]
SQL: SHOW COLUMNS FROM `content` [ RunTime:0.0145s ]
SQL: select u1.user_id,u2.user_id,u2.user_name,c.content_message,c.content_time from users u1 join content c on u1.user_id = c.content_sender_id join users u2 on c.content_Receiver_id = u2.user_id where u2.user_id = 3 and c.content_state = 0 order by u2.user_id; [ RunTime:0.0007s ]
INFO: [ app_end ] --START--
INFO: Run Behavior\ShowPageTraceBehavior [ RunTime:0.000887s ]
INFO: [ app_end ] --END-- [ RunTime:0.000984s ]

[ 2015-06-06T10:23:08+08:00 ] 127.0.0.1 /index.php/Home/Content/getMessage
INFO: [ app_init ] --START--
INFO: Run Behavior\BuildLiteBehavior [ RunTime:0.000019s ]
INFO: [ app_init ] --END-- [ RunTime:0.000576s ]
INFO: [ app_begin ] --START--
INFO: Run Behavior\ReadHtmlCacheBehavior [ RunTime:0.000686s ]
INFO: [ app_begin ] --END-- [ RunTime:0.000764s ]
SQL: SHOW COLUMNS FROM `content` [ RunTime:0.0266s ]
SQL: select u1.user_id,u2.user_id,u2.user_name,c.content_message,c.content_time from users u1 join content c on u1.user_id = c.content_sender_id join users u2 on c.content_Receiver_id = u2.user_id where u2.user_id = 3 and c.content_state = 0 order by u2.user_id; [ RunTime:0.0013s ]
INFO: [ app_end ] --START--
INFO: Run Behavior\ShowPageTraceBehavior [ RunTime:0.001771s ]
INFO: [ app_end ] --END-- [ RunTime:0.001911s ]

[ 2015-06-06T10:23:09+08:00 ] 127.0.0.1 /index.php/Home/Content/getMessage
INFO: [ app_init ] --START--
INFO: Run Behavior\BuildLiteBehavior [ RunTime:0.000021s ]
INFO: [ app_init ] --END-- [ RunTime:0.000542s ]
INFO: [ app_begin ] --START--
INFO: Run Behavior\ReadHtmlCacheBehavior [ RunTime:0.000770s ]
INFO: [ app_begin ] --END-- [ RunTime:0.000868s ]
SQL: SHOW COLUMNS FROM `content` [ RunTime:0.0137s ]
SQL: select u1.user_id,u2.user_id,u2.user_name,c.content_message,c.content_time from users u1 join content c on u1.user_id = c.content_sender_id join users u2 on c.content_Receiver_id = u2.user_id where u2.user_id = 3 and c.content_state = 0 order by u2.user_id; [ RunTime:0.0007s ]
INFO: [ app_end ] --START--
INFO: Run Behavior\ShowPageTraceBehavior [ RunTime:0.000909s ]
INFO: [ app_end ] --END-- [ RunTime:0.000996s ]

[ 2015-06-06T10:23:11+08:00 ] 127.0.0.1 /index.php/Home/Content/getMessage
INFO: [ app_init ] --START--
INFO: Run Behavior\BuildLiteBehavior [ RunTime:0.000031s ]
INFO: [ app_init ] --END-- [ RunTime:0.000825s ]
INFO: [ app_begin ] --START--
INFO: Run Behavior\ReadHtmlCacheBehavior [ RunTime:0.001156s ]
INFO: [ app_begin ] --END-- [ RunTime:0.001291s ]
SQL: SHOW COLUMNS FROM `content` [ RunTime:0.0130s ]
SQL: select u1.user_id,u2.user_id,u2.user_name,c.content_message,c.content_time from users u1 join content c on u1.user_id = c.content_sender_id join users u2 on c.content_Receiver_id = u2.user_id where u2.user_id = 3 and c.content_state = 0 order by u2.user_id; [ RunTime:0.0008s ]
INFO: [ app_end ] --START--
INFO: Run Behavior\ShowPageTraceBehavior [ RunTime:0.000896s ]
INFO: [ app_end ] --END-- [ RunTime:0.000984s ]

[ 2015-06-06T10:23:12+08:00 ] 127.0.0.1 /index.php/Home/Content/getMessage
INFO: [ app_init ] --START--
INFO: Run Behavior\BuildLiteBehavior [ RunTime:0.000045s ]
INFO: [ app_init ] --END-- [ RunTime:0.000912s ]
INFO: [ app_begin ] --START--
INFO: Run Behavior\ReadHtmlCacheBehavior [ RunTime:0.000875s ]
INFO: [ app_begin ] --END-- [ RunTime:0.000988s ]
SQL: SHOW COLUMNS FROM `content` [ RunTime:0.0141s ]
SQL: select u1.user_id,u2.user_id,u2.user_name,c.content_message,c.content_time from users u1 join content c on u1.user_id = c.content_sender_id join users u2 on c.content_Receiver_id = u2.user_id where u2.user_id = 3 and c.content_state = 0 order by u2.user_id; [ RunTime:0.0007s ]
INFO: [ app_end ] --START--
INFO: Run Behavior\ShowPageTraceBehavior [ RunTime:0.000924s ]
INFO: [ app_end ] --END-- [ RunTime:0.001020s ]

[ 2015-06-06T10:23:14+08:00 ] 127.0.0.1 /index.php/Home/Content/getMessage
INFO: [ app_init ] --START--
INFO: Run Behavior\BuildLiteBehavior [ RunTime:0.000022s ]
INFO: [ app_init ] --END-- [ RunTime:0.000564s ]
INFO: [ app_begin ] --START--
INFO: Run Behavior\ReadHtmlCacheBehavior [ RunTime:0.000715s ]
INFO: [ app_begin ] --END-- [ RunTime:0.000805s ]
SQL: SHOW COLUMNS FROM `content` [ RunTime:0.0135s ]
SQL: select u1.user_id,u2.user_id,u2.user_name,c.content_message,c.content_time from users u1 join content c on u1.user_id = c.content_sender_id join users u2 on c.content_Receiver_id = u2.user_id where u2.user_id = 3 and c.content_state = 0 order by u2.user_id; [ RunTime:0.0008s ]
INFO: [ app_end ] --START--
INFO: Run Behavior\ShowPageTraceBehavior [ RunTime:0.000892s ]
INFO: [ app_end ] --END-- [ RunTime:0.000981s ]

[ 2015-06-06T10:23:15+08:00 ] 127.0.0.1 /index.php/Home/Content/getMessage
INFO: [ app_init ] --START--
INFO: Run Behavior\BuildLiteBehavior [ RunTime:0.000033s ]
INFO: [ app_init ] --END-- [ RunTime:0.001136s ]
INFO: [ app_begin ] --START--
INFO: Run Behavior\ReadHtmlCacheBehavior [ RunTime:0.001274s ]
INFO: [ app_begin ] --END-- [ RunTime:0.001408s ]
SQL: SHOW COLUMNS FROM `content` [ RunTime:0.0247s ]
SQL: select u1.user_id,u2.user_id,u2.user_name,c.content_message,c.content_time from users u1 join content c on u1.user_id = c.content_sender_id join users u2 on c.content_Receiver_id = u2.user_id where u2.user_id = 3 and c.content_state = 0 order by u2.user_id; [ RunTime:0.0008s ]
INFO: [ app_end ] --START--
INFO: Run Behavior\ShowPageTraceBehavior [ RunTime:0.000936s ]
INFO: [ app_end ] --END-- [ RunTime:0.001020s ]

[ 2015-06-06T10:23:17+08:00 ] 127.0.0.1 /index.php/Home/Content/getMessage
INFO: [ app_init ] --START--
INFO: Run Behavior\BuildLiteBehavior [ RunTime:0.000021s ]
INFO: [ app_init ] --END-- [ RunTime:0.000543s ]
INFO: [ app_begin ] --START--
INFO: Run Behavior\ReadHtmlCacheBehavior [ RunTime:0.000760s ]
INFO: [ app_begin ] --END-- [ RunTime:0.000857s ]
SQL: SHOW COLUMNS FROM `content` [ RunTime:0.0140s ]
SQL: select u1.user_id,u2.user_id,u2.user_name,c.content_message,c.content_time from users u1 join content c on u1.user_id = c.content_sender_id join users u2 on c.content_Receiver_id = u2.user_id where u2.user_id = 3 and c.content_state = 0 order by u2.user_id; [ RunTime:0.0008s ]
INFO: [ app_end ] --START--
INFO: Run Behavior\ShowPageTraceBehavior [ RunTime:0.000894s ]
INFO: [ app_end ] --END-- [ RunTime:0.000987s ]

[ 2015-06-06T10:23:18+08:00 ] 127.0.0.1 /index.php/Home/Content/getMessage
INFO: [ app_init ] --START--
INFO: Run Behavior\BuildLiteBehavior [ RunTime:0.000028s ]
INFO: [ app_init ] --END-- [ RunTime:0.000835s ]
INFO: [ app_begin ] --START--
INFO: Run Behavior\ReadHtmlCacheBehavior [ RunTime:0.001070s ]
INFO: [ app_begin ] --END-- [ RunTime:0.001202s ]
SQL: SHOW COLUMNS FROM `content` [ RunTime:0.0132s ]
SQL: select u1.user_id,u2.user_id,u2.user_name,c.content_message,c.content_time from users u1 join content c on u1.user_id = c.content_sender_id join users u2 on c.content_Receiver_id = u2.user_id where u2.user_id = 3 and c.content_state = 0 order by u2.user_id; [ RunTime:0.0006s ]
INFO: [ app_end ] --START--
INFO: Run Behavior\ShowPageTraceBehavior [ RunTime:0.000828s ]
INFO: [ app_end ] --END-- [ RunTime:0.000919s ]

[ 2015-06-06T10:23:20+08:00 ] 127.0.0.1 /index.php/Home/Content/getMessage
INFO: [ app_init ] --START--
INFO: Run Behavior\BuildLiteBehavior [ RunTime:0.000020s ]
INFO: [ app_init ] --END-- [ RunTime:0.000560s ]
INFO: [ app_begin ] --START--
INFO: Run Behavior\ReadHtmlCacheBehavior [ RunTime:0.000721s ]
INFO: [ app_begin ] --END-- [ RunTime:0.000800s ]
SQL: SHOW COLUMNS FROM `content` [ RunTime:0.0160s ]
SQL: select u1.user_id,u2.user_id,u2.user_name,c.content_message,c.content_time from users u1 join content c on u1.user_id = c.content_sender_id join users u2 on c.content_Receiver_id = u2.user_id where u2.user_id = 3 and c.content_state = 0 order by u2.user_id; [ RunTime:0.0008s ]
INFO: [ app_end ] --START--
INFO: Run Behavior\ShowPageTraceBehavior [ RunTime:0.000904s ]
INFO: [ app_end ] --END-- [ RunTime:0.000982s ]

[ 2015-06-06T10:23:21+08:00 ] 127.0.0.1 /index.php/Home/Content/getMessage
INFO: [ app_init ] --START--
INFO: Run Behavior\BuildLiteBehavior [ RunTime:0.000046s ]
INFO: [ app_init ] --END-- [ RunTime:0.001019s ]
INFO: [ app_begin ] --START--
INFO: Run Behavior\ReadHtmlCacheBehavior [ RunTime:0.001563s ]
INFO: [ app_begin ] --END-- [ RunTime:0.001733s ]
SQL: SHOW COLUMNS FROM `content` [ RunTime:0.0158s ]
SQL: select u1.user_id,u2.user_id,u2.user_name,c.content_message,c.content_time from users u1 join content c on u1.user_id = c.content_sender_id join users u2 on c.content_Receiver_id = u2.user_id where u2.user_id = 3 and c.content_state = 0 order by u2.user_id; [ RunTime:0.0008s ]
INFO: [ app_end ] --START--
INFO: Run Behavior\ShowPageTraceBehavior [ RunTime:0.000912s ]
INFO: [ app_end ] --END-- [ RunTime:0.001036s ]

[ 2015-06-06T10:23:23+08:00 ] 127.0.0.1 /index.php/Home/Content/getMessage
INFO: [ app_init ] --START--
INFO: Run Behavior\BuildLiteBehavior [ RunTime:0.000020s ]
INFO: [ app_init ] --END-- [ RunTime:0.000371s ]
INFO: [ app_begin ] --START--
INFO: Run Behavior\ReadHtmlCacheBehavior [ RunTime:0.000470s ]
INFO: [ app_begin ] --END-- [ RunTime:0.000524s ]
SQL: SHOW COLUMNS FROM `content` [ RunTime:0.0280s ]
SQL: select u1.user_id,u2.user_id,u2.user_name,c.content_message,c.content_time from users u1 join content c on u1.user_id = c.content_sender_id join users u2 on c.content_Receiver_id = u2.user_id where u2.user_id = 3 and c.content_state = 0 order by u2.user_id; [ RunTime:0.0014s ]
INFO: [ app_end ] --START--
INFO: Run Behavior\ShowPageTraceBehavior [ RunTime:0.001635s ]
INFO: [ app_end ] --END-- [ RunTime:0.001784s ]

[ 2015-06-06T10:23:24+08:00 ] 127.0.0.1 /index.php/Home/Content/getMessage
INFO: [ app_init ] --START--
INFO: Run Behavior\BuildLiteBehavior [ RunTime:0.000033s ]
INFO: [ app_init ] --END-- [ RunTime:0.000930s ]
INFO: [ app_begin ] --START--
INFO: Run Behavior\ReadHtmlCacheBehavior [ RunTime:0.000717s ]
INFO: [ app_begin ] --END-- [ RunTime:0.000797s ]
SQL: SHOW COLUMNS FROM `content` [ RunTime:0.0158s ]
SQL: select u1.user_id,u2.user_id,u2.user_name,c.content_message,c.content_time from users u1 join content c on u1.user_id = c.content_sender_id join users u2 on c.content_Receiver_id = u2.user_id where u2.user_id = 3 and c.content_state = 0 order by u2.user_id; [ RunTime:0.0008s ]
INFO: [ app_end ] --START--
INFO: Run Behavior\ShowPageTraceBehavior [ RunTime:0.000932s ]
INFO: [ app_end ] --END-- [ RunTime:0.001015s ]

[ 2015-06-06T10:23:26+08:00 ] 127.0.0.1 /index.php/Home/Content/getMessage
INFO: [ app_init ] --START--
INFO: Run Behavior\BuildLiteBehavior [ RunTime:0.000022s ]
INFO: [ app_init ] --END-- [ RunTime:0.000556s ]
INFO: [ app_begin ] --START--
INFO: Run Behavior\ReadHtmlCacheBehavior [ RunTime:0.001308s ]
INFO: [ app_begin ] --END-- [ RunTime:0.001421s ]
SQL: SHOW COLUMNS FROM `content` [ RunTime:0.0226s ]
SQL: select u1.user_id,u2.user_id,u2.user_name,c.content_message,c.content_time from users u1 join content c on u1.user_id = c.content_sender_id join users u2 on c.content_Receiver_id = u2.user_id where u2.user_id = 3 and c.content_state = 0 order by u2.user_id; [ RunTime:0.0008s ]
INFO: [ app_end ] --START--
INFO: Run Behavior\ShowPageTraceBehavior [ RunTime:0.000747s ]
INFO: [ app_end ] --END-- [ RunTime:0.000837s ]

[ 2015-06-06T10:23:26+08:00 ] 127.0.0.1 /index.php/Home/Friends/getOnlineFriends
INFO: [ app_init ] --START--
INFO: Run Behavior\BuildLiteBehavior [ RunTime:0.000021s ]
INFO: [ app_init ] --END-- [ RunTime:0.000588s ]
INFO: [ app_begin ] --START--
INFO: Run Behavior\ReadHtmlCacheBehavior [ RunTime:0.000864s ]
INFO: [ app_begin ] --END-- [ RunTime:0.000964s ]
SQL: SHOW COLUMNS FROM `friends` [ RunTime:0.0232s ]
SQL: select * from users where user_state = 1 and user_id in(select f.friend_user_id from users u1 join friends f on u1.user_id = f.user_id where u1.user_id = 3) [ RunTime:0.0015s ]
INFO: [ app_end ] --START--
INFO: Run Behavior\ShowPageTraceBehavior [ RunTime:0.001497s ]
INFO: [ app_end ] --END-- [ RunTime:0.001635s ]

[ 2015-06-06T10:23:27+08:00 ] 127.0.0.1 /index.php/Home/Content/getMessage
INFO: [ app_init ] --START--
INFO: Run Behavior\BuildLiteBehavior [ RunTime:0.000020s ]
INFO: [ app_init ] --END-- [ RunTime:0.000519s ]
INFO: [ app_begin ] --START--
INFO: Run Behavior\ReadHtmlCacheBehavior [ RunTime:0.000720s ]
INFO: [ app_begin ] --END-- [ RunTime:0.000811s ]
SQL: SHOW COLUMNS FROM `content` [ RunTime:0.0129s ]
SQL: select u1.user_id,u2.user_id,u2.user_name,c.content_message,c.content_time from users u1 join content c on u1.user_id = c.content_sender_id join users u2 on c.content_Receiver_id = u2.user_id where u2.user_id = 3 and c.content_state = 0 order by u2.user_id; [ RunTime:0.0008s ]
INFO: [ app_end ] --START--
INFO: Run Behavior\ShowPageTraceBehavior [ RunTime:0.000932s ]
INFO: [ app_end ] --END-- [ RunTime:0.001025s ]

[ 2015-06-06T10:23:28+08:00 ] 127.0.0.1 /index.php/Home/Friends/getAllFriends
INFO: [ app_init ] --START--
INFO: Run Behavior\BuildLiteBehavior [ RunTime:0.000014s ]
INFO: [ app_init ] --END-- [ RunTime:0.000354s ]
INFO: [ app_begin ] --START--
INFO: Run Behavior\ReadHtmlCacheBehavior [ RunTime:0.000465s ]
INFO: [ app_begin ] --END-- [ RunTime:0.000522s ]
SQL: SHOW COLUMNS FROM `friends` [ RunTime:0.0112s ]
SQL: select * from users where user_id in(select f.friend_user_id from users u1 join friends f on u1.user_id = f.user_id where u1.user_id = 3) [ RunTime:0.0007s ]
INFO: [ app_end ] --START--
INFO: Run Behavior\ShowPageTraceBehavior [ RunTime:0.000629s ]
INFO: [ app_end ] --END-- [ RunTime:0.000702s ]

[ 2015-06-06T10:23:29+08:00 ] 127.0.0.1 /index.php/Home/Content/getMessage
INFO: [ app_init ] --START--
INFO: Run Behavior\BuildLiteBehavior [ RunTime:0.000020s ]
INFO: [ app_init ] --END-- [ RunTime:0.000589s ]
INFO: [ app_begin ] --START--
INFO: Run Behavior\ReadHtmlCacheBehavior [ RunTime:0.000789s ]
INFO: [ app_begin ] --END-- [ RunTime:0.000870s ]
SQL: SHOW COLUMNS FROM `content` [ RunTime:0.0114s ]
SQL: select u1.user_id,u2.user_id,u2.user_name,c.content_message,c.content_time from users u1 join content c on u1.user_id = c.content_sender_id join users u2 on c.content_Receiver_id = u2.user_id where u2.user_id = 3 and c.content_state = 0 order by u2.user_id; [ RunTime:0.0008s ]
INFO: [ app_end ] --START--
INFO: Run Behavior\ShowPageTraceBehavior [ RunTime:0.000658s ]
INFO: [ app_end ] --END-- [ RunTime:0.000729s ]

[ 2015-06-06T10:23:30+08:00 ] 127.0.0.1 /index.php/Home/Content/getMessage
INFO: [ app_init ] --START--
INFO: Run Behavior\BuildLiteBehavior [ RunTime:0.000046s ]
INFO: [ app_init ] --END-- [ RunTime:0.001045s ]
INFO: [ app_begin ] --START--
INFO: Run Behavior\ReadHtmlCacheBehavior [ RunTime:0.001258s ]
INFO: [ app_begin ] --END-- [ RunTime:0.001399s ]
SQL: SHOW COLUMNS FROM `content` [ RunTime:0.0256s ]
SQL: select u1.user_id,u2.user_id,u2.user_name,c.content_message,c.content_time from users u1 join content c on u1.user_id = c.content_sender_id join users u2 on c.content_Receiver_id = u2.user_id where u2.user_id = 3 and c.content_state = 0 order by u2.user_id; [ RunTime:0.0013s ]
INFO: [ app_end ] --START--
INFO: Run Behavior\ShowPageTraceBehavior [ RunTime:0.001586s ]
INFO: [ app_end ] --END-- [ RunTime:0.001725s ]

[ 2015-06-06T10:23:33+08:00 ] 127.0.0.1 /index.php/Home/Users/logout
INFO: [ app_init ] --START--
INFO: Run Behavior\BuildLiteBehavior [ RunTime:0.000022s ]
INFO: [ app_init ] --END-- [ RunTime:0.000659s ]
INFO: [ app_begin ] --START--
INFO: Run Behavior\ReadHtmlCacheBehavior [ RunTime:0.000726s ]
INFO: [ app_begin ] --END-- [ RunTime:0.000819s ]
SQL: UPDATE `users` SET `user_state`='0' WHERE ( user_id = 3 ) [ RunTime:0.0548s ]
INFO: [ app_end ] --START--
INFO: Run Behavior\ShowPageTraceBehavior [ RunTime:0.000690s ]
INFO: [ app_end ] --END-- [ RunTime:0.000750s ]

[ 2015-06-06T10:23:33+08:00 ] 127.0.0.1 /index.php/Home/Content/getMessage
INFO: [ app_init ] --START--
INFO: Run Behavior\BuildLiteBehavior [ RunTime:0.000014s ]
INFO: [ app_init ] --END-- [ RunTime:0.000410s ]
INFO: [ app_begin ] --START--
INFO: Run Behavior\ReadHtmlCacheBehavior [ RunTime:0.000606s ]
INFO: [ app_begin ] --END-- [ RunTime:0.000665s ]
SQL: SHOW COLUMNS FROM `content` [ RunTime:0.0108s ]
SQL: select u1.user_id,u2.user_id,u2.user_name,c.content_message,c.content_time from users u1 join content c on u1.user_id = c.content_sender_id join users u2 on c.content_Receiver_id = u2.user_id where u2.user_id = 3 and c.content_state = 0 order by u2.user_id; [ RunTime:0.0005s ]
INFO: [ app_end ] --START--
INFO: Run Behavior\ShowPageTraceBehavior [ RunTime:0.000733s ]
INFO: [ app_end ] --END-- [ RunTime:0.000795s ]

[ 2015-06-06T11:24:57+08:00 ] 127.0.0.1 /index.php/Home/Users/checkUserName
INFO: [ app_init ] --START--
INFO: Run Behavior\BuildLiteBehavior [ RunTime:0.000026s ]
INFO: [ app_init ] --END-- [ RunTime:0.017081s ]
INFO: [ app_begin ] --START--
INFO: Run Behavior\ReadHtmlCacheBehavior [ RunTime:0.033719s ]
INFO: [ app_begin ] --END-- [ RunTime:0.033993s ]
SQL: SELECT `user_id` FROM `users` WHERE ( user_name = 'lajigao' )  [ RunTime:0.1642s ]

[ 2015-06-06T11:25:07+08:00 ] 127.0.0.1 /index.php/Home/Users/checkUserName
INFO: [ app_init ] --START--
INFO: Run Behavior\BuildLiteBehavior [ RunTime:0.000016s ]
INFO: [ app_init ] --END-- [ RunTime:0.000458s ]
INFO: [ app_begin ] --START--
INFO: Run Behavior\ReadHtmlCacheBehavior [ RunTime:0.000588s ]
INFO: [ app_begin ] --END-- [ RunTime:0.000663s ]
SQL: SELECT `user_id` FROM `users` WHERE ( user_name = 'lajigao' )  [ RunTime:0.0008s ]

[ 2015-06-06T11:25:44+08:00 ] 127.0.0.1 /index.php/Home/Users/checkUserName
INFO: [ app_init ] --START--
INFO: Run Behavior\BuildLiteBehavior [ RunTime:0.000016s ]
INFO: [ app_init ] --END-- [ RunTime:0.000562s ]
INFO: [ app_begin ] --START--
INFO: Run Behavior\ReadHtmlCacheBehavior [ RunTime:0.000637s ]
INFO: [ app_begin ] --END-- [ RunTime:0.000709s ]
SQL: SELECT `user_id` FROM `users` WHERE ( user_name = '' )  [ RunTime:0.0010s ]

[ 2015-06-06T11:25:48+08:00 ] 127.0.0.1 /index.php/Home/Users/checkUserName
INFO: [ app_init ] --START--
INFO: Run Behavior\BuildLiteBehavior [ RunTime:0.000017s ]
INFO: [ app_init ] --END-- [ RunTime:0.000446s ]
INFO: [ app_begin ] --START--
INFO: Run Behavior\ReadHtmlCacheBehavior [ RunTime:0.000570s ]
INFO: [ app_begin ] --END-- [ RunTime:0.000635s ]
SQL: SELECT `user_id` FROM `users` WHERE ( user_name = '' )  [ RunTime:0.0005s ]

[ 2015-06-06T11:25:52+08:00 ] 127.0.0.1 /index.php/Home/Users/checkUserName
INFO: [ app_init ] --START--
INFO: Run Behavior\BuildLiteBehavior [ RunTime:0.000016s ]
INFO: [ app_init ] --END-- [ RunTime:0.000427s ]
INFO: [ app_begin ] --START--
INFO: Run Behavior\ReadHtmlCacheBehavior [ RunTime:0.000567s ]
INFO: [ app_begin ] --END-- [ RunTime:0.000631s ]
SQL: SELECT `user_id` FROM `users` WHERE ( user_name = '' )  [ RunTime:0.0005s ]

[ 2015-06-06T11:32:36+08:00 ] 127.0.0.1 /index.php/Home/Users/checkUserName
INFO: [ app_init ] --START--
INFO: Run Behavior\BuildLiteBehavior [ RunTime:0.000016s ]
INFO: [ app_init ] --END-- [ RunTime:0.000478s ]
INFO: [ app_begin ] --START--
INFO: Run Behavior\ReadHtmlCacheBehavior [ RunTime:0.000917s ]
INFO: [ app_begin ] --END-- [ RunTime:0.000991s ]
SQL: SELECT `user_id` FROM `users` WHERE ( user_name = 'lajigao' )  [ RunTime:0.0006s ]

