[ 2015-06-04T23:39:03+08:00 ] 127.0.0.1 /index.php/Home/Users/checkUserName
INFO: [ app_init ] --START--
INFO: Run Behavior\BuildLiteBehavior [ RunTime:0.000135s ]
INFO: [ app_init ] --END-- [ RunTime:0.088794s ]
INFO: [ app_begin ] --START--
INFO: Run Behavior\ReadHtmlCacheBehavior [ RunTime:0.053641s ]
INFO: [ app_begin ] --END-- [ RunTime:0.053861s ]
SQL: SELECT `user_id` FROM `users` WHERE ( user_name = 'lajigao' )  [ RunTime:1.2975s ]

[ 2015-06-04T23:39:03+08:00 ] 127.0.0.1 /index.php/Home/Users/checkUserName
INFO: [ app_init ] --START--
INFO: Run Behavior\BuildLiteBehavior [ RunTime:0.000024s ]
INFO: [ app_init ] --END-- [ RunTime:0.000715s ]
INFO: [ app_begin ] --START--
INFO: Run Behavior\ReadHtmlCacheBehavior [ RunTime:0.000709s ]
INFO: [ app_begin ] --END-- [ RunTime:0.000792s ]
SQL: SELECT `user_id` FROM `users` WHERE ( user_name = 'lajigao' )  [ RunTime:0.0004s ]

[ 2015-06-04T23:39:12+08:00 ] 127.0.0.1 /index.php/Home/Users/checkUserName
INFO: [ app_init ] --START--
INFO: Run Behavior\BuildLiteBehavior [ RunTime:0.000030s ]
INFO: [ app_init ] --END-- [ RunTime:0.000633s ]
INFO: [ app_begin ] --START--
INFO: Run Behavior\ReadHtmlCacheBehavior [ RunTime:0.000766s ]
INFO: [ app_begin ] --END-- [ RunTime:0.000868s ]
SQL: SELECT `user_id` FROM `users` WHERE ( user_name = 'lajigao' )  [ RunTime:0.0004s ]

[ 2015-06-04T23:39:36+08:00 ] 127.0.0.1 /index.php/Home/Users/checkLogin
INFO: [ app_init ] --START--
INFO: Run Behavior\BuildLiteBehavior [ RunTime:0.000020s ]
INFO: [ app_init ] --END-- [ RunTime:0.000557s ]
INFO: [ app_begin ] --START--
INFO: Run Behavior\ReadHtmlCacheBehavior [ RunTime:0.000685s ]
INFO: [ app_begin ] --END-- [ RunTime:0.000768s ]
SQL: SELECT * FROM `users` WHERE ( user_name= 'lajigao' and user_pwd = 'f6c8575e2e3c087e10d0618b1d35d13d'  )  [ RunTime:0.0213s ]
SQL: UPDATE `users` SET `user_state`='1' WHERE ( user_id = 2 ) [ RunTime:0.2484s ]

[ 2015-06-04T23:39:36+08:00 ] 127.0.0.1 /index.php/Home/Users/getUserInfo
INFO: [ app_init ] --START--
INFO: Run Behavior\BuildLiteBehavior [ RunTime:0.000020s ]
INFO: [ app_init ] --END-- [ RunTime:0.000553s ]
INFO: [ app_begin ] --START--
INFO: Run Behavior\ReadHtmlCacheBehavior [ RunTime:0.000715s ]
INFO: [ app_begin ] --END-- [ RunTime:0.000801s ]
SQL: SELECT * FROM `users` WHERE ( user_name = 'lajigao' )  [ RunTime:0.0008s ]
INFO: [ app_end ] --START--
INFO: Run Behavior\ShowPageTraceBehavior [ RunTime:0.043483s ]
INFO: [ app_end ] --END-- [ RunTime:0.043607s ]

[ 2015-06-04T23:39:37+08:00 ] 127.0.0.1 /index.php/Home/Friends/getOnlineFriends
INFO: [ app_init ] --START--
INFO: Run Behavior\BuildLiteBehavior [ RunTime:0.000019s ]
INFO: [ app_init ] --END-- [ RunTime:0.000491s ]
INFO: [ app_begin ] --START--
INFO: Run Behavior\ReadHtmlCacheBehavior [ RunTime:0.000718s ]
INFO: [ app_begin ] --END-- [ RunTime:0.000821s ]
SQL: SHOW COLUMNS FROM `friends` [ RunTime:0.2432s ]
SQL: select * from users where user_state = 1 and user_id in(select f.friend_user_id from users u1 join friends f on u1.user_id = f.user_id where u1.user_id = 2) [ RunTime:0.0172s ]
INFO: [ app_end ] --START--
INFO: Run Behavior\ShowPageTraceBehavior [ RunTime:0.000923s ]
INFO: [ app_end ] --END-- [ RunTime:0.001029s ]

[ 2015-06-04T23:39:38+08:00 ] 127.0.0.1 /index.php/Home/Content/getMessage
INFO: [ app_init ] --START--
INFO: Run Behavior\BuildLiteBehavior [ RunTime:0.000032s ]
INFO: [ app_init ] --END-- [ RunTime:0.000928s ]
INFO: [ app_begin ] --START--
INFO: Run Behavior\ReadHtmlCacheBehavior [ RunTime:0.001422s ]
INFO: [ app_begin ] --END-- [ RunTime:0.001606s ]
SQL: SHOW COLUMNS FROM `content` [ RunTime:0.1530s ]
SQL: select u1.user_id,u2.user_id,u2.user_name,c.content_message,c.content_time from users u1 join content c on u1.user_id = c.content_sender_id join users u2 on c.content_Receiver_id = u2.user_id where u2.user_id = 2 and c.content_state = 0 order by u2.user_id; [ RunTime:0.0022s ]
INFO: [ app_end ] --START--
INFO: Run Behavior\ShowPageTraceBehavior [ RunTime:0.001964s ]
INFO: [ app_end ] --END-- [ RunTime:0.002189s ]

[ 2015-06-04T23:39:39+08:00 ] 127.0.0.1 /index.php/Home/Content/getMessage
INFO: [ app_init ] --START--
INFO: Run Behavior\BuildLiteBehavior [ RunTime:0.000026s ]
INFO: [ app_init ] --END-- [ RunTime:0.000708s ]
INFO: [ app_begin ] --START--
INFO: Run Behavior\ReadHtmlCacheBehavior [ RunTime:0.000900s ]
INFO: [ app_begin ] --END-- [ RunTime:0.001007s ]
SQL: SHOW COLUMNS FROM `content` [ RunTime:0.0352s ]
SQL: select u1.user_id,u2.user_id,u2.user_name,c.content_message,c.content_time from users u1 join content c on u1.user_id = c.content_sender_id join users u2 on c.content_Receiver_id = u2.user_id where u2.user_id = 2 and c.content_state = 0 order by u2.user_id; [ RunTime:0.0007s ]
INFO: [ app_end ] --START--
INFO: Run Behavior\ShowPageTraceBehavior [ RunTime:0.000801s ]
INFO: [ app_end ] --END-- [ RunTime:0.000874s ]

[ 2015-06-04T23:39:39+08:00 ] 127.0.0.1 /index.php/Home/Friends/getAllFriends
INFO: [ app_init ] --START--
INFO: Run Behavior\BuildLiteBehavior [ RunTime:0.000021s ]
INFO: [ app_init ] --END-- [ RunTime:0.000537s ]
INFO: [ app_begin ] --START--
INFO: Run Behavior\ReadHtmlCacheBehavior [ RunTime:0.001248s ]
INFO: [ app_begin ] --END-- [ RunTime:0.001397s ]
SQL: SHOW COLUMNS FROM `friends` [ RunTime:0.0143s ]
SQL: select * from users where user_id in(select f.friend_user_id from users u1 join friends f on u1.user_id = f.user_id where u1.user_id = 2) [ RunTime:0.0010s ]
INFO: [ app_end ] --START--
INFO: Run Behavior\ShowPageTraceBehavior [ RunTime:0.000835s ]
INFO: [ app_end ] --END-- [ RunTime:0.000922s ]

[ 2015-06-04T23:39:40+08:00 ] 127.0.0.1 /index.php/Home/Content/getMessage
INFO: [ app_init ] --START--
INFO: Run Behavior\BuildLiteBehavior [ RunTime:0.000023s ]
INFO: [ app_init ] --END-- [ RunTime:0.000559s ]
INFO: [ app_begin ] --START--
INFO: Run Behavior\ReadHtmlCacheBehavior [ RunTime:0.000740s ]
INFO: [ app_begin ] --END-- [ RunTime:0.000837s ]
SQL: SHOW COLUMNS FROM `content` [ RunTime:0.0403s ]
SQL: select u1.user_id,u2.user_id,u2.user_name,c.content_message,c.content_time from users u1 join content c on u1.user_id = c.content_sender_id join users u2 on c.content_Receiver_id = u2.user_id where u2.user_id = 2 and c.content_state = 0 order by u2.user_id; [ RunTime:0.0008s ]
INFO: [ app_end ] --START--
INFO: Run Behavior\ShowPageTraceBehavior [ RunTime:0.000846s ]
INFO: [ app_end ] --END-- [ RunTime:0.000929s ]

[ 2015-06-04T23:39:41+08:00 ] 127.0.0.1 /index.php/Home/Content/getMessage
INFO: [ app_init ] --START--
INFO: Run Behavior\BuildLiteBehavior [ RunTime:0.000032s ]
INFO: [ app_init ] --END-- [ RunTime:0.000906s ]
INFO: [ app_begin ] --START--
INFO: Run Behavior\ReadHtmlCacheBehavior [ RunTime:0.001569s ]
INFO: [ app_begin ] --END-- [ RunTime:0.001733s ]
SQL: SHOW COLUMNS FROM `content` [ RunTime:0.0319s ]
SQL: select u1.user_id,u2.user_id,u2.user_name,c.content_message,c.content_time from users u1 join content c on u1.user_id = c.content_sender_id join users u2 on c.content_Receiver_id = u2.user_id where u2.user_id = 2 and c.content_state = 0 order by u2.user_id; [ RunTime:0.0007s ]
INFO: [ app_end ] --START--
INFO: Run Behavior\ShowPageTraceBehavior [ RunTime:0.000967s ]
INFO: [ app_end ] --END-- [ RunTime:0.001055s ]

[ 2015-06-04T23:39:42+08:00 ] 127.0.0.1 /index.php/Home/Content/getMessage
INFO: [ app_init ] --START--
INFO: Run Behavior\BuildLiteBehavior [ RunTime:0.000020s ]
INFO: [ app_init ] --END-- [ RunTime:0.000554s ]
INFO: [ app_begin ] --START--
INFO: Run Behavior\ReadHtmlCacheBehavior [ RunTime:0.000743s ]
INFO: [ app_begin ] --END-- [ RunTime:0.000829s ]
SQL: SHOW COLUMNS FROM `content` [ RunTime:0.0357s ]
SQL: select u1.user_id,u2.user_id,u2.user_name,c.content_message,c.content_time from users u1 join content c on u1.user_id = c.content_sender_id join users u2 on c.content_Receiver_id = u2.user_id where u2.user_id = 2 and c.content_state = 0 order by u2.user_id; [ RunTime:0.0016s ]
INFO: [ app_end ] --START--
INFO: Run Behavior\ShowPageTraceBehavior [ RunTime:0.001565s ]
INFO: [ app_end ] --END-- [ RunTime:0.001710s ]

[ 2015-06-04T23:39:43+08:00 ] 127.0.0.1 /index.php/Home/Friends/getOnlineFriends
INFO: [ app_init ] --START--
INFO: Run Behavior\BuildLiteBehavior [ RunTime:0.000021s ]
INFO: [ app_init ] --END-- [ RunTime:0.001035s ]
INFO: [ app_begin ] --START--
INFO: Run Behavior\ReadHtmlCacheBehavior [ RunTime:0.000952s ]
INFO: [ app_begin ] --END-- [ RunTime:0.001037s ]
SQL: SHOW COLUMNS FROM `friends` [ RunTime:0.0325s ]
SQL: select * from users where user_state = 1 and user_id in(select f.friend_user_id from users u1 join friends f on u1.user_id = f.user_id where u1.user_id = 2) [ RunTime:0.0010s ]
INFO: [ app_end ] --START--
INFO: Run Behavior\ShowPageTraceBehavior [ RunTime:0.000838s ]
INFO: [ app_end ] --END-- [ RunTime:0.000931s ]

[ 2015-06-04T23:39:43+08:00 ] 127.0.0.1 /index.php/Home/Content/getMessage
INFO: [ app_init ] --START--
INFO: Run Behavior\BuildLiteBehavior [ RunTime:0.000021s ]
INFO: [ app_init ] --END-- [ RunTime:0.000465s ]
INFO: [ app_begin ] --START--
INFO: Run Behavior\ReadHtmlCacheBehavior [ RunTime:0.000677s ]
INFO: [ app_begin ] --END-- [ RunTime:0.000764s ]
SQL: SHOW COLUMNS FROM `content` [ RunTime:0.0293s ]
SQL: select u1.user_id,u2.user_id,u2.user_name,c.content_message,c.content_time from users u1 join content c on u1.user_id = c.content_sender_id join users u2 on c.content_Receiver_id = u2.user_id where u2.user_id = 2 and c.content_state = 0 order by u2.user_id; [ RunTime:0.0006s ]
INFO: [ app_end ] --START--
INFO: Run Behavior\ShowPageTraceBehavior [ RunTime:0.000704s ]
INFO: [ app_end ] --END-- [ RunTime:0.000766s ]

[ 2015-06-04T23:39:44+08:00 ] 127.0.0.1 /index.php/Home/Content/getMessage
INFO: [ app_init ] --START--
INFO: Run Behavior\BuildLiteBehavior [ RunTime:0.000022s ]
INFO: [ app_init ] --END-- [ RunTime:0.001360s ]
INFO: [ app_begin ] --START--
INFO: Run Behavior\ReadHtmlCacheBehavior [ RunTime:0.000985s ]
INFO: [ app_begin ] --END-- [ RunTime:0.001076s ]
SQL: SHOW COLUMNS FROM `content` [ RunTime:0.0294s ]
SQL: select u1.user_id,u2.user_id,u2.user_name,c.content_message,c.content_time from users u1 join content c on u1.user_id = c.content_sender_id join users u2 on c.content_Receiver_id = u2.user_id where u2.user_id = 2 and c.content_state = 0 order by u2.user_id; [ RunTime:0.0010s ]
INFO: [ app_end ] --START--
INFO: Run Behavior\ShowPageTraceBehavior [ RunTime:0.000985s ]
INFO: [ app_end ] --END-- [ RunTime:0.001072s ]

[ 2015-06-04T23:39:44+08:00 ] 127.0.0.1 /index.php/Home/Friends/getAllFriends
INFO: [ app_init ] --START--
INFO: Run Behavior\BuildLiteBehavior [ RunTime:0.000019s ]
INFO: [ app_init ] --END-- [ RunTime:0.000485s ]
INFO: [ app_begin ] --START--
INFO: Run Behavior\ReadHtmlCacheBehavior [ RunTime:0.000653s ]
INFO: [ app_begin ] --END-- [ RunTime:0.000731s ]
SQL: SHOW COLUMNS FROM `friends` [ RunTime:0.0203s ]
SQL: select * from users where user_id in(select f.friend_user_id from users u1 join friends f on u1.user_id = f.user_id where u1.user_id = 2) [ RunTime:0.0010s ]
INFO: [ app_end ] --START--
INFO: Run Behavior\ShowPageTraceBehavior [ RunTime:0.000688s ]
INFO: [ app_end ] --END-- [ RunTime:0.000772s ]

[ 2015-06-04T23:39:45+08:00 ] 127.0.0.1 /index.php/Home/Content/getMessage
INFO: [ app_init ] --START--
INFO: Run Behavior\BuildLiteBehavior [ RunTime:0.000022s ]
INFO: [ app_init ] --END-- [ RunTime:0.000573s ]
INFO: [ app_begin ] --START--
INFO: Run Behavior\ReadHtmlCacheBehavior [ RunTime:0.000998s ]
INFO: [ app_begin ] --END-- [ RunTime:0.001109s ]
SQL: SHOW COLUMNS FROM `content` [ RunTime:0.0300s ]
SQL: select u1.user_id,u2.user_id,u2.user_name,c.content_message,c.content_time from users u1 join content c on u1.user_id = c.content_sender_id join users u2 on c.content_Receiver_id = u2.user_id where u2.user_id = 2 and c.content_state = 0 order by u2.user_id; [ RunTime:0.0011s ]
INFO: [ app_end ] --START--
INFO: Run Behavior\ShowPageTraceBehavior [ RunTime:0.001034s ]
INFO: [ app_end ] --END-- [ RunTime:0.001169s ]

[ 2015-06-04T23:39:46+08:00 ] 127.0.0.1 /index.php/Home/Content/getMessage
INFO: [ app_init ] --START--
INFO: Run Behavior\BuildLiteBehavior [ RunTime:0.000043s ]
INFO: [ app_init ] --END-- [ RunTime:0.001003s ]
INFO: [ app_begin ] --START--
INFO: Run Behavior\ReadHtmlCacheBehavior [ RunTime:0.001246s ]
INFO: [ app_begin ] --END-- [ RunTime:0.001385s ]
SQL: SHOW COLUMNS FROM `content` [ RunTime:0.0345s ]
SQL: select u1.user_id,u2.user_id,u2.user_name,c.content_message,c.content_time from users u1 join content c on u1.user_id = c.content_sender_id join users u2 on c.content_Receiver_id = u2.user_id where u2.user_id = 2 and c.content_state = 0 order by u2.user_id; [ RunTime:0.0015s ]
INFO: [ app_end ] --START--
INFO: Run Behavior\ShowPageTraceBehavior [ RunTime:0.002297s ]
INFO: [ app_end ] --END-- [ RunTime:0.002447s ]

[ 2015-06-04T23:39:47+08:00 ] 127.0.0.1 /index.php/Home/Content/getMessage
INFO: [ app_init ] --START--
INFO: Run Behavior\BuildLiteBehavior [ RunTime:0.000019s ]
INFO: [ app_init ] --END-- [ RunTime:0.000503s ]
INFO: [ app_begin ] --START--
INFO: Run Behavior\ReadHtmlCacheBehavior [ RunTime:0.000734s ]
INFO: [ app_begin ] --END-- [ RunTime:0.000828s ]
SQL: SHOW COLUMNS FROM `content` [ RunTime:0.0147s ]
SQL: select u1.user_id,u2.user_id,u2.user_name,c.content_message,c.content_time from users u1 join content c on u1.user_id = c.content_sender_id join users u2 on c.content_Receiver_id = u2.user_id where u2.user_id = 2 and c.content_state = 0 order by u2.user_id; [ RunTime:0.0007s ]
INFO: [ app_end ] --START--
INFO: Run Behavior\ShowPageTraceBehavior [ RunTime:0.000651s ]
INFO: [ app_end ] --END-- [ RunTime:0.000711s ]

[ 2015-06-04T23:39:48+08:00 ] 127.0.0.1 /index.php/Home/Content/getMessage
INFO: [ app_init ] --START--
INFO: Run Behavior\BuildLiteBehavior [ RunTime:0.000023s ]
INFO: [ app_init ] --END-- [ RunTime:0.000531s ]
INFO: [ app_begin ] --START--
INFO: Run Behavior\ReadHtmlCacheBehavior [ RunTime:0.000733s ]
INFO: [ app_begin ] --END-- [ RunTime:0.000820s ]
SQL: SHOW COLUMNS FROM `content` [ RunTime:0.0264s ]
SQL: select u1.user_id,u2.user_id,u2.user_name,c.content_message,c.content_time from users u1 join content c on u1.user_id = c.content_sender_id join users u2 on c.content_Receiver_id = u2.user_id where u2.user_id = 2 and c.content_state = 0 order by u2.user_id; [ RunTime:0.0006s ]
INFO: [ app_end ] --START--
INFO: Run Behavior\ShowPageTraceBehavior [ RunTime:0.000654s ]
INFO: [ app_end ] --END-- [ RunTime:0.000722s ]

[ 2015-06-04T23:39:48+08:00 ] 127.0.0.1 /index.php/Home/Users/getUsersInfo
INFO: [ app_init ] --START--
INFO: Run Behavior\BuildLiteBehavior [ RunTime:0.000022s ]
INFO: [ app_init ] --END-- [ RunTime:0.000605s ]
INFO: [ app_begin ] --START--
INFO: Run Behavior\ReadHtmlCacheBehavior [ RunTime:0.000927s ]
INFO: [ app_begin ] --END-- [ RunTime:0.001044s ]
SQL: SELECT * FROM `users` WHERE ( user_name like '%' )  [ RunTime:0.0240s ]
INFO: [ app_end ] --START--
INFO: Run Behavior\ShowPageTraceBehavior [ RunTime:0.001065s ]
INFO: [ app_end ] --END-- [ RunTime:0.001181s ]

[ 2015-06-04T23:39:49+08:00 ] 127.0.0.1 /index.php/Home/Content/getMessage
INFO: [ app_init ] --START--
INFO: Run Behavior\BuildLiteBehavior [ RunTime:0.000017s ]
INFO: [ app_init ] --END-- [ RunTime:0.000531s ]
INFO: [ app_begin ] --START--
INFO: Run Behavior\ReadHtmlCacheBehavior [ RunTime:0.000618s ]
INFO: [ app_begin ] --END-- [ RunTime:0.000702s ]
SQL: SHOW COLUMNS FROM `content` [ RunTime:0.0346s ]
SQL: select u1.user_id,u2.user_id,u2.user_name,c.content_message,c.content_time from users u1 join content c on u1.user_id = c.content_sender_id join users u2 on c.content_Receiver_id = u2.user_id where u2.user_id = 2 and c.content_state = 0 order by u2.user_id; [ RunTime:0.0008s ]
INFO: [ app_end ] --START--
INFO: Run Behavior\ShowPageTraceBehavior [ RunTime:0.000870s ]
INFO: [ app_end ] --END-- [ RunTime:0.000974s ]

[ 2015-06-04T23:39:50+08:00 ] 127.0.0.1 /index.php/Home/Content/getMessage
INFO: [ app_init ] --START--
INFO: Run Behavior\BuildLiteBehavior [ RunTime:0.000022s ]
INFO: [ app_init ] --END-- [ RunTime:0.001154s ]
INFO: [ app_begin ] --START--
INFO: Run Behavior\ReadHtmlCacheBehavior [ RunTime:0.000748s ]
INFO: [ app_begin ] --END-- [ RunTime:0.000842s ]
SQL: SHOW COLUMNS FROM `content` [ RunTime:0.0312s ]
SQL: select u1.user_id,u2.user_id,u2.user_name,c.content_message,c.content_time from users u1 join content c on u1.user_id = c.content_sender_id join users u2 on c.content_Receiver_id = u2.user_id where u2.user_id = 2 and c.content_state = 0 order by u2.user_id; [ RunTime:0.0013s ]
INFO: [ app_end ] --START--
INFO: Run Behavior\ShowPageTraceBehavior [ RunTime:0.001204s ]
INFO: [ app_end ] --END-- [ RunTime:0.001298s ]

[ 2015-06-04T23:39:51+08:00 ] 127.0.0.1 /index.php/Home/Content/getMessage
INFO: [ app_init ] --START--
INFO: Run Behavior\BuildLiteBehavior [ RunTime:0.000022s ]
INFO: [ app_init ] --END-- [ RunTime:0.000569s ]
INFO: [ app_begin ] --START--
INFO: Run Behavior\ReadHtmlCacheBehavior [ RunTime:0.000882s ]
INFO: [ app_begin ] --END-- [ RunTime:0.000983s ]
SQL: SHOW COLUMNS FROM `content` [ RunTime:0.0203s ]
SQL: select u1.user_id,u2.user_id,u2.user_name,c.content_message,c.content_time from users u1 join content c on u1.user_id = c.content_sender_id join users u2 on c.content_Receiver_id = u2.user_id where u2.user_id = 2 and c.content_state = 0 order by u2.user_id; [ RunTime:0.0008s ]
INFO: [ app_end ] --START--
INFO: Run Behavior\ShowPageTraceBehavior [ RunTime:0.001808s ]
INFO: [ app_end ] --END-- [ RunTime:0.001901s ]

[ 2015-06-04T23:39:52+08:00 ] 127.0.0.1 /index.php/Home/Content/getMessage
INFO: [ app_init ] --START--
INFO: Run Behavior\BuildLiteBehavior [ RunTime:0.000022s ]
INFO: [ app_init ] --END-- [ RunTime:0.000682s ]
INFO: [ app_begin ] --START--
INFO: Run Behavior\ReadHtmlCacheBehavior [ RunTime:0.001123s ]
INFO: [ app_begin ] --END-- [ RunTime:0.001231s ]
SQL: SHOW COLUMNS FROM `content` [ RunTime:0.0179s ]
SQL: select u1.user_id,u2.user_id,u2.user_name,c.content_message,c.content_time from users u1 join content c on u1.user_id = c.content_sender_id join users u2 on c.content_Receiver_id = u2.user_id where u2.user_id = 2 and c.content_state = 0 order by u2.user_id; [ RunTime:0.0011s ]
INFO: [ app_end ] --START--
INFO: Run Behavior\ShowPageTraceBehavior [ RunTime:0.002791s ]
INFO: [ app_end ] --END-- [ RunTime:0.002923s ]

[ 2015-06-04T23:39:53+08:00 ] 127.0.0.1 /index.php/Home/Content/getMessage
INFO: [ app_init ] --START--
INFO: Run Behavior\BuildLiteBehavior [ RunTime:0.000033s ]
INFO: [ app_init ] --END-- [ RunTime:0.000983s ]
INFO: [ app_begin ] --START--
INFO: Run Behavior\ReadHtmlCacheBehavior [ RunTime:0.000985s ]
INFO: [ app_begin ] --END-- [ RunTime:0.001078s ]
SQL: SHOW COLUMNS FROM `content` [ RunTime:0.0305s ]
SQL: select u1.user_id,u2.user_id,u2.user_name,c.content_message,c.content_time from users u1 join content c on u1.user_id = c.content_sender_id join users u2 on c.content_Receiver_id = u2.user_id where u2.user_id = 2 and c.content_state = 0 order by u2.user_id; [ RunTime:0.0010s ]
INFO: [ app_end ] --START--
INFO: Run Behavior\ShowPageTraceBehavior [ RunTime:0.001027s ]
INFO: [ app_end ] --END-- [ RunTime:0.001119s ]

[ 2015-06-04T23:39:54+08:00 ] 127.0.0.1 /index.php/Home/Content/getMessage
INFO: [ app_init ] --START--
INFO: Run Behavior\BuildLiteBehavior [ RunTime:0.000045s ]
INFO: [ app_init ] --END-- [ RunTime:0.001250s ]
INFO: [ app_begin ] --START--
INFO: Run Behavior\ReadHtmlCacheBehavior [ RunTime:0.003283s ]
INFO: [ app_begin ] --END-- [ RunTime:0.003517s ]
SQL: SHOW COLUMNS FROM `content` [ RunTime:0.0292s ]
SQL: select u1.user_id,u2.user_id,u2.user_name,c.content_message,c.content_time from users u1 join content c on u1.user_id = c.content_sender_id join users u2 on c.content_Receiver_id = u2.user_id where u2.user_id = 2 and c.content_state = 0 order by u2.user_id; [ RunTime:0.0014s ]
INFO: [ app_end ] --START--
INFO: Run Behavior\ShowPageTraceBehavior [ RunTime:0.001519s ]
INFO: [ app_end ] --END-- [ RunTime:0.001690s ]

[ 2015-06-04T23:39:55+08:00 ] 127.0.0.1 /index.php/Home/Content/getMessage
INFO: [ app_init ] --START--
INFO: Run Behavior\BuildLiteBehavior [ RunTime:0.000033s ]
INFO: [ app_init ] --END-- [ RunTime:0.000933s ]
INFO: [ app_begin ] --START--
INFO: Run Behavior\ReadHtmlCacheBehavior [ RunTime:0.001402s ]
INFO: [ app_begin ] --END-- [ RunTime:0.001538s ]
SQL: SHOW COLUMNS FROM `content` [ RunTime:0.0278s ]
SQL: select u1.user_id,u2.user_id,u2.user_name,c.content_message,c.content_time from users u1 join content c on u1.user_id = c.content_sender_id join users u2 on c.content_Receiver_id = u2.user_id where u2.user_id = 2 and c.content_state = 0 order by u2.user_id; [ RunTime:0.0015s ]
INFO: [ app_end ] --START--
INFO: Run Behavior\ShowPageTraceBehavior [ RunTime:0.001615s ]
INFO: [ app_end ] --END-- [ RunTime:0.001757s ]

[ 2015-06-04T23:39:56+08:00 ] 127.0.0.1 /index.php/Home/Content/getMessage
INFO: [ app_init ] --START--
INFO: Run Behavior\BuildLiteBehavior [ RunTime:0.000033s ]
INFO: [ app_init ] --END-- [ RunTime:0.001235s ]
INFO: [ app_begin ] --START--
INFO: Run Behavior\ReadHtmlCacheBehavior [ RunTime:0.001150s ]
INFO: [ app_begin ] --END-- [ RunTime:0.001295s ]
SQL: SHOW COLUMNS FROM `content` [ RunTime:0.1647s ]
SQL: select u1.user_id,u2.user_id,u2.user_name,c.content_message,c.content_time from users u1 join content c on u1.user_id = c.content_sender_id join users u2 on c.content_Receiver_id = u2.user_id where u2.user_id = 2 and c.content_state = 0 order by u2.user_id; [ RunTime:0.0007s ]
INFO: [ app_end ] --START--
INFO: Run Behavior\ShowPageTraceBehavior [ RunTime:0.000962s ]
INFO: [ app_end ] --END-- [ RunTime:0.001061s ]

[ 2015-06-04T23:39:57+08:00 ] 127.0.0.1 /index.php/Home/Content/getMessage
INFO: [ app_init ] --START--
INFO: Run Behavior\BuildLiteBehavior [ RunTime:0.000030s ]
INFO: [ app_init ] --END-- [ RunTime:0.000808s ]
INFO: [ app_begin ] --START--
INFO: Run Behavior\ReadHtmlCacheBehavior [ RunTime:0.001097s ]
INFO: [ app_begin ] --END-- [ RunTime:0.001222s ]
SQL: SHOW COLUMNS FROM `content` [ RunTime:0.0517s ]
SQL: select u1.user_id,u2.user_id,u2.user_name,c.content_message,c.content_time from users u1 join content c on u1.user_id = c.content_sender_id join users u2 on c.content_Receiver_id = u2.user_id where u2.user_id = 2 and c.content_state = 0 order by u2.user_id; [ RunTime:0.0008s ]
INFO: [ app_end ] --START--
INFO: Run Behavior\ShowPageTraceBehavior [ RunTime:0.000855s ]
INFO: [ app_end ] --END-- [ RunTime:0.000935s ]

[ 2015-06-04T23:39:58+08:00 ] 127.0.0.1 /index.php/Home/Content/getMessage
INFO: [ app_init ] --START--
INFO: Run Behavior\BuildLiteBehavior [ RunTime:0.000014s ]
INFO: [ app_init ] --END-- [ RunTime:0.000351s ]
INFO: [ app_begin ] --START--
INFO: Run Behavior\ReadHtmlCacheBehavior [ RunTime:0.000461s ]
INFO: [ app_begin ] --END-- [ RunTime:0.000514s ]
SQL: SHOW COLUMNS FROM `content` [ RunTime:0.0629s ]
SQL: select u1.user_id,u2.user_id,u2.user_name,c.content_message,c.content_time from users u1 join content c on u1.user_id = c.content_sender_id join users u2 on c.content_Receiver_id = u2.user_id where u2.user_id = 2 and c.content_state = 0 order by u2.user_id; [ RunTime:0.0009s ]
INFO: [ app_end ] --START--
INFO: Run Behavior\ShowPageTraceBehavior [ RunTime:0.000945s ]
INFO: [ app_end ] --END-- [ RunTime:0.001031s ]

[ 2015-06-04T23:39:59+08:00 ] 127.0.0.1 /index.php/Home/Content/getMessage
INFO: [ app_init ] --START--
INFO: Run Behavior\BuildLiteBehavior [ RunTime:0.000041s ]
INFO: [ app_init ] --END-- [ RunTime:0.000812s ]
INFO: [ app_begin ] --START--
INFO: Run Behavior\ReadHtmlCacheBehavior [ RunTime:0.000781s ]
INFO: [ app_begin ] --END-- [ RunTime:0.000872s ]
SQL: SHOW COLUMNS FROM `content` [ RunTime:0.0877s ]
SQL: select u1.user_id,u2.user_id,u2.user_name,c.content_message,c.content_time from users u1 join content c on u1.user_id = c.content_sender_id join users u2 on c.content_Receiver_id = u2.user_id where u2.user_id = 2 and c.content_state = 0 order by u2.user_id; [ RunTime:0.0013s ]
INFO: [ app_end ] --START--
INFO: Run Behavior\ShowPageTraceBehavior [ RunTime:0.001829s ]
INFO: [ app_end ] --END-- [ RunTime:0.002051s ]

[ 2015-06-04T23:40:00+08:00 ] 127.0.0.1 /index.php/Home/Friends/addFriend
INFO: [ app_init ] --START--
INFO: Run Behavior\BuildLiteBehavior [ RunTime:0.000017s ]
INFO: [ app_init ] --END-- [ RunTime:0.000510s ]
INFO: [ app_begin ] --START--
INFO: Run Behavior\ReadHtmlCacheBehavior [ RunTime:0.000573s ]
INFO: [ app_begin ] --END-- [ RunTime:0.000639s ]
SQL: SHOW COLUMNS FROM `friends` [ RunTime:0.0184s ]
SQL: SELECT * FROM `friends` WHERE ( user_id = '2' and friend_user_id = '1' )  [ RunTime:0.0812s ]
SQL: INSERT INTO `friends` (`user_id`,`friend_user_id`,`friend_add_time`,`friend_nick_name`) VALUES ('2','1','2015-06-04','wenpingao') [ RunTime:0.4302s ]
INFO: [ app_end ] --START--
INFO: Run Behavior\ShowPageTraceBehavior [ RunTime:0.001511s ]
INFO: [ app_end ] --END-- [ RunTime:0.001624s ]

[ 2015-06-04T23:40:00+08:00 ] 127.0.0.1 /index.php/Home/Content/getMessage
INFO: [ app_init ] --START--
INFO: Run Behavior\BuildLiteBehavior [ RunTime:0.000021s ]
INFO: [ app_init ] --END-- [ RunTime:0.000543s ]
INFO: [ app_begin ] --START--
INFO: Run Behavior\ReadHtmlCacheBehavior [ RunTime:0.000741s ]
INFO: [ app_begin ] --END-- [ RunTime:0.000826s ]
SQL: SHOW COLUMNS FROM `content` [ RunTime:0.0155s ]
SQL: select u1.user_id,u2.user_id,u2.user_name,c.content_message,c.content_time from users u1 join content c on u1.user_id = c.content_sender_id join users u2 on c.content_Receiver_id = u2.user_id where u2.user_id = 2 and c.content_state = 0 order by u2.user_id; [ RunTime:0.0009s ]
INFO: [ app_end ] --START--
INFO: Run Behavior\ShowPageTraceBehavior [ RunTime:0.000928s ]
INFO: [ app_end ] --END-- [ RunTime:0.001018s ]

[ 2015-06-04T23:40:01+08:00 ] 127.0.0.1 /index.php/Home/Content/getMessage
INFO: [ app_init ] --START--
INFO: Run Behavior\BuildLiteBehavior [ RunTime:0.000023s ]
INFO: [ app_init ] --END-- [ RunTime:0.000585s ]
INFO: [ app_begin ] --START--
INFO: Run Behavior\ReadHtmlCacheBehavior [ RunTime:0.000775s ]
INFO: [ app_begin ] --END-- [ RunTime:0.000869s ]
SQL: SHOW COLUMNS FROM `content` [ RunTime:0.0506s ]
SQL: select u1.user_id,u2.user_id,u2.user_name,c.content_message,c.content_time from users u1 join content c on u1.user_id = c.content_sender_id join users u2 on c.content_Receiver_id = u2.user_id where u2.user_id = 2 and c.content_state = 0 order by u2.user_id; [ RunTime:0.0011s ]
INFO: [ app_end ] --START--
INFO: Run Behavior\ShowPageTraceBehavior [ RunTime:0.000935s ]
INFO: [ app_end ] --END-- [ RunTime:0.001033s ]

[ 2015-06-04T23:40:03+08:00 ] 127.0.0.1 /index.php/Home/Content/getMessage
INFO: [ app_init ] --START--
INFO: Run Behavior\BuildLiteBehavior [ RunTime:0.000021s ]
INFO: [ app_init ] --END-- [ RunTime:0.000586s ]
INFO: [ app_begin ] --START--
INFO: Run Behavior\ReadHtmlCacheBehavior [ RunTime:0.000490s ]
INFO: [ app_begin ] --END-- [ RunTime:0.000547s ]
SQL: SHOW COLUMNS FROM `content` [ RunTime:0.0324s ]
SQL: select u1.user_id,u2.user_id,u2.user_name,c.content_message,c.content_time from users u1 join content c on u1.user_id = c.content_sender_id join users u2 on c.content_Receiver_id = u2.user_id where u2.user_id = 2 and c.content_state = 0 order by u2.user_id; [ RunTime:0.0008s ]
INFO: [ app_end ] --START--
INFO: Run Behavior\ShowPageTraceBehavior [ RunTime:0.000891s ]
INFO: [ app_end ] --END-- [ RunTime:0.000985s ]

[ 2015-06-04T23:40:03+08:00 ] 127.0.0.1 /index.php/Home/Content/getMessage
INFO: [ app_init ] --START--
INFO: Run Behavior\BuildLiteBehavior [ RunTime:0.000019s ]
INFO: [ app_init ] --END-- [ RunTime:0.000496s ]
INFO: [ app_begin ] --START--
INFO: Run Behavior\ReadHtmlCacheBehavior [ RunTime:0.000499s ]
INFO: [ app_begin ] --END-- [ RunTime:0.000558s ]
SQL: SHOW COLUMNS FROM `content` [ RunTime:0.0094s ]
SQL: select u1.user_id,u2.user_id,u2.user_name,c.content_message,c.content_time from users u1 join content c on u1.user_id = c.content_sender_id join users u2 on c.content_Receiver_id = u2.user_id where u2.user_id = 2 and c.content_state = 0 order by u2.user_id; [ RunTime:0.0007s ]
INFO: [ app_end ] --START--
INFO: Run Behavior\ShowPageTraceBehavior [ RunTime:0.000869s ]
INFO: [ app_end ] --END-- [ RunTime:0.000955s ]

[ 2015-06-04T23:40:04+08:00 ] 127.0.0.1 /index.php/Home/Content/getMessage
INFO: [ app_init ] --START--
INFO: Run Behavior\BuildLiteBehavior [ RunTime:0.000016s ]
INFO: [ app_init ] --END-- [ RunTime:0.000367s ]
INFO: [ app_begin ] --START--
INFO: Run Behavior\ReadHtmlCacheBehavior [ RunTime:0.000518s ]
INFO: [ app_begin ] --END-- [ RunTime:0.000574s ]
SQL: SHOW COLUMNS FROM `content` [ RunTime:0.0273s ]
SQL: select u1.user_id,u2.user_id,u2.user_name,c.content_message,c.content_time from users u1 join content c on u1.user_id = c.content_sender_id join users u2 on c.content_Receiver_id = u2.user_id where u2.user_id = 2 and c.content_state = 0 order by u2.user_id; [ RunTime:0.0009s ]
INFO: [ app_end ] --START--
INFO: Run Behavior\ShowPageTraceBehavior [ RunTime:0.001012s ]
INFO: [ app_end ] --END-- [ RunTime:0.001120s ]

[ 2015-06-04T23:40:05+08:00 ] 127.0.0.1 /index.php/Home/Content/getMessage
INFO: [ app_init ] --START--
INFO: Run Behavior\BuildLiteBehavior [ RunTime:0.000021s ]
INFO: [ app_init ] --END-- [ RunTime:0.000536s ]
INFO: [ app_begin ] --START--
INFO: Run Behavior\ReadHtmlCacheBehavior [ RunTime:0.000785s ]
INFO: [ app_begin ] --END-- [ RunTime:0.000879s ]
SQL: SHOW COLUMNS FROM `content` [ RunTime:0.1390s ]
SQL: select u1.user_id,u2.user_id,u2.user_name,c.content_message,c.content_time from users u1 join content c on u1.user_id = c.content_sender_id join users u2 on c.content_Receiver_id = u2.user_id where u2.user_id = 2 and c.content_state = 0 order by u2.user_id; [ RunTime:0.0013s ]
INFO: [ app_end ] --START--
INFO: Run Behavior\ShowPageTraceBehavior [ RunTime:0.001670s ]
INFO: [ app_end ] --END-- [ RunTime:0.001813s ]

[ 2015-06-04T23:40:06+08:00 ] 127.0.0.1 /index.php/Home/Content/getMessage
INFO: [ app_init ] --START--
INFO: Run Behavior\BuildLiteBehavior [ RunTime:0.000048s ]
INFO: [ app_init ] --END-- [ RunTime:0.001365s ]
INFO: [ app_begin ] --START--
INFO: Run Behavior\ReadHtmlCacheBehavior [ RunTime:0.001516s ]
INFO: [ app_begin ] --END-- [ RunTime:0.001702s ]
SQL: SHOW COLUMNS FROM `content` [ RunTime:0.1811s ]
SQL: select u1.user_id,u2.user_id,u2.user_name,c.content_message,c.content_time from users u1 join content c on u1.user_id = c.content_sender_id join users u2 on c.content_Receiver_id = u2.user_id where u2.user_id = 2 and c.content_state = 0 order by u2.user_id; [ RunTime:0.0006s ]
INFO: [ app_end ] --START--
INFO: Run Behavior\ShowPageTraceBehavior [ RunTime:0.000867s ]
INFO: [ app_end ] --END-- [ RunTime:0.000938s ]

[ 2015-06-04T23:40:07+08:00 ] 127.0.0.1 /index.php/Home/Content/getMessage
INFO: [ app_init ] --START--
INFO: Run Behavior\BuildLiteBehavior [ RunTime:0.000030s ]
INFO: [ app_init ] --END-- [ RunTime:0.000958s ]
INFO: [ app_begin ] --START--
INFO: Run Behavior\ReadHtmlCacheBehavior [ RunTime:0.001220s ]
INFO: [ app_begin ] --END-- [ RunTime:0.001365s ]
SQL: SHOW COLUMNS FROM `content` [ RunTime:0.0302s ]
SQL: select u1.user_id,u2.user_id,u2.user_name,c.content_message,c.content_time from users u1 join content c on u1.user_id = c.content_sender_id join users u2 on c.content_Receiver_id = u2.user_id where u2.user_id = 2 and c.content_state = 0 order by u2.user_id; [ RunTime:0.0011s ]
INFO: [ app_end ] --START--
INFO: Run Behavior\ShowPageTraceBehavior [ RunTime:0.001309s ]
INFO: [ app_end ] --END-- [ RunTime:0.001440s ]

[ 2015-06-04T23:40:08+08:00 ] 127.0.0.1 /index.php/Home/Content/getMessage
INFO: [ app_init ] --START--
INFO: Run Behavior\BuildLiteBehavior [ RunTime:0.000047s ]
INFO: [ app_init ] --END-- [ RunTime:0.001148s ]
INFO: [ app_begin ] --START--
INFO: Run Behavior\ReadHtmlCacheBehavior [ RunTime:0.001547s ]
INFO: [ app_begin ] --END-- [ RunTime:0.001693s ]
SQL: SHOW COLUMNS FROM `content` [ RunTime:0.0446s ]
SQL: select u1.user_id,u2.user_id,u2.user_name,c.content_message,c.content_time from users u1 join content c on u1.user_id = c.content_sender_id join users u2 on c.content_Receiver_id = u2.user_id where u2.user_id = 2 and c.content_state = 0 order by u2.user_id; [ RunTime:0.0007s ]
INFO: [ app_end ] --START--
INFO: Run Behavior\ShowPageTraceBehavior [ RunTime:0.000933s ]
INFO: [ app_end ] --END-- [ RunTime:0.001029s ]

[ 2015-06-04T23:40:09+08:00 ] 127.0.0.1 /index.php/Home/Content/getMessage
INFO: [ app_init ] --START--
INFO: Run Behavior\BuildLiteBehavior [ RunTime:0.000044s ]
INFO: [ app_init ] --END-- [ RunTime:0.001012s ]
INFO: [ app_begin ] --START--
INFO: Run Behavior\ReadHtmlCacheBehavior [ RunTime:0.001881s ]
INFO: [ app_begin ] --END-- [ RunTime:0.002111s ]
SQL: SHOW COLUMNS FROM `content` [ RunTime:0.0772s ]
SQL: select u1.user_id,u2.user_id,u2.user_name,c.content_message,c.content_time from users u1 join content c on u1.user_id = c.content_sender_id join users u2 on c.content_Receiver_id = u2.user_id where u2.user_id = 2 and c.content_state = 0 order by u2.user_id; [ RunTime:0.0013s ]
INFO: [ app_end ] --START--
INFO: Run Behavior\ShowPageTraceBehavior [ RunTime:0.001690s ]
INFO: [ app_end ] --END-- [ RunTime:0.001837s ]

[ 2015-06-04T23:40:10+08:00 ] 127.0.0.1 /index.php/Home/Friends/getOnlineFriends
INFO: [ app_init ] --START--
INFO: Run Behavior\BuildLiteBehavior [ RunTime:0.000014s ]
INFO: [ app_init ] --END-- [ RunTime:0.000473s ]
INFO: [ app_begin ] --START--
INFO: Run Behavior\ReadHtmlCacheBehavior [ RunTime:0.000520s ]
INFO: [ app_begin ] --END-- [ RunTime:0.000592s ]
SQL: SHOW COLUMNS FROM `friends` [ RunTime:0.0138s ]
SQL: select * from users where user_state = 1 and user_id in(select f.friend_user_id from users u1 join friends f on u1.user_id = f.user_id where u1.user_id = 2) [ RunTime:0.4522s ]
INFO: [ app_end ] --START--
INFO: Run Behavior\ShowPageTraceBehavior [ RunTime:0.001875s ]
INFO: [ app_end ] --END-- [ RunTime:0.002185s ]

[ 2015-06-04T23:40:10+08:00 ] 127.0.0.1 /index.php/Home/Content/getMessage
INFO: [ app_init ] --START--
INFO: Run Behavior\BuildLiteBehavior [ RunTime:0.000023s ]
INFO: [ app_init ] --END-- [ RunTime:0.000576s ]
INFO: [ app_begin ] --START--
INFO: Run Behavior\ReadHtmlCacheBehavior [ RunTime:0.000744s ]
INFO: [ app_begin ] --END-- [ RunTime:0.000846s ]
SQL: SHOW COLUMNS FROM `content` [ RunTime:0.0117s ]
SQL: select u1.user_id,u2.user_id,u2.user_name,c.content_message,c.content_time from users u1 join content c on u1.user_id = c.content_sender_id join users u2 on c.content_Receiver_id = u2.user_id where u2.user_id = 2 and c.content_state = 0 order by u2.user_id; [ RunTime:0.0007s ]
INFO: [ app_end ] --START--
INFO: Run Behavior\ShowPageTraceBehavior [ RunTime:0.001004s ]
INFO: [ app_end ] --END-- [ RunTime:0.001098s ]

[ 2015-06-04T23:40:11+08:00 ] 127.0.0.1 /index.php/Home/Friends/getAllFriends
INFO: [ app_init ] --START--
INFO: Run Behavior\BuildLiteBehavior [ RunTime:0.000025s ]
INFO: [ app_init ] --END-- [ RunTime:0.000620s ]
INFO: [ app_begin ] --START--
INFO: Run Behavior\ReadHtmlCacheBehavior [ RunTime:0.000582s ]
INFO: [ app_begin ] --END-- [ RunTime:0.000649s ]
SQL: SHOW COLUMNS FROM `friends` [ RunTime:0.0187s ]
SQL: select * from users where user_id in(select f.friend_user_id from users u1 join friends f on u1.user_id = f.user_id where u1.user_id = 2) [ RunTime:0.0250s ]
INFO: [ app_end ] --START--
INFO: Run Behavior\ShowPageTraceBehavior [ RunTime:0.001058s ]
INFO: [ app_end ] --END-- [ RunTime:0.001168s ]

[ 2015-06-04T23:40:11+08:00 ] 127.0.0.1 /index.php/Home/Content/getMessage
INFO: [ app_init ] --START--
INFO: Run Behavior\BuildLiteBehavior [ RunTime:0.000017s ]
INFO: [ app_init ] --END-- [ RunTime:0.000452s ]
INFO: [ app_begin ] --START--
INFO: Run Behavior\ReadHtmlCacheBehavior [ RunTime:0.000590s ]
INFO: [ app_begin ] --END-- [ RunTime:0.000657s ]
SQL: SHOW COLUMNS FROM `content` [ RunTime:0.0153s ]
SQL: select u1.user_id,u2.user_id,u2.user_name,c.content_message,c.content_time from users u1 join content c on u1.user_id = c.content_sender_id join users u2 on c.content_Receiver_id = u2.user_id where u2.user_id = 2 and c.content_state = 0 order by u2.user_id; [ RunTime:0.0006s ]
INFO: [ app_end ] --START--
INFO: Run Behavior\ShowPageTraceBehavior [ RunTime:0.000655s ]
INFO: [ app_end ] --END-- [ RunTime:0.000714s ]

[ 2015-06-04T23:40:12+08:00 ] 127.0.0.1 /index.php/Home/Content/getMessage
INFO: [ app_init ] --START--
INFO: Run Behavior\BuildLiteBehavior [ RunTime:0.000022s ]
INFO: [ app_init ] --END-- [ RunTime:0.000596s ]
INFO: [ app_begin ] --START--
INFO: Run Behavior\ReadHtmlCacheBehavior [ RunTime:0.000713s ]
INFO: [ app_begin ] --END-- [ RunTime:0.000798s ]
SQL: SHOW COLUMNS FROM `content` [ RunTime:0.0441s ]
SQL: select u1.user_id,u2.user_id,u2.user_name,c.content_message,c.content_time from users u1 join content c on u1.user_id = c.content_sender_id join users u2 on c.content_Receiver_id = u2.user_id where u2.user_id = 2 and c.content_state = 0 order by u2.user_id; [ RunTime:0.0007s ]
INFO: [ app_end ] --START--
INFO: Run Behavior\ShowPageTraceBehavior [ RunTime:0.000907s ]
INFO: [ app_end ] --END-- [ RunTime:0.001002s ]

[ 2015-06-04T23:40:13+08:00 ] 127.0.0.1 /index.php/Home/Content/getMessage
INFO: [ app_init ] --START--
INFO: Run Behavior\BuildLiteBehavior [ RunTime:0.000030s ]
INFO: [ app_init ] --END-- [ RunTime:0.000832s ]
INFO: [ app_begin ] --START--
INFO: Run Behavior\ReadHtmlCacheBehavior [ RunTime:0.000767s ]
INFO: [ app_begin ] --END-- [ RunTime:0.000861s ]
SQL: SHOW COLUMNS FROM `content` [ RunTime:0.0287s ]
SQL: select u1.user_id,u2.user_id,u2.user_name,c.content_message,c.content_time from users u1 join content c on u1.user_id = c.content_sender_id join users u2 on c.content_Receiver_id = u2.user_id where u2.user_id = 2 and c.content_state = 0 order by u2.user_id; [ RunTime:0.0007s ]
INFO: [ app_end ] --START--
INFO: Run Behavior\ShowPageTraceBehavior [ RunTime:0.000954s ]
INFO: [ app_end ] --END-- [ RunTime:0.001053s ]

[ 2015-06-04T23:40:14+08:00 ] 127.0.0.1 /index.php/Home/Content/getMessage
INFO: [ app_init ] --START--
INFO: Run Behavior\BuildLiteBehavior [ RunTime:0.000019s ]
INFO: [ app_init ] --END-- [ RunTime:0.000580s ]
INFO: [ app_begin ] --START--
INFO: Run Behavior\ReadHtmlCacheBehavior [ RunTime:0.000752s ]
INFO: [ app_begin ] --END-- [ RunTime:0.000839s ]
SQL: SHOW COLUMNS FROM `content` [ RunTime:0.0181s ]
SQL: select u1.user_id,u2.user_id,u2.user_name,c.content_message,c.content_time from users u1 join content c on u1.user_id = c.content_sender_id join users u2 on c.content_Receiver_id = u2.user_id where u2.user_id = 2 and c.content_state = 0 order by u2.user_id; [ RunTime:0.0006s ]
INFO: [ app_end ] --START--
INFO: Run Behavior\ShowPageTraceBehavior [ RunTime:0.001082s ]
INFO: [ app_end ] --END-- [ RunTime:0.001177s ]

[ 2015-06-04T23:40:15+08:00 ] 127.0.0.1 /index.php/Home/Content/getMessage
INFO: [ app_init ] --START--
INFO: Run Behavior\BuildLiteBehavior [ RunTime:0.000035s ]
INFO: [ app_init ] --END-- [ RunTime:0.001261s ]
INFO: [ app_begin ] --START--
INFO: Run Behavior\ReadHtmlCacheBehavior [ RunTime:0.001190s ]
INFO: [ app_begin ] --END-- [ RunTime:0.001331s ]
SQL: SHOW COLUMNS FROM `content` [ RunTime:0.0301s ]
SQL: select u1.user_id,u2.user_id,u2.user_name,c.content_message,c.content_time from users u1 join content c on u1.user_id = c.content_sender_id join users u2 on c.content_Receiver_id = u2.user_id where u2.user_id = 2 and c.content_state = 0 order by u2.user_id; [ RunTime:0.0022s ]
INFO: [ app_end ] --START--
INFO: Run Behavior\ShowPageTraceBehavior [ RunTime:0.001617s ]
INFO: [ app_end ] --END-- [ RunTime:0.001810s ]

[ 2015-06-04T23:40:16+08:00 ] 127.0.0.1 /index.php/Home/Content/getMessage
INFO: [ app_init ] --START--
INFO: Run Behavior\BuildLiteBehavior [ RunTime:0.000019s ]
INFO: [ app_init ] --END-- [ RunTime:0.000561s ]
INFO: [ app_begin ] --START--
INFO: Run Behavior\ReadHtmlCacheBehavior [ RunTime:0.000764s ]
INFO: [ app_begin ] --END-- [ RunTime:0.000849s ]
SQL: SHOW COLUMNS FROM `content` [ RunTime:0.0280s ]
SQL: select u1.user_id,u2.user_id,u2.user_name,c.content_message,c.content_time from users u1 join content c on u1.user_id = c.content_sender_id join users u2 on c.content_Receiver_id = u2.user_id where u2.user_id = 2 and c.content_state = 0 order by u2.user_id; [ RunTime:0.0011s ]
INFO: [ app_end ] --START--
INFO: Run Behavior\ShowPageTraceBehavior [ RunTime:0.001062s ]
INFO: [ app_end ] --END-- [ RunTime:0.001184s ]

[ 2015-06-04T23:40:17+08:00 ] 127.0.0.1 /index.php/Home/Content/getMessage
INFO: [ app_init ] --START--
INFO: Run Behavior\BuildLiteBehavior [ RunTime:0.000030s ]
INFO: [ app_init ] --END-- [ RunTime:0.000924s ]
INFO: [ app_begin ] --START--
INFO: Run Behavior\ReadHtmlCacheBehavior [ RunTime:0.001000s ]
INFO: [ app_begin ] --END-- [ RunTime:0.001108s ]
SQL: SHOW COLUMNS FROM `content` [ RunTime:0.0141s ]
SQL: select u1.user_id,u2.user_id,u2.user_name,c.content_message,c.content_time from users u1 join content c on u1.user_id = c.content_sender_id join users u2 on c.content_Receiver_id = u2.user_id where u2.user_id = 2 and c.content_state = 0 order by u2.user_id; [ RunTime:0.0007s ]
INFO: [ app_end ] --START--
INFO: Run Behavior\ShowPageTraceBehavior [ RunTime:0.000814s ]
INFO: [ app_end ] --END-- [ RunTime:0.000882s ]

[ 2015-06-04T23:40:18+08:00 ] 127.0.0.1 /index.php/Home/Content/getMessage
INFO: [ app_init ] --START--
INFO: Run Behavior\BuildLiteBehavior [ RunTime:0.000019s ]
INFO: [ app_init ] --END-- [ RunTime:0.000496s ]
INFO: [ app_begin ] --START--
INFO: Run Behavior\ReadHtmlCacheBehavior [ RunTime:0.000688s ]
INFO: [ app_begin ] --END-- [ RunTime:0.000774s ]
SQL: SHOW COLUMNS FROM `content` [ RunTime:0.0152s ]
SQL: select u1.user_id,u2.user_id,u2.user_name,c.content_message,c.content_time from users u1 join content c on u1.user_id = c.content_sender_id join users u2 on c.content_Receiver_id = u2.user_id where u2.user_id = 2 and c.content_state = 0 order by u2.user_id; [ RunTime:0.0008s ]
INFO: [ app_end ] --START--
INFO: Run Behavior\ShowPageTraceBehavior [ RunTime:0.000638s ]
INFO: [ app_end ] --END-- [ RunTime:0.000694s ]

[ 2015-06-04T23:40:19+08:00 ] 127.0.0.1 /index.php/Home/Content/getMessage
INFO: [ app_init ] --START--
INFO: Run Behavior\BuildLiteBehavior [ RunTime:0.000032s ]
INFO: [ app_init ] --END-- [ RunTime:0.001075s ]
INFO: [ app_begin ] --START--
INFO: Run Behavior\ReadHtmlCacheBehavior [ RunTime:0.001250s ]
INFO: [ app_begin ] --END-- [ RunTime:0.001521s ]
SQL: SHOW COLUMNS FROM `content` [ RunTime:0.0177s ]
SQL: select u1.user_id,u2.user_id,u2.user_name,c.content_message,c.content_time from users u1 join content c on u1.user_id = c.content_sender_id join users u2 on c.content_Receiver_id = u2.user_id where u2.user_id = 2 and c.content_state = 0 order by u2.user_id; [ RunTime:0.0008s ]
INFO: [ app_end ] --START--
INFO: Run Behavior\ShowPageTraceBehavior [ RunTime:0.000928s ]
INFO: [ app_end ] --END-- [ RunTime:0.001014s ]

[ 2015-06-04T23:40:20+08:00 ] 127.0.0.1 /index.php/Home/Content/getMessage
INFO: [ app_init ] --START--
INFO: Run Behavior\BuildLiteBehavior [ RunTime:0.000031s ]
INFO: [ app_init ] --END-- [ RunTime:0.000909s ]
INFO: [ app_begin ] --START--
INFO: Run Behavior\ReadHtmlCacheBehavior [ RunTime:0.001247s ]
INFO: [ app_begin ] --END-- [ RunTime:0.001434s ]
SQL: SHOW COLUMNS FROM `content` [ RunTime:0.0540s ]
SQL: select u1.user_id,u2.user_id,u2.user_name,c.content_message,c.content_time from users u1 join content c on u1.user_id = c.content_sender_id join users u2 on c.content_Receiver_id = u2.user_id where u2.user_id = 2 and c.content_state = 0 order by u2.user_id; [ RunTime:0.0017s ]
INFO: [ app_end ] --START--
INFO: Run Behavior\ShowPageTraceBehavior [ RunTime:0.001558s ]
INFO: [ app_end ] --END-- [ RunTime:0.001709s ]

[ 2015-06-04T23:40:21+08:00 ] 127.0.0.1 /index.php/Home/Content/getMessage
INFO: [ app_init ] --START--
INFO: Run Behavior\BuildLiteBehavior [ RunTime:0.000032s ]
INFO: [ app_init ] --END-- [ RunTime:0.000961s ]
INFO: [ app_begin ] --START--
INFO: Run Behavior\ReadHtmlCacheBehavior [ RunTime:0.001278s ]
INFO: [ app_begin ] --END-- [ RunTime:0.001419s ]
SQL: SHOW COLUMNS FROM `content` [ RunTime:0.0175s ]
SQL: select u1.user_id,u2.user_id,u2.user_name,c.content_message,c.content_time from users u1 join content c on u1.user_id = c.content_sender_id join users u2 on c.content_Receiver_id = u2.user_id where u2.user_id = 2 and c.content_state = 0 order by u2.user_id; [ RunTime:0.0036s ]
INFO: [ app_end ] --START--
INFO: Run Behavior\ShowPageTraceBehavior [ RunTime:0.001225s ]
INFO: [ app_end ] --END-- [ RunTime:0.001289s ]

[ 2015-06-04T23:40:22+08:00 ] 127.0.0.1 /index.php/Home/Content/getMessage
INFO: [ app_init ] --START--
INFO: Run Behavior\BuildLiteBehavior [ RunTime:0.000080s ]
INFO: [ app_init ] --END-- [ RunTime:0.001088s ]
INFO: [ app_begin ] --START--
INFO: Run Behavior\ReadHtmlCacheBehavior [ RunTime:0.001107s ]
INFO: [ app_begin ] --END-- [ RunTime:0.001188s ]
SQL: SHOW COLUMNS FROM `content` [ RunTime:0.0175s ]
SQL: select u1.user_id,u2.user_id,u2.user_name,c.content_message,c.content_time from users u1 join content c on u1.user_id = c.content_sender_id join users u2 on c.content_Receiver_id = u2.user_id where u2.user_id = 2 and c.content_state = 0 order by u2.user_id; [ RunTime:0.0008s ]
INFO: [ app_end ] --START--
INFO: Run Behavior\ShowPageTraceBehavior [ RunTime:0.000859s ]
INFO: [ app_end ] --END-- [ RunTime:0.000942s ]

[ 2015-06-04T23:40:23+08:00 ] 127.0.0.1 /index.php/Home/Content/getMessage
INFO: [ app_init ] --START--
INFO: Run Behavior\BuildLiteBehavior [ RunTime:0.000020s ]
INFO: [ app_init ] --END-- [ RunTime:0.000548s ]
INFO: [ app_begin ] --START--
INFO: Run Behavior\ReadHtmlCacheBehavior [ RunTime:0.000740s ]
INFO: [ app_begin ] --END-- [ RunTime:0.000832s ]
SQL: SHOW COLUMNS FROM `content` [ RunTime:0.0342s ]
SQL: select u1.user_id,u2.user_id,u2.user_name,c.content_message,c.content_time from users u1 join content c on u1.user_id = c.content_sender_id join users u2 on c.content_Receiver_id = u2.user_id where u2.user_id = 2 and c.content_state = 0 order by u2.user_id; [ RunTime:0.0009s ]
INFO: [ app_end ] --START--
INFO: Run Behavior\ShowPageTraceBehavior [ RunTime:0.000911s ]
INFO: [ app_end ] --END-- [ RunTime:0.001001s ]

[ 2015-06-04T23:40:24+08:00 ] 127.0.0.1 /index.php/Home/Content/getMessage
INFO: [ app_init ] --START--
INFO: Run Behavior\BuildLiteBehavior [ RunTime:0.000021s ]
INFO: [ app_init ] --END-- [ RunTime:0.000542s ]
INFO: [ app_begin ] --START--
INFO: Run Behavior\ReadHtmlCacheBehavior [ RunTime:0.000733s ]
INFO: [ app_begin ] --END-- [ RunTime:0.000823s ]
SQL: SHOW COLUMNS FROM `content` [ RunTime:0.0147s ]
SQL: select u1.user_id,u2.user_id,u2.user_name,c.content_message,c.content_time from users u1 join content c on u1.user_id = c.content_sender_id join users u2 on c.content_Receiver_id = u2.user_id where u2.user_id = 2 and c.content_state = 0 order by u2.user_id; [ RunTime:0.0006s ]
INFO: [ app_end ] --START--
INFO: Run Behavior\ShowPageTraceBehavior [ RunTime:0.000690s ]
INFO: [ app_end ] --END-- [ RunTime:0.000750s ]

[ 2015-06-04T23:40:25+08:00 ] 127.0.0.1 /index.php/Home/Content/getMessage
INFO: [ app_init ] --START--
INFO: Run Behavior\BuildLiteBehavior [ RunTime:0.000024s ]
INFO: [ app_init ] --END-- [ RunTime:0.000603s ]
INFO: [ app_begin ] --START--
INFO: Run Behavior\ReadHtmlCacheBehavior [ RunTime:0.000757s ]
INFO: [ app_begin ] --END-- [ RunTime:0.000858s ]
SQL: SHOW COLUMNS FROM `content` [ RunTime:0.0234s ]
SQL: select u1.user_id,u2.user_id,u2.user_name,c.content_message,c.content_time from users u1 join content c on u1.user_id = c.content_sender_id join users u2 on c.content_Receiver_id = u2.user_id where u2.user_id = 2 and c.content_state = 0 order by u2.user_id; [ RunTime:0.0007s ]
INFO: [ app_end ] --START--
INFO: Run Behavior\ShowPageTraceBehavior [ RunTime:0.001039s ]
INFO: [ app_end ] --END-- [ RunTime:0.001120s ]

[ 2015-06-04T23:40:26+08:00 ] 127.0.0.1 /index.php/Home/Content/getMessage
INFO: [ app_init ] --START--
INFO: Run Behavior\BuildLiteBehavior [ RunTime:0.000018s ]
INFO: [ app_init ] --END-- [ RunTime:0.000476s ]
INFO: [ app_begin ] --START--
INFO: Run Behavior\ReadHtmlCacheBehavior [ RunTime:0.000649s ]
INFO: [ app_begin ] --END-- [ RunTime:0.000724s ]
SQL: SHOW COLUMNS FROM `content` [ RunTime:0.0173s ]
SQL: select u1.user_id,u2.user_id,u2.user_name,c.content_message,c.content_time from users u1 join content c on u1.user_id = c.content_sender_id join users u2 on c.content_Receiver_id = u2.user_id where u2.user_id = 2 and c.content_state = 0 order by u2.user_id; [ RunTime:0.0008s ]
INFO: [ app_end ] --START--
INFO: Run Behavior\ShowPageTraceBehavior [ RunTime:0.000863s ]
INFO: [ app_end ] --END-- [ RunTime:0.000950s ]

[ 2015-06-04T23:40:27+08:00 ] 127.0.0.1 /index.php/Home/Content/getMessage
INFO: [ app_init ] --START--
INFO: Run Behavior\BuildLiteBehavior [ RunTime:0.000016s ]
INFO: [ app_init ] --END-- [ RunTime:0.000432s ]
INFO: [ app_begin ] --START--
INFO: Run Behavior\ReadHtmlCacheBehavior [ RunTime:0.000861s ]
INFO: [ app_begin ] --END-- [ RunTime:0.000960s ]
SQL: SHOW COLUMNS FROM `content` [ RunTime:0.0156s ]
SQL: select u1.user_id,u2.user_id,u2.user_name,c.content_message,c.content_time from users u1 join content c on u1.user_id = c.content_sender_id join users u2 on c.content_Receiver_id = u2.user_id where u2.user_id = 2 and c.content_state = 0 order by u2.user_id; [ RunTime:0.0007s ]
INFO: [ app_end ] --START--
INFO: Run Behavior\ShowPageTraceBehavior [ RunTime:0.000831s ]
INFO: [ app_end ] --END-- [ RunTime:0.000913s ]

[ 2015-06-04T23:40:28+08:00 ] 127.0.0.1 /index.php/Home/Content/getMessage
INFO: [ app_init ] --START--
INFO: Run Behavior\BuildLiteBehavior [ RunTime:0.000023s ]
INFO: [ app_init ] --END-- [ RunTime:0.000597s ]
INFO: [ app_begin ] --START--
INFO: Run Behavior\ReadHtmlCacheBehavior [ RunTime:0.000806s ]
INFO: [ app_begin ] --END-- [ RunTime:0.000900s ]
SQL: SHOW COLUMNS FROM `content` [ RunTime:0.0214s ]
SQL: select u1.user_id,u2.user_id,u2.user_name,c.content_message,c.content_time from users u1 join content c on u1.user_id = c.content_sender_id join users u2 on c.content_Receiver_id = u2.user_id where u2.user_id = 2 and c.content_state = 0 order by u2.user_id; [ RunTime:0.0008s ]
INFO: [ app_end ] --START--
INFO: Run Behavior\ShowPageTraceBehavior [ RunTime:0.000881s ]
INFO: [ app_end ] --END-- [ RunTime:0.000976s ]

[ 2015-06-04T23:40:29+08:00 ] 127.0.0.1 /index.php/Home/Content/getMessage
INFO: [ app_init ] --START--
INFO: Run Behavior\BuildLiteBehavior [ RunTime:0.000030s ]
INFO: [ app_init ] --END-- [ RunTime:0.000919s ]
INFO: [ app_begin ] --START--
INFO: Run Behavior\ReadHtmlCacheBehavior [ RunTime:0.001281s ]
INFO: [ app_begin ] --END-- [ RunTime:0.001417s ]
SQL: SHOW COLUMNS FROM `content` [ RunTime:0.0387s ]
SQL: select u1.user_id,u2.user_id,u2.user_name,c.content_message,c.content_time from users u1 join content c on u1.user_id = c.content_sender_id join users u2 on c.content_Receiver_id = u2.user_id where u2.user_id = 2 and c.content_state = 0 order by u2.user_id; [ RunTime:0.0009s ]
INFO: [ app_end ] --START--
INFO: Run Behavior\ShowPageTraceBehavior [ RunTime:0.001068s ]
INFO: [ app_end ] --END-- [ RunTime:0.001167s ]

[ 2015-06-04T23:40:30+08:00 ] 127.0.0.1 /index.php/Home/Content/getMessage
INFO: [ app_init ] --START--
INFO: Run Behavior\BuildLiteBehavior [ RunTime:0.000039s ]
INFO: [ app_init ] --END-- [ RunTime:0.000925s ]
INFO: [ app_begin ] --START--
INFO: Run Behavior\ReadHtmlCacheBehavior [ RunTime:0.001202s ]
INFO: [ app_begin ] --END-- [ RunTime:0.001511s ]
SQL: SHOW COLUMNS FROM `content` [ RunTime:0.0530s ]
SQL: select u1.user_id,u2.user_id,u2.user_name,c.content_message,c.content_time from users u1 join content c on u1.user_id = c.content_sender_id join users u2 on c.content_Receiver_id = u2.user_id where u2.user_id = 2 and c.content_state = 0 order by u2.user_id; [ RunTime:0.0014s ]
INFO: [ app_end ] --START--
INFO: Run Behavior\ShowPageTraceBehavior [ RunTime:0.001867s ]
INFO: [ app_end ] --END-- [ RunTime:0.002044s ]

[ 2015-06-04T23:40:31+08:00 ] 127.0.0.1 /index.php/Home/Content/getMessage
INFO: [ app_init ] --START--
INFO: Run Behavior\BuildLiteBehavior [ RunTime:0.000014s ]
INFO: [ app_init ] --END-- [ RunTime:0.000359s ]
INFO: [ app_begin ] --START--
INFO: Run Behavior\ReadHtmlCacheBehavior [ RunTime:0.000468s ]
INFO: [ app_begin ] --END-- [ RunTime:0.000522s ]
SQL: SHOW COLUMNS FROM `content` [ RunTime:0.0158s ]
SQL: select u1.user_id,u2.user_id,u2.user_name,c.content_message,c.content_time from users u1 join content c on u1.user_id = c.content_sender_id join users u2 on c.content_Receiver_id = u2.user_id where u2.user_id = 2 and c.content_state = 0 order by u2.user_id; [ RunTime:0.0008s ]
INFO: [ app_end ] --START--
INFO: Run Behavior\ShowPageTraceBehavior [ RunTime:0.000941s ]
INFO: [ app_end ] --END-- [ RunTime:0.001038s ]

[ 2015-06-04T23:40:32+08:00 ] 127.0.0.1 /index.php/Home/Content/getMessage
INFO: [ app_init ] --START--
INFO: Run Behavior\BuildLiteBehavior [ RunTime:0.000034s ]
INFO: [ app_init ] --END-- [ RunTime:0.000781s ]
INFO: [ app_begin ] --START--
INFO: Run Behavior\ReadHtmlCacheBehavior [ RunTime:0.000738s ]
INFO: [ app_begin ] --END-- [ RunTime:0.000823s ]
SQL: SHOW COLUMNS FROM `content` [ RunTime:0.0363s ]
SQL: select u1.user_id,u2.user_id,u2.user_name,c.content_message,c.content_time from users u1 join content c on u1.user_id = c.content_sender_id join users u2 on c.content_Receiver_id = u2.user_id where u2.user_id = 2 and c.content_state = 0 order by u2.user_id; [ RunTime:0.0012s ]
INFO: [ app_end ] --START--
INFO: Run Behavior\ShowPageTraceBehavior [ RunTime:0.001258s ]
INFO: [ app_end ] --END-- [ RunTime:0.001389s ]

[ 2015-06-04T23:40:33+08:00 ] 127.0.0.1 /index.php/Home/Users/getUsersInfo
INFO: [ app_init ] --START--
INFO: Run Behavior\BuildLiteBehavior [ RunTime:0.000022s ]
INFO: [ app_init ] --END-- [ RunTime:0.000974s ]
INFO: [ app_begin ] --START--
INFO: Run Behavior\ReadHtmlCacheBehavior [ RunTime:0.001362s ]
INFO: [ app_begin ] --END-- [ RunTime:0.001445s ]
SQL: SELECT * FROM `users` WHERE ( user_name like '%' )  [ RunTime:0.0027s ]
INFO: [ app_end ] --START--
INFO: Run Behavior\ShowPageTraceBehavior [ RunTime:0.000665s ]
INFO: [ app_end ] --END-- [ RunTime:0.000727s ]

[ 2015-06-04T23:40:33+08:00 ] 127.0.0.1 /index.php/Home/Content/getMessage
INFO: [ app_init ] --START--
INFO: Run Behavior\BuildLiteBehavior [ RunTime:0.000025s ]
INFO: [ app_init ] --END-- [ RunTime:0.001028s ]
INFO: [ app_begin ] --START--
INFO: Run Behavior\ReadHtmlCacheBehavior [ RunTime:0.000771s ]
INFO: [ app_begin ] --END-- [ RunTime:0.000876s ]
SQL: SHOW COLUMNS FROM `content` [ RunTime:0.0162s ]
SQL: select u1.user_id,u2.user_id,u2.user_name,c.content_message,c.content_time from users u1 join content c on u1.user_id = c.content_sender_id join users u2 on c.content_Receiver_id = u2.user_id where u2.user_id = 2 and c.content_state = 0 order by u2.user_id; [ RunTime:0.0007s ]
INFO: [ app_end ] --START--
INFO: Run Behavior\ShowPageTraceBehavior [ RunTime:0.000925s ]
INFO: [ app_end ] --END-- [ RunTime:0.001028s ]

[ 2015-06-04T23:40:34+08:00 ] 127.0.0.1 /index.php/Home/Content/getMessage
INFO: [ app_init ] --START--
INFO: Run Behavior\BuildLiteBehavior [ RunTime:0.000021s ]
INFO: [ app_init ] --END-- [ RunTime:0.000512s ]
INFO: [ app_begin ] --START--
INFO: Run Behavior\ReadHtmlCacheBehavior [ RunTime:0.000756s ]
INFO: [ app_begin ] --END-- [ RunTime:0.000850s ]
SQL: SHOW COLUMNS FROM `content` [ RunTime:0.0145s ]
SQL: select u1.user_id,u2.user_id,u2.user_name,c.content_message,c.content_time from users u1 join content c on u1.user_id = c.content_sender_id join users u2 on c.content_Receiver_id = u2.user_id where u2.user_id = 2 and c.content_state = 0 order by u2.user_id; [ RunTime:0.0009s ]
INFO: [ app_end ] --START--
INFO: Run Behavior\ShowPageTraceBehavior [ RunTime:0.000985s ]
INFO: [ app_end ] --END-- [ RunTime:0.001082s ]

[ 2015-06-04T23:40:35+08:00 ] 127.0.0.1 /index.php/Home/Content/getMessage
INFO: [ app_init ] --START--
INFO: Run Behavior\BuildLiteBehavior [ RunTime:0.000022s ]
INFO: [ app_init ] --END-- [ RunTime:0.001102s ]
INFO: [ app_begin ] --START--
INFO: Run Behavior\ReadHtmlCacheBehavior [ RunTime:0.000882s ]
INFO: [ app_begin ] --END-- [ RunTime:0.000955s ]
SQL: SHOW COLUMNS FROM `content` [ RunTime:0.0164s ]
SQL: select u1.user_id,u2.user_id,u2.user_name,c.content_message,c.content_time from users u1 join content c on u1.user_id = c.content_sender_id join users u2 on c.content_Receiver_id = u2.user_id where u2.user_id = 2 and c.content_state = 0 order by u2.user_id; [ RunTime:0.0018s ]
INFO: [ app_end ] --START--
INFO: Run Behavior\ShowPageTraceBehavior [ RunTime:0.000749s ]
INFO: [ app_end ] --END-- [ RunTime:0.000816s ]

[ 2015-06-04T23:40:36+08:00 ] 127.0.0.1 /index.php/Home/Content/getMessage
INFO: [ app_init ] --START--
INFO: Run Behavior\BuildLiteBehavior [ RunTime:0.000036s ]
INFO: [ app_init ] --END-- [ RunTime:0.001030s ]
INFO: [ app_begin ] --START--
INFO: Run Behavior\ReadHtmlCacheBehavior [ RunTime:0.001246s ]
INFO: [ app_begin ] --END-- [ RunTime:0.001395s ]
SQL: SHOW COLUMNS FROM `content` [ RunTime:0.0312s ]
SQL: select u1.user_id,u2.user_id,u2.user_name,c.content_message,c.content_time from users u1 join content c on u1.user_id = c.content_sender_id join users u2 on c.content_Receiver_id = u2.user_id where u2.user_id = 2 and c.content_state = 0 order by u2.user_id; [ RunTime:0.0014s ]
INFO: [ app_end ] --START--
INFO: Run Behavior\ShowPageTraceBehavior [ RunTime:0.001532s ]
INFO: [ app_end ] --END-- [ RunTime:0.001669s ]

[ 2015-06-04T23:40:37+08:00 ] 127.0.0.1 /index.php/Home/Content/getMessage
INFO: [ app_init ] --START--
INFO: Run Behavior\BuildLiteBehavior [ RunTime:0.000014s ]
INFO: [ app_init ] --END-- [ RunTime:0.000362s ]
INFO: [ app_begin ] --START--
INFO: Run Behavior\ReadHtmlCacheBehavior [ RunTime:0.001607s ]
INFO: [ app_begin ] --END-- [ RunTime:0.001700s ]
SQL: SHOW COLUMNS FROM `content` [ RunTime:0.0158s ]
SQL: select u1.user_id,u2.user_id,u2.user_name,c.content_message,c.content_time from users u1 join content c on u1.user_id = c.content_sender_id join users u2 on c.content_Receiver_id = u2.user_id where u2.user_id = 2 and c.content_state = 0 order by u2.user_id; [ RunTime:0.0011s ]
INFO: [ app_end ] --START--
INFO: Run Behavior\ShowPageTraceBehavior [ RunTime:0.001323s ]
INFO: [ app_end ] --END-- [ RunTime:0.001430s ]

[ 2015-06-04T23:40:39+08:00 ] 127.0.0.1 /index.php/Home/Content/getMessage
INFO: [ app_init ] --START--
INFO: Run Behavior\BuildLiteBehavior [ RunTime:0.000031s ]
INFO: [ app_init ] --END-- [ RunTime:0.000811s ]
INFO: [ app_begin ] --START--
INFO: Run Behavior\ReadHtmlCacheBehavior [ RunTime:0.001195s ]
INFO: [ app_begin ] --END-- [ RunTime:0.001340s ]
SQL: SHOW COLUMNS FROM `content` [ RunTime:0.0144s ]
SQL: select u1.user_id,u2.user_id,u2.user_name,c.content_message,c.content_time from users u1 join content c on u1.user_id = c.content_sender_id join users u2 on c.content_Receiver_id = u2.user_id where u2.user_id = 2 and c.content_state = 0 order by u2.user_id; [ RunTime:0.0007s ]
INFO: [ app_end ] --START--
INFO: Run Behavior\ShowPageTraceBehavior [ RunTime:0.000949s ]
INFO: [ app_end ] --END-- [ RunTime:0.001043s ]

[ 2015-06-04T23:40:39+08:00 ] 127.0.0.1 /index.php/Home/Content/getMessage
INFO: [ app_init ] --START--
INFO: Run Behavior\BuildLiteBehavior [ RunTime:0.000021s ]
INFO: [ app_init ] --END-- [ RunTime:0.000553s ]
INFO: [ app_begin ] --START--
INFO: Run Behavior\ReadHtmlCacheBehavior [ RunTime:0.001103s ]
INFO: [ app_begin ] --END-- [ RunTime:0.001229s ]
SQL: SHOW COLUMNS FROM `content` [ RunTime:0.0240s ]
SQL: select u1.user_id,u2.user_id,u2.user_name,c.content_message,c.content_time from users u1 join content c on u1.user_id = c.content_sender_id join users u2 on c.content_Receiver_id = u2.user_id where u2.user_id = 2 and c.content_state = 0 order by u2.user_id; [ RunTime:0.0011s ]
INFO: [ app_end ] --START--
INFO: Run Behavior\ShowPageTraceBehavior [ RunTime:0.001240s ]
INFO: [ app_end ] --END-- [ RunTime:0.001373s ]

[ 2015-06-04T23:40:41+08:00 ] 127.0.0.1 /index.php/Home/Content/getMessage
INFO: [ app_init ] --START--
INFO: Run Behavior\BuildLiteBehavior [ RunTime:0.000032s ]
INFO: [ app_init ] --END-- [ RunTime:0.000950s ]
INFO: [ app_begin ] --START--
INFO: Run Behavior\ReadHtmlCacheBehavior [ RunTime:0.001253s ]
INFO: [ app_begin ] --END-- [ RunTime:0.001391s ]
SQL: SHOW COLUMNS FROM `content` [ RunTime:0.0510s ]
SQL: select u1.user_id,u2.user_id,u2.user_name,c.content_message,c.content_time from users u1 join content c on u1.user_id = c.content_sender_id join users u2 on c.content_Receiver_id = u2.user_id where u2.user_id = 2 and c.content_state = 0 order by u2.user_id; [ RunTime:0.0013s ]
INFO: [ app_end ] --START--
INFO: Run Behavior\ShowPageTraceBehavior [ RunTime:0.001913s ]
INFO: [ app_end ] --END-- [ RunTime:0.002057s ]

[ 2015-06-04T23:40:41+08:00 ] 127.0.0.1 /index.php/Home/Content/getMessage
INFO: [ app_init ] --START--
INFO: Run Behavior\BuildLiteBehavior [ RunTime:0.000020s ]
INFO: [ app_init ] --END-- [ RunTime:0.000831s ]
INFO: [ app_begin ] --START--
INFO: Run Behavior\ReadHtmlCacheBehavior [ RunTime:0.000712s ]
INFO: [ app_begin ] --END-- [ RunTime:0.000813s ]
SQL: SHOW COLUMNS FROM `content` [ RunTime:0.0303s ]
SQL: select u1.user_id,u2.user_id,u2.user_name,c.content_message,c.content_time from users u1 join content c on u1.user_id = c.content_sender_id join users u2 on c.content_Receiver_id = u2.user_id where u2.user_id = 2 and c.content_state = 0 order by u2.user_id; [ RunTime:0.0008s ]
INFO: [ app_end ] --START--
INFO: Run Behavior\ShowPageTraceBehavior [ RunTime:0.000953s ]
INFO: [ app_end ] --END-- [ RunTime:0.001041s ]

[ 2015-06-04T23:40:42+08:00 ] 127.0.0.1 /index.php/Home/Content/getMessage
INFO: [ app_init ] --START--
INFO: Run Behavior\BuildLiteBehavior [ RunTime:0.000083s ]
INFO: [ app_init ] --END-- [ RunTime:0.000960s ]
INFO: [ app_begin ] --START--
INFO: Run Behavior\ReadHtmlCacheBehavior [ RunTime:0.001215s ]
INFO: [ app_begin ] --END-- [ RunTime:0.001389s ]
SQL: SHOW COLUMNS FROM `content` [ RunTime:0.0177s ]
SQL: select u1.user_id,u2.user_id,u2.user_name,c.content_message,c.content_time from users u1 join content c on u1.user_id = c.content_sender_id join users u2 on c.content_Receiver_id = u2.user_id where u2.user_id = 2 and c.content_state = 0 order by u2.user_id; [ RunTime:0.0009s ]
INFO: [ app_end ] --START--
INFO: Run Behavior\ShowPageTraceBehavior [ RunTime:0.001089s ]
INFO: [ app_end ] --END-- [ RunTime:0.001205s ]

[ 2015-06-04T23:40:43+08:00 ] 127.0.0.1 /index.php/Home/Content/getMessage
INFO: [ app_init ] --START--
INFO: Run Behavior\BuildLiteBehavior [ RunTime:0.000051s ]
INFO: [ app_init ] --END-- [ RunTime:0.001551s ]
INFO: [ app_begin ] --START--
INFO: Run Behavior\ReadHtmlCacheBehavior [ RunTime:0.002068s ]
INFO: [ app_begin ] --END-- [ RunTime:0.002300s ]
SQL: SHOW COLUMNS FROM `content` [ RunTime:0.0161s ]
SQL: select u1.user_id,u2.user_id,u2.user_name,c.content_message,c.content_time from users u1 join content c on u1.user_id = c.content_sender_id join users u2 on c.content_Receiver_id = u2.user_id where u2.user_id = 2 and c.content_state = 0 order by u2.user_id; [ RunTime:0.0007s ]
INFO: [ app_end ] --START--
INFO: Run Behavior\ShowPageTraceBehavior [ RunTime:0.000895s ]
INFO: [ app_end ] --END-- [ RunTime:0.000985s ]

[ 2015-06-04T23:40:45+08:00 ] 127.0.0.1 /index.php/Home/Content/getMessage
INFO: [ app_init ] --START--
INFO: Run Behavior\BuildLiteBehavior [ RunTime:0.000013s ]
INFO: [ app_init ] --END-- [ RunTime:0.000392s ]
INFO: [ app_begin ] --START--
INFO: Run Behavior\ReadHtmlCacheBehavior [ RunTime:0.000639s ]
INFO: [ app_begin ] --END-- [ RunTime:0.000696s ]
SQL: SHOW COLUMNS FROM `content` [ RunTime:0.0281s ]
SQL: select u1.user_id,u2.user_id,u2.user_name,c.content_message,c.content_time from users u1 join content c on u1.user_id = c.content_sender_id join users u2 on c.content_Receiver_id = u2.user_id where u2.user_id = 2 and c.content_state = 0 order by u2.user_id; [ RunTime:0.0014s ]
INFO: [ app_end ] --START--
INFO: Run Behavior\ShowPageTraceBehavior [ RunTime:0.001996s ]
INFO: [ app_end ] --END-- [ RunTime:0.002141s ]

[ 2015-06-04T23:40:45+08:00 ] 127.0.0.1 /index.php/Home/Friends/addFriend
INFO: [ app_init ] --START--
INFO: Run Behavior\BuildLiteBehavior [ RunTime:0.000028s ]
INFO: [ app_init ] --END-- [ RunTime:0.000585s ]
INFO: [ app_begin ] --START--
INFO: Run Behavior\ReadHtmlCacheBehavior [ RunTime:0.000710s ]
INFO: [ app_begin ] --END-- [ RunTime:0.000802s ]
SQL: SHOW COLUMNS FROM `friends` [ RunTime:0.1552s ]
SQL: SELECT * FROM `friends` WHERE ( user_id = '2' and friend_user_id = '1' )  [ RunTime:0.0437s ]
INFO: [ app_end ] --START--
INFO: Run Behavior\ShowPageTraceBehavior [ RunTime:0.001163s ]
INFO: [ app_end ] --END-- [ RunTime:0.001261s ]

[ 2015-06-04T23:40:46+08:00 ] 127.0.0.1 /index.php/Home/Content/getMessage
INFO: [ app_init ] --START--
INFO: Run Behavior\BuildLiteBehavior [ RunTime:0.000021s ]
INFO: [ app_init ] --END-- [ RunTime:0.000532s ]
INFO: [ app_begin ] --START--
INFO: Run Behavior\ReadHtmlCacheBehavior [ RunTime:0.000719s ]
INFO: [ app_begin ] --END-- [ RunTime:0.001184s ]
SQL: SHOW COLUMNS FROM `content` [ RunTime:0.0192s ]
SQL: select u1.user_id,u2.user_id,u2.user_name,c.content_message,c.content_time from users u1 join content c on u1.user_id = c.content_sender_id join users u2 on c.content_Receiver_id = u2.user_id where u2.user_id = 2 and c.content_state = 0 order by u2.user_id; [ RunTime:0.0008s ]
INFO: [ app_end ] --START--
INFO: Run Behavior\ShowPageTraceBehavior [ RunTime:0.000855s ]
INFO: [ app_end ] --END-- [ RunTime:0.000940s ]

[ 2015-06-04T23:40:47+08:00 ] 127.0.0.1 /index.php/Home/Content/getMessage
INFO: [ app_init ] --START--
INFO: Run Behavior\BuildLiteBehavior [ RunTime:0.000022s ]
INFO: [ app_init ] --END-- [ RunTime:0.000531s ]
INFO: [ app_begin ] --START--
INFO: Run Behavior\ReadHtmlCacheBehavior [ RunTime:0.000718s ]
INFO: [ app_begin ] --END-- [ RunTime:0.000806s ]
SQL: SHOW COLUMNS FROM `content` [ RunTime:0.0324s ]
SQL: select u1.user_id,u2.user_id,u2.user_name,c.content_message,c.content_time from users u1 join content c on u1.user_id = c.content_sender_id join users u2 on c.content_Receiver_id = u2.user_id where u2.user_id = 2 and c.content_state = 0 order by u2.user_id; [ RunTime:0.0010s ]
INFO: [ app_end ] --START--
INFO: Run Behavior\ShowPageTraceBehavior [ RunTime:0.000914s ]
INFO: [ app_end ] --END-- [ RunTime:0.001008s ]

[ 2015-06-04T23:40:47+08:00 ] 127.0.0.1 /index.php/Home/Content/getMessage
INFO: [ app_init ] --START--
INFO: Run Behavior\BuildLiteBehavior [ RunTime:0.000018s ]
INFO: [ app_init ] --END-- [ RunTime:0.000471s ]
INFO: [ app_begin ] --START--
INFO: Run Behavior\ReadHtmlCacheBehavior [ RunTime:0.000467s ]
INFO: [ app_begin ] --END-- [ RunTime:0.000523s ]
SQL: SHOW COLUMNS FROM `content` [ RunTime:0.0085s ]
SQL: select u1.user_id,u2.user_id,u2.user_name,c.content_message,c.content_time from users u1 join content c on u1.user_id = c.content_sender_id join users u2 on c.content_Receiver_id = u2.user_id where u2.user_id = 2 and c.content_state = 0 order by u2.user_id; [ RunTime:0.0006s ]
INFO: [ app_end ] --START--
INFO: Run Behavior\ShowPageTraceBehavior [ RunTime:0.000666s ]
INFO: [ app_end ] --END-- [ RunTime:0.000727s ]

[ 2015-06-04T23:40:49+08:00 ] 127.0.0.1 /index.php/Home/Content/getMessage
INFO: [ app_init ] --START--
INFO: Run Behavior\BuildLiteBehavior [ RunTime:0.000032s ]
INFO: [ app_init ] --END-- [ RunTime:0.000932s ]
INFO: [ app_begin ] --START--
INFO: Run Behavior\ReadHtmlCacheBehavior [ RunTime:0.000725s ]
INFO: [ app_begin ] --END-- [ RunTime:0.000823s ]
SQL: SHOW COLUMNS FROM `content` [ RunTime:0.0166s ]
SQL: select u1.user_id,u2.user_id,u2.user_name,c.content_message,c.content_time from users u1 join content c on u1.user_id = c.content_sender_id join users u2 on c.content_Receiver_id = u2.user_id where u2.user_id = 2 and c.content_state = 0 order by u2.user_id; [ RunTime:0.0008s ]
INFO: [ app_end ] --START--
INFO: Run Behavior\ShowPageTraceBehavior [ RunTime:0.000966s ]
INFO: [ app_end ] --END-- [ RunTime:0.001054s ]

[ 2015-06-04T23:40:50+08:00 ] 127.0.0.1 /index.php/Home/Content/getMessage
INFO: [ app_init ] --START--
INFO: Run Behavior\BuildLiteBehavior [ RunTime:0.000022s ]
INFO: [ app_init ] --END-- [ RunTime:0.000559s ]
INFO: [ app_begin ] --START--
INFO: Run Behavior\ReadHtmlCacheBehavior [ RunTime:0.000759s ]
INFO: [ app_begin ] --END-- [ RunTime:0.000857s ]
SQL: SHOW COLUMNS FROM `content` [ RunTime:0.0249s ]
SQL: select u1.user_id,u2.user_id,u2.user_name,c.content_message,c.content_time from users u1 join content c on u1.user_id = c.content_sender_id join users u2 on c.content_Receiver_id = u2.user_id where u2.user_id = 2 and c.content_state = 0 order by u2.user_id; [ RunTime:0.0009s ]
INFO: [ app_end ] --START--
INFO: Run Behavior\ShowPageTraceBehavior [ RunTime:0.000964s ]
INFO: [ app_end ] --END-- [ RunTime:0.001071s ]

[ 2015-06-04T23:40:51+08:00 ] 127.0.0.1 /index.php/Home/Content/getMessage
INFO: [ app_init ] --START--
INFO: Run Behavior\BuildLiteBehavior [ RunTime:0.000049s ]
INFO: [ app_init ] --END-- [ RunTime:0.000928s ]
INFO: [ app_begin ] --START--
INFO: Run Behavior\ReadHtmlCacheBehavior [ RunTime:0.001588s ]
INFO: [ app_begin ] --END-- [ RunTime:0.001762s ]
SQL: SHOW COLUMNS FROM `content` [ RunTime:0.0331s ]
SQL: select u1.user_id,u2.user_id,u2.user_name,c.content_message,c.content_time from users u1 join content c on u1.user_id = c.content_sender_id join users u2 on c.content_Receiver_id = u2.user_id where u2.user_id = 2 and c.content_state = 0 order by u2.user_id; [ RunTime:0.0010s ]
INFO: [ app_end ] --START--
INFO: Run Behavior\ShowPageTraceBehavior [ RunTime:0.001338s ]
INFO: [ app_end ] --END-- [ RunTime:0.001584s ]

[ 2015-06-04T23:40:52+08:00 ] 127.0.0.1 /index.php/Home/Content/getMessage
INFO: [ app_init ] --START--
INFO: Run Behavior\BuildLiteBehavior [ RunTime:0.000032s ]
INFO: [ app_init ] --END-- [ RunTime:0.000576s ]
INFO: [ app_begin ] --START--
INFO: Run Behavior\ReadHtmlCacheBehavior [ RunTime:0.000822s ]
INFO: [ app_begin ] --END-- [ RunTime:0.000920s ]
SQL: SHOW COLUMNS FROM `content` [ RunTime:0.0276s ]
SQL: select u1.user_id,u2.user_id,u2.user_name,c.content_message,c.content_time from users u1 join content c on u1.user_id = c.content_sender_id join users u2 on c.content_Receiver_id = u2.user_id where u2.user_id = 2 and c.content_state = 0 order by u2.user_id; [ RunTime:0.0009s ]
INFO: [ app_end ] --START--
INFO: Run Behavior\ShowPageTraceBehavior [ RunTime:0.001394s ]
INFO: [ app_end ] --END-- [ RunTime:0.001488s ]

[ 2015-06-04T23:40:53+08:00 ] 127.0.0.1 /index.php/Home/Content/getMessage
INFO: [ app_init ] --START--
INFO: Run Behavior\BuildLiteBehavior [ RunTime:0.000020s ]
INFO: [ app_init ] --END-- [ RunTime:0.000665s ]
INFO: [ app_begin ] --START--
INFO: Run Behavior\ReadHtmlCacheBehavior [ RunTime:0.000830s ]
INFO: [ app_begin ] --END-- [ RunTime:0.000938s ]
SQL: SHOW COLUMNS FROM `content` [ RunTime:0.0177s ]
SQL: select u1.user_id,u2.user_id,u2.user_name,c.content_message,c.content_time from users u1 join content c on u1.user_id = c.content_sender_id join users u2 on c.content_Receiver_id = u2.user_id where u2.user_id = 2 and c.content_state = 0 order by u2.user_id; [ RunTime:0.0009s ]
INFO: [ app_end ] --START--
INFO: Run Behavior\ShowPageTraceBehavior [ RunTime:0.000997s ]
INFO: [ app_end ] --END-- [ RunTime:0.001094s ]

[ 2015-06-04T23:40:54+08:00 ] 127.0.0.1 /index.php/Home/Content/getMessage
INFO: [ app_init ] --START--
INFO: Run Behavior\BuildLiteBehavior [ RunTime:0.000043s ]
INFO: [ app_init ] --END-- [ RunTime:0.000911s ]
INFO: [ app_begin ] --START--
INFO: Run Behavior\ReadHtmlCacheBehavior [ RunTime:0.001185s ]
INFO: [ app_begin ] --END-- [ RunTime:0.001319s ]
SQL: SHOW COLUMNS FROM `content` [ RunTime:0.0275s ]
SQL: select u1.user_id,u2.user_id,u2.user_name,c.content_message,c.content_time from users u1 join content c on u1.user_id = c.content_sender_id join users u2 on c.content_Receiver_id = u2.user_id where u2.user_id = 2 and c.content_state = 0 order by u2.user_id; [ RunTime:0.0013s ]
INFO: [ app_end ] --START--
INFO: Run Behavior\ShowPageTraceBehavior [ RunTime:0.001555s ]
INFO: [ app_end ] --END-- [ RunTime:0.001696s ]

[ 2015-06-04T23:40:55+08:00 ] 127.0.0.1 /index.php/Home/Content/getMessage
INFO: [ app_init ] --START--
INFO: Run Behavior\BuildLiteBehavior [ RunTime:0.000045s ]
INFO: [ app_init ] --END-- [ RunTime:0.000940s ]
INFO: [ app_begin ] --START--
INFO: Run Behavior\ReadHtmlCacheBehavior [ RunTime:0.001204s ]
INFO: [ app_begin ] --END-- [ RunTime:0.001374s ]
SQL: SHOW COLUMNS FROM `content` [ RunTime:0.0273s ]
SQL: select u1.user_id,u2.user_id,u2.user_name,c.content_message,c.content_time from users u1 join content c on u1.user_id = c.content_sender_id join users u2 on c.content_Receiver_id = u2.user_id where u2.user_id = 2 and c.content_state = 0 order by u2.user_id; [ RunTime:0.0014s ]
INFO: [ app_end ] --START--
INFO: Run Behavior\ShowPageTraceBehavior [ RunTime:0.001612s ]
INFO: [ app_end ] --END-- [ RunTime:0.001753s ]

[ 2015-06-04T23:40:56+08:00 ] 127.0.0.1 /index.php/Home/Content/getMessage
INFO: [ app_init ] --START--
INFO: Run Behavior\BuildLiteBehavior [ RunTime:0.000021s ]
INFO: [ app_init ] --END-- [ RunTime:0.000538s ]
INFO: [ app_begin ] --START--
INFO: Run Behavior\ReadHtmlCacheBehavior [ RunTime:0.000749s ]
INFO: [ app_begin ] --END-- [ RunTime:0.000844s ]
SQL: SHOW COLUMNS FROM `content` [ RunTime:0.0128s ]
SQL: select u1.user_id,u2.user_id,u2.user_name,c.content_message,c.content_time from users u1 join content c on u1.user_id = c.content_sender_id join users u2 on c.content_Receiver_id = u2.user_id where u2.user_id = 2 and c.content_state = 0 order by u2.user_id; [ RunTime:0.0006s ]
INFO: [ app_end ] --START--
INFO: Run Behavior\ShowPageTraceBehavior [ RunTime:0.000622s ]
INFO: [ app_end ] --END-- [ RunTime:0.000679s ]

[ 2015-06-04T23:40:57+08:00 ] 127.0.0.1 /index.php/Home/Content/getMessage
INFO: [ app_init ] --START--
INFO: Run Behavior\BuildLiteBehavior [ RunTime:0.000031s ]
INFO: [ app_init ] --END-- [ RunTime:0.000952s ]
INFO: [ app_begin ] --START--
INFO: Run Behavior\ReadHtmlCacheBehavior [ RunTime:0.001254s ]
INFO: [ app_begin ] --END-- [ RunTime:0.001388s ]
SQL: SHOW COLUMNS FROM `content` [ RunTime:0.0274s ]
SQL: select u1.user_id,u2.user_id,u2.user_name,c.content_message,c.content_time from users u1 join content c on u1.user_id = c.content_sender_id join users u2 on c.content_Receiver_id = u2.user_id where u2.user_id = 2 and c.content_state = 0 order by u2.user_id; [ RunTime:0.0014s ]
INFO: [ app_end ] --START--
INFO: Run Behavior\ShowPageTraceBehavior [ RunTime:0.001582s ]
INFO: [ app_end ] --END-- [ RunTime:0.001751s ]

[ 2015-06-04T23:40:58+08:00 ] 127.0.0.1 /index.php/Home/Content/getMessage
INFO: [ app_init ] --START--
INFO: Run Behavior\BuildLiteBehavior [ RunTime:0.000038s ]
INFO: [ app_init ] --END-- [ RunTime:0.000949s ]
INFO: [ app_begin ] --START--
INFO: Run Behavior\ReadHtmlCacheBehavior [ RunTime:0.001353s ]
INFO: [ app_begin ] --END-- [ RunTime:0.001508s ]
SQL: SHOW COLUMNS FROM `content` [ RunTime:0.0270s ]
SQL: select u1.user_id,u2.user_id,u2.user_name,c.content_message,c.content_time from users u1 join content c on u1.user_id = c.content_sender_id join users u2 on c.content_Receiver_id = u2.user_id where u2.user_id = 2 and c.content_state = 0 order by u2.user_id; [ RunTime:0.0013s ]
INFO: [ app_end ] --START--
INFO: Run Behavior\ShowPageTraceBehavior [ RunTime:0.001476s ]
INFO: [ app_end ] --END-- [ RunTime:0.001624s ]

[ 2015-06-04T23:40:59+08:00 ] 127.0.0.1 /index.php/Home/Content/getMessage
INFO: [ app_init ] --START--
INFO: Run Behavior\BuildLiteBehavior [ RunTime:0.000046s ]
INFO: [ app_init ] --END-- [ RunTime:0.001228s ]
INFO: [ app_begin ] --START--
INFO: Run Behavior\ReadHtmlCacheBehavior [ RunTime:0.001528s ]
INFO: [ app_begin ] --END-- [ RunTime:0.001682s ]
SQL: SHOW COLUMNS FROM `content` [ RunTime:0.0147s ]
SQL: select u1.user_id,u2.user_id,u2.user_name,c.content_message,c.content_time from users u1 join content c on u1.user_id = c.content_sender_id join users u2 on c.content_Receiver_id = u2.user_id where u2.user_id = 2 and c.content_state = 0 order by u2.user_id; [ RunTime:0.0007s ]
INFO: [ app_end ] --START--
INFO: Run Behavior\ShowPageTraceBehavior [ RunTime:0.000900s ]
INFO: [ app_end ] --END-- [ RunTime:0.000990s ]

[ 2015-06-04T23:41:00+08:00 ] 127.0.0.1 /index.php/Home/Content/getMessage
INFO: [ app_init ] --START--
INFO: Run Behavior\BuildLiteBehavior [ RunTime:0.000030s ]
INFO: [ app_init ] --END-- [ RunTime:0.001016s ]
INFO: [ app_begin ] --START--
INFO: Run Behavior\ReadHtmlCacheBehavior [ RunTime:0.001505s ]
INFO: [ app_begin ] --END-- [ RunTime:0.001670s ]
SQL: SHOW COLUMNS FROM `content` [ RunTime:0.0209s ]
SQL: select u1.user_id,u2.user_id,u2.user_name,c.content_message,c.content_time from users u1 join content c on u1.user_id = c.content_sender_id join users u2 on c.content_Receiver_id = u2.user_id where u2.user_id = 2 and c.content_state = 0 order by u2.user_id; [ RunTime:0.0007s ]
INFO: [ app_end ] --START--
INFO: Run Behavior\ShowPageTraceBehavior [ RunTime:0.000941s ]
INFO: [ app_end ] --END-- [ RunTime:0.001027s ]

[ 2015-06-04T23:41:01+08:00 ] 127.0.0.1 /index.php/Home/Content/getMessage
INFO: [ app_init ] --START--
INFO: Run Behavior\BuildLiteBehavior [ RunTime:0.000047s ]
INFO: [ app_init ] --END-- [ RunTime:0.001586s ]
INFO: [ app_begin ] --START--
INFO: Run Behavior\ReadHtmlCacheBehavior [ RunTime:0.001197s ]
INFO: [ app_begin ] --END-- [ RunTime:0.001332s ]
SQL: SHOW COLUMNS FROM `content` [ RunTime:0.0177s ]
SQL: select u1.user_id,u2.user_id,u2.user_name,c.content_message,c.content_time from users u1 join content c on u1.user_id = c.content_sender_id join users u2 on c.content_Receiver_id = u2.user_id where u2.user_id = 2 and c.content_state = 0 order by u2.user_id; [ RunTime:0.0006s ]
INFO: [ app_end ] --START--
INFO: Run Behavior\ShowPageTraceBehavior [ RunTime:0.000898s ]
INFO: [ app_end ] --END-- [ RunTime:0.001062s ]

[ 2015-06-04T23:41:02+08:00 ] 127.0.0.1 /index.php/Home/Friends/addFriend
INFO: [ app_init ] --START--
INFO: Run Behavior\BuildLiteBehavior [ RunTime:0.000013s ]
INFO: [ app_init ] --END-- [ RunTime:0.000372s ]
INFO: [ app_begin ] --START--
INFO: Run Behavior\ReadHtmlCacheBehavior [ RunTime:0.000478s ]
INFO: [ app_begin ] --END-- [ RunTime:0.000532s ]

[ 2015-06-04T23:41:02+08:00 ] 127.0.0.1 /index.php/Home/Content/getMessage
INFO: [ app_init ] --START--
INFO: Run Behavior\BuildLiteBehavior [ RunTime:0.000022s ]
INFO: [ app_init ] --END-- [ RunTime:0.000504s ]
INFO: [ app_begin ] --START--
INFO: Run Behavior\ReadHtmlCacheBehavior [ RunTime:0.000731s ]
INFO: [ app_begin ] --END-- [ RunTime:0.000822s ]
SQL: SHOW COLUMNS FROM `content` [ RunTime:0.0179s ]
SQL: select u1.user_id,u2.user_id,u2.user_name,c.content_message,c.content_time from users u1 join content c on u1.user_id = c.content_sender_id join users u2 on c.content_Receiver_id = u2.user_id where u2.user_id = 2 and c.content_state = 0 order by u2.user_id; [ RunTime:0.0017s ]
INFO: [ app_end ] --START--
INFO: Run Behavior\ShowPageTraceBehavior [ RunTime:0.001211s ]
INFO: [ app_end ] --END-- [ RunTime:0.001314s ]

[ 2015-06-04T23:41:03+08:00 ] 127.0.0.1 /index.php/Home/Content/getMessage
INFO: [ app_init ] --START--
INFO: Run Behavior\BuildLiteBehavior [ RunTime:0.000014s ]
INFO: [ app_init ] --END-- [ RunTime:0.000383s ]
INFO: [ app_begin ] --START--
INFO: Run Behavior\ReadHtmlCacheBehavior [ RunTime:0.000734s ]
INFO: [ app_begin ] --END-- [ RunTime:0.000818s ]
SQL: SHOW COLUMNS FROM `content` [ RunTime:0.0161s ]
SQL: select u1.user_id,u2.user_id,u2.user_name,c.content_message,c.content_time from users u1 join content c on u1.user_id = c.content_sender_id join users u2 on c.content_Receiver_id = u2.user_id where u2.user_id = 2 and c.content_state = 0 order by u2.user_id; [ RunTime:0.0007s ]
INFO: [ app_end ] --START--
INFO: Run Behavior\ShowPageTraceBehavior [ RunTime:0.000685s ]
INFO: [ app_end ] --END-- [ RunTime:0.000742s ]

[ 2015-06-04T23:41:04+08:00 ] 127.0.0.1 /index.php/Home/Content/getMessage
INFO: [ app_init ] --START--
INFO: Run Behavior\BuildLiteBehavior [ RunTime:0.000029s ]
INFO: [ app_init ] --END-- [ RunTime:0.000848s ]
INFO: [ app_begin ] --START--
INFO: Run Behavior\ReadHtmlCacheBehavior [ RunTime:0.001016s ]
INFO: [ app_begin ] --END-- [ RunTime:0.001141s ]
SQL: SHOW COLUMNS FROM `content` [ RunTime:0.0124s ]
SQL: select u1.user_id,u2.user_id,u2.user_name,c.content_message,c.content_time from users u1 join content c on u1.user_id = c.content_sender_id join users u2 on c.content_Receiver_id = u2.user_id where u2.user_id = 2 and c.content_state = 0 order by u2.user_id; [ RunTime:0.0006s ]
INFO: [ app_end ] --START--
INFO: Run Behavior\ShowPageTraceBehavior [ RunTime:0.000751s ]
INFO: [ app_end ] --END-- [ RunTime:0.000814s ]

[ 2015-06-04T23:41:05+08:00 ] 127.0.0.1 /index.php/Home/Content/getMessage
INFO: [ app_init ] --START--
INFO: Run Behavior\BuildLiteBehavior [ RunTime:0.000022s ]
INFO: [ app_init ] --END-- [ RunTime:0.000522s ]
INFO: [ app_begin ] --START--
INFO: Run Behavior\ReadHtmlCacheBehavior [ RunTime:0.000721s ]
INFO: [ app_begin ] --END-- [ RunTime:0.000808s ]
SQL: SHOW COLUMNS FROM `content` [ RunTime:0.0167s ]
SQL: select u1.user_id,u2.user_id,u2.user_name,c.content_message,c.content_time from users u1 join content c on u1.user_id = c.content_sender_id join users u2 on c.content_Receiver_id = u2.user_id where u2.user_id = 2 and c.content_state = 0 order by u2.user_id; [ RunTime:0.0006s ]
INFO: [ app_end ] --START--
INFO: Run Behavior\ShowPageTraceBehavior [ RunTime:0.000661s ]
INFO: [ app_end ] --END-- [ RunTime:0.000729s ]

[ 2015-06-04T23:41:06+08:00 ] 127.0.0.1 /index.php/Home/Content/getMessage
INFO: [ app_init ] --START--
INFO: Run Behavior\BuildLiteBehavior [ RunTime:0.000024s ]
INFO: [ app_init ] --END-- [ RunTime:0.000609s ]
INFO: [ app_begin ] --START--
INFO: Run Behavior\ReadHtmlCacheBehavior [ RunTime:0.000743s ]
INFO: [ app_begin ] --END-- [ RunTime:0.000838s ]
SQL: SHOW COLUMNS FROM `content` [ RunTime:0.0227s ]
SQL: select u1.user_id,u2.user_id,u2.user_name,c.content_message,c.content_time from users u1 join content c on u1.user_id = c.content_sender_id join users u2 on c.content_Receiver_id = u2.user_id where u2.user_id = 2 and c.content_state = 0 order by u2.user_id; [ RunTime:0.0009s ]
INFO: [ app_end ] --START--
INFO: Run Behavior\ShowPageTraceBehavior [ RunTime:0.000961s ]
INFO: [ app_end ] --END-- [ RunTime:0.001059s ]

[ 2015-06-04T23:41:07+08:00 ] 127.0.0.1 /index.php/Home/Content/getMessage
INFO: [ app_init ] --START--
INFO: Run Behavior\BuildLiteBehavior [ RunTime:0.000020s ]
INFO: [ app_init ] --END-- [ RunTime:0.000563s ]
INFO: [ app_begin ] --START--
INFO: Run Behavior\ReadHtmlCacheBehavior [ RunTime:0.000759s ]
INFO: [ app_begin ] --END-- [ RunTime:0.000844s ]
SQL: SHOW COLUMNS FROM `content` [ RunTime:0.0206s ]
SQL: select u1.user_id,u2.user_id,u2.user_name,c.content_message,c.content_time from users u1 join content c on u1.user_id = c.content_sender_id join users u2 on c.content_Receiver_id = u2.user_id where u2.user_id = 2 and c.content_state = 0 order by u2.user_id; [ RunTime:0.0009s ]
INFO: [ app_end ] --START--
INFO: Run Behavior\ShowPageTraceBehavior [ RunTime:0.000992s ]
INFO: [ app_end ] --END-- [ RunTime:0.001081s ]

[ 2015-06-04T23:41:08+08:00 ] 127.0.0.1 /index.php/Home/Content/getMessage
INFO: [ app_init ] --START--
INFO: Run Behavior\BuildLiteBehavior [ RunTime:0.000013s ]
INFO: [ app_init ] --END-- [ RunTime:0.000353s ]
INFO: [ app_begin ] --START--
INFO: Run Behavior\ReadHtmlCacheBehavior [ RunTime:0.000479s ]
INFO: [ app_begin ] --END-- [ RunTime:0.000543s ]
SQL: SHOW COLUMNS FROM `content` [ RunTime:0.0215s ]
SQL: select u1.user_id,u2.user_id,u2.user_name,c.content_message,c.content_time from users u1 join content c on u1.user_id = c.content_sender_id join users u2 on c.content_Receiver_id = u2.user_id where u2.user_id = 2 and c.content_state = 0 order by u2.user_id; [ RunTime:0.0011s ]
INFO: [ app_end ] --START--
INFO: Run Behavior\ShowPageTraceBehavior [ RunTime:0.001076s ]
INFO: [ app_end ] --END-- [ RunTime:0.001181s ]

[ 2015-06-04T23:41:09+08:00 ] 127.0.0.1 /index.php/Home/Content/getMessage
INFO: [ app_init ] --START--
INFO: Run Behavior\BuildLiteBehavior [ RunTime:0.000017s ]
INFO: [ app_init ] --END-- [ RunTime:0.000441s ]
INFO: [ app_begin ] --START--
INFO: Run Behavior\ReadHtmlCacheBehavior [ RunTime:0.000579s ]
INFO: [ app_begin ] --END-- [ RunTime:0.000646s ]
SQL: SHOW COLUMNS FROM `content` [ RunTime:0.0149s ]
SQL: select u1.user_id,u2.user_id,u2.user_name,c.content_message,c.content_time from users u1 join content c on u1.user_id = c.content_sender_id join users u2 on c.content_Receiver_id = u2.user_id where u2.user_id = 2 and c.content_state = 0 order by u2.user_id; [ RunTime:0.0006s ]
INFO: [ app_end ] --START--
INFO: Run Behavior\ShowPageTraceBehavior [ RunTime:0.000672s ]
INFO: [ app_end ] --END-- [ RunTime:0.000736s ]

[ 2015-06-04T23:41:10+08:00 ] 127.0.0.1 /index.php/Home/Content/getMessage
INFO: [ app_init ] --START--
INFO: Run Behavior\BuildLiteBehavior [ RunTime:0.000014s ]
INFO: [ app_init ] --END-- [ RunTime:0.001088s ]
INFO: [ app_begin ] --START--
INFO: Run Behavior\ReadHtmlCacheBehavior [ RunTime:0.000482s ]
INFO: [ app_begin ] --END-- [ RunTime:0.000536s ]
SQL: SHOW COLUMNS FROM `content` [ RunTime:0.0212s ]
SQL: select u1.user_id,u2.user_id,u2.user_name,c.content_message,c.content_time from users u1 join content c on u1.user_id = c.content_sender_id join users u2 on c.content_Receiver_id = u2.user_id where u2.user_id = 2 and c.content_state = 0 order by u2.user_id; [ RunTime:0.0008s ]
INFO: [ app_end ] --START--
INFO: Run Behavior\ShowPageTraceBehavior [ RunTime:0.000943s ]
INFO: [ app_end ] --END-- [ RunTime:0.001043s ]

[ 2015-06-04T23:41:10+08:00 ] 127.0.0.1 /index.php/Home/Users/logout
INFO: [ app_init ] --START--
INFO: Run Behavior\BuildLiteBehavior [ RunTime:0.000023s ]
INFO: [ app_init ] --END-- [ RunTime:0.000593s ]
INFO: [ app_begin ] --START--
INFO: Run Behavior\ReadHtmlCacheBehavior [ RunTime:0.000576s ]
INFO: [ app_begin ] --END-- [ RunTime:0.000645s ]
SQL: UPDATE `users` SET `user_state`='0' WHERE ( user_id = 2 ) [ RunTime:0.0832s ]
INFO: [ app_end ] --START--
INFO: Run Behavior\ShowPageTraceBehavior [ RunTime:0.000678s ]
INFO: [ app_end ] --END-- [ RunTime:0.000749s ]

